2023-03-15 20:23:10.822  INFO DESKTOP-S8A3V6O --- [kground-preinit] o.h.v.i.u.Version                        : HV000001: Hibernate Validator 8.0.0.Final
2023-03-15 20:23:10.933  INFO DESKTOP-S8A3V6O --- [  restartedMain] c.e.l.Lr1Application                     : Starting Lr1Application using Java 19.0.2 with PID 9584 (D:\Work\javalabs\lr1\target\classes started by Lenovo in D:\Work\javalabs\lr1)
2023-03-15 20:23:10.940  INFO DESKTOP-S8A3V6O --- [  restartedMain] c.e.l.Lr1Application                     : No active profile set, falling back to 1 default profile: "default"
2023-03-15 20:23:11.038  INFO DESKTOP-S8A3V6O --- [  restartedMain] .e.DevToolsPropertyDefaultsPostProcessor : Devtools property defaults active! Set 'spring.devtools.add-properties' to 'false' to disable
2023-03-15 20:23:11.039  INFO DESKTOP-S8A3V6O --- [  restartedMain] .e.DevToolsPropertyDefaultsPostProcessor : For additional web related logging consider setting the 'logging.level.web' property to 'DEBUG'
2023-03-15 20:23:12.926  INFO DESKTOP-S8A3V6O --- [  restartedMain] o.s.c.c.s.GenericScope                   : BeanFactory id=6c6003bb-202c-3248-8362-7984829bc22e
2023-03-15 20:23:13.418  INFO DESKTOP-S8A3V6O --- [  restartedMain] o.s.b.w.e.t.TomcatWebServer              : Tomcat initialized with port(s): 8080 (http)
2023-03-15 20:23:13.437  INFO DESKTOP-S8A3V6O --- [  restartedMain] o.a.c.h.Http11NioProtocol                : Initializing ProtocolHandler ["http-nio-8080"]
2023-03-15 20:23:13.439  INFO DESKTOP-S8A3V6O --- [  restartedMain] o.a.c.c.StandardService                  : Starting service [Tomcat]
2023-03-15 20:23:13.440  INFO DESKTOP-S8A3V6O --- [  restartedMain] o.a.c.c.StandardEngine                   : Starting Servlet engine: [Apache Tomcat/10.1.5]
2023-03-15 20:23:14.812  INFO DESKTOP-S8A3V6O --- [  restartedMain] o.s.c.g.r.RouteDefinitionRouteLocator    : Loaded RoutePredicateFactory [After]
2023-03-15 20:23:14.814  INFO DESKTOP-S8A3V6O --- [  restartedMain] o.s.c.g.r.RouteDefinitionRouteLocator    : Loaded RoutePredicateFactory [Before]
2023-03-15 20:23:14.815  INFO DESKTOP-S8A3V6O --- [  restartedMain] o.s.c.g.r.RouteDefinitionRouteLocator    : Loaded RoutePredicateFactory [Between]
2023-03-15 20:23:14.817  INFO DESKTOP-S8A3V6O --- [  restartedMain] o.s.c.g.r.RouteDefinitionRouteLocator    : Loaded RoutePredicateFactory [Cookie]
2023-03-15 20:23:14.818  INFO DESKTOP-S8A3V6O --- [  restartedMain] o.s.c.g.r.RouteDefinitionRouteLocator    : Loaded RoutePredicateFactory [Header]
2023-03-15 20:23:14.819  INFO DESKTOP-S8A3V6O --- [  restartedMain] o.s.c.g.r.RouteDefinitionRouteLocator    : Loaded RoutePredicateFactory [Host]
2023-03-15 20:23:14.820  INFO DESKTOP-S8A3V6O --- [  restartedMain] o.s.c.g.r.RouteDefinitionRouteLocator    : Loaded RoutePredicateFactory [Method]
2023-03-15 20:23:14.820  INFO DESKTOP-S8A3V6O --- [  restartedMain] o.s.c.g.r.RouteDefinitionRouteLocator    : Loaded RoutePredicateFactory [Path]
2023-03-15 20:23:14.821  INFO DESKTOP-S8A3V6O --- [  restartedMain] o.s.c.g.r.RouteDefinitionRouteLocator    : Loaded RoutePredicateFactory [Query]
2023-03-15 20:23:14.822  INFO DESKTOP-S8A3V6O --- [  restartedMain] o.s.c.g.r.RouteDefinitionRouteLocator    : Loaded RoutePredicateFactory [ReadBody]
2023-03-15 20:23:14.823  INFO DESKTOP-S8A3V6O --- [  restartedMain] o.s.c.g.r.RouteDefinitionRouteLocator    : Loaded RoutePredicateFactory [RemoteAddr]
2023-03-15 20:23:14.824  INFO DESKTOP-S8A3V6O --- [  restartedMain] o.s.c.g.r.RouteDefinitionRouteLocator    : Loaded RoutePredicateFactory [XForwardedRemoteAddr]
2023-03-15 20:23:14.825  INFO DESKTOP-S8A3V6O --- [  restartedMain] o.s.c.g.r.RouteDefinitionRouteLocator    : Loaded RoutePredicateFactory [Weight]
2023-03-15 20:23:14.826  INFO DESKTOP-S8A3V6O --- [  restartedMain] o.s.c.g.r.RouteDefinitionRouteLocator    : Loaded RoutePredicateFactory [CloudFoundryRouteService]
2023-03-15 20:23:15.408  INFO DESKTOP-S8A3V6O --- [  restartedMain] o.s.b.a.e.w.EndpointLinksResolver        : Exposing 1 endpoint(s) beneath base path '/actuator'
2023-03-15 20:23:15.767  INFO DESKTOP-S8A3V6O --- [  restartedMain] o.s.b.d.a.OptionalLiveReloadServer       : LiveReload server is running on port 35729
2023-03-15 20:23:15.869  INFO DESKTOP-S8A3V6O --- [  restartedMain] o.a.c.h.Http11NioProtocol                : Starting ProtocolHandler ["http-nio-8080"]
2023-03-15 20:23:15.905  INFO DESKTOP-S8A3V6O --- [  restartedMain] o.s.b.w.e.t.TomcatWebServer              : Tomcat started on port(s): 8080 (http) with context path ''
2023-03-15 20:23:16.101  INFO DESKTOP-S8A3V6O --- [  restartedMain] c.e.l.Lr1Application                     : Started Lr1Application in 5.914 seconds (process running for 8.392)
2023-03-15 20:23:44.806  INFO DESKTOP-S8A3V6O --- [nio-8080-exec-1] c.e.l.NumControl                         : Incoming number: 7
2023-03-15 20:23:44.807  INFO DESKTOP-S8A3V6O --- [nio-8080-exec-1] c.e.l.NumControl                         : Generated value: 0
2023-03-15 20:23:44.808  INFO DESKTOP-S8A3V6O --- [nio-8080-exec-1] c.e.l.NumControl                         : Generated value: 2
2023-03-15 20:23:44.809  INFO DESKTOP-S8A3V6O --- [nio-8080-exec-1] c.e.l.NumControl                         : Generated value: 1
2023-03-15 20:23:44.811  INFO DESKTOP-S8A3V6O --- [nio-8080-exec-1] c.e.l.NumControl                         : Generated value: 7
2023-03-15 20:23:44.812  INFO DESKTOP-S8A3V6O --- [nio-8080-exec-1] c.e.l.NumControl                         : Generated value: 0
2023-03-15 22:49:09.044  INFO DESKTOP-S8A3V6O --- [kground-preinit] o.h.v.i.u.Version                        : HV000001: Hibernate Validator 8.0.0.Final
2023-03-15 22:49:09.139  INFO DESKTOP-S8A3V6O --- [  restartedMain] c.e.l.Lr1Application                     : Starting Lr1Application using Java 19.0.2 with PID 8712 (D:\Work\javalabs\lr1\target\classes started by Lenovo in D:\Work\javalabs\lr1)
2023-03-15 22:49:09.145  INFO DESKTOP-S8A3V6O --- [  restartedMain] c.e.l.Lr1Application                     : No active profile set, falling back to 1 default profile: "default"
2023-03-15 22:49:09.230  INFO DESKTOP-S8A3V6O --- [  restartedMain] .e.DevToolsPropertyDefaultsPostProcessor : Devtools property defaults active! Set 'spring.devtools.add-properties' to 'false' to disable
2023-03-15 22:49:09.231  INFO DESKTOP-S8A3V6O --- [  restartedMain] .e.DevToolsPropertyDefaultsPostProcessor : For additional web related logging consider setting the 'logging.level.web' property to 'DEBUG'
2023-03-15 22:49:11.041  INFO DESKTOP-S8A3V6O --- [  restartedMain] o.s.c.c.s.GenericScope                   : BeanFactory id=6c6003bb-202c-3248-8362-7984829bc22e
2023-03-15 22:49:11.490  INFO DESKTOP-S8A3V6O --- [  restartedMain] o.s.b.w.e.t.TomcatWebServer              : Tomcat initialized with port(s): 8080 (http)
2023-03-15 22:49:11.502  INFO DESKTOP-S8A3V6O --- [  restartedMain] o.a.c.h.Http11NioProtocol                : Initializing ProtocolHandler ["http-nio-8080"]
2023-03-15 22:49:11.504  INFO DESKTOP-S8A3V6O --- [  restartedMain] o.a.c.c.StandardService                  : Starting service [Tomcat]
2023-03-15 22:49:11.505  INFO DESKTOP-S8A3V6O --- [  restartedMain] o.a.c.c.StandardEngine                   : Starting Servlet engine: [Apache Tomcat/10.1.5]
2023-03-15 22:49:12.715  INFO DESKTOP-S8A3V6O --- [  restartedMain] o.s.c.g.r.RouteDefinitionRouteLocator    : Loaded RoutePredicateFactory [After]
2023-03-15 22:49:12.716  INFO DESKTOP-S8A3V6O --- [  restartedMain] o.s.c.g.r.RouteDefinitionRouteLocator    : Loaded RoutePredicateFactory [Before]
2023-03-15 22:49:12.717  INFO DESKTOP-S8A3V6O --- [  restartedMain] o.s.c.g.r.RouteDefinitionRouteLocator    : Loaded RoutePredicateFactory [Between]
2023-03-15 22:49:12.718  INFO DESKTOP-S8A3V6O --- [  restartedMain] o.s.c.g.r.RouteDefinitionRouteLocator    : Loaded RoutePredicateFactory [Cookie]
2023-03-15 22:49:12.719  INFO DESKTOP-S8A3V6O --- [  restartedMain] o.s.c.g.r.RouteDefinitionRouteLocator    : Loaded RoutePredicateFactory [Header]
2023-03-15 22:49:12.719  INFO DESKTOP-S8A3V6O --- [  restartedMain] o.s.c.g.r.RouteDefinitionRouteLocator    : Loaded RoutePredicateFactory [Host]
2023-03-15 22:49:12.720  INFO DESKTOP-S8A3V6O --- [  restartedMain] o.s.c.g.r.RouteDefinitionRouteLocator    : Loaded RoutePredicateFactory [Method]
2023-03-15 22:49:12.721  INFO DESKTOP-S8A3V6O --- [  restartedMain] o.s.c.g.r.RouteDefinitionRouteLocator    : Loaded RoutePredicateFactory [Path]
2023-03-15 22:49:12.722  INFO DESKTOP-S8A3V6O --- [  restartedMain] o.s.c.g.r.RouteDefinitionRouteLocator    : Loaded RoutePredicateFactory [Query]
2023-03-15 22:49:12.723  INFO DESKTOP-S8A3V6O --- [  restartedMain] o.s.c.g.r.RouteDefinitionRouteLocator    : Loaded RoutePredicateFactory [ReadBody]
2023-03-15 22:49:12.724  INFO DESKTOP-S8A3V6O --- [  restartedMain] o.s.c.g.r.RouteDefinitionRouteLocator    : Loaded RoutePredicateFactory [RemoteAddr]
2023-03-15 22:49:12.725  INFO DESKTOP-S8A3V6O --- [  restartedMain] o.s.c.g.r.RouteDefinitionRouteLocator    : Loaded RoutePredicateFactory [XForwardedRemoteAddr]
2023-03-15 22:49:12.726  INFO DESKTOP-S8A3V6O --- [  restartedMain] o.s.c.g.r.RouteDefinitionRouteLocator    : Loaded RoutePredicateFactory [Weight]
2023-03-15 22:49:12.727  INFO DESKTOP-S8A3V6O --- [  restartedMain] o.s.c.g.r.RouteDefinitionRouteLocator    : Loaded RoutePredicateFactory [CloudFoundryRouteService]
2023-03-15 22:49:13.306  INFO DESKTOP-S8A3V6O --- [  restartedMain] o.s.b.a.e.w.EndpointLinksResolver        : Exposing 1 endpoint(s) beneath base path '/actuator'
2023-03-15 22:49:13.699  INFO DESKTOP-S8A3V6O --- [  restartedMain] o.s.b.d.a.OptionalLiveReloadServer       : LiveReload server is running on port 35729
2023-03-15 22:49:13.829  INFO DESKTOP-S8A3V6O --- [  restartedMain] o.a.c.h.Http11NioProtocol                : Starting ProtocolHandler ["http-nio-8080"]
2023-03-15 22:49:13.869  INFO DESKTOP-S8A3V6O --- [  restartedMain] o.s.b.w.e.t.TomcatWebServer              : Tomcat started on port(s): 8080 (http) with context path ''
2023-03-15 22:49:14.151  INFO DESKTOP-S8A3V6O --- [  restartedMain] c.e.l.Lr1Application                     : Started Lr1Application in 5.667 seconds (process running for 7.479)
2023-03-15 22:49:23.430  INFO DESKTOP-S8A3V6O --- [nio-8080-exec-1] c.e.l.NumControl                         : Incoming number: 7
2023-03-15 22:49:23.432  INFO DESKTOP-S8A3V6O --- [nio-8080-exec-1] c.e.l.NumControl                         : Generated value: 2
2023-03-15 22:49:23.433  INFO DESKTOP-S8A3V6O --- [nio-8080-exec-1] c.e.l.NumControl                         : Generated value: 6
2023-03-15 22:49:23.434  INFO DESKTOP-S8A3V6O --- [nio-8080-exec-1] c.e.l.NumControl                         : Generated value: 2
2023-03-15 22:49:23.435  INFO DESKTOP-S8A3V6O --- [nio-8080-exec-1] c.e.l.NumControl                         : Generated value: 3
2023-03-15 22:49:23.436  INFO DESKTOP-S8A3V6O --- [nio-8080-exec-1] c.e.l.NumControl                         : Generated value: 6
2023-03-15 22:49:30.323 ERROR DESKTOP-S8A3V6O --- [nio-8080-exec-2] a.w.r.e.AbstractErrorWebExceptionHandler : [1b4b93cc]  500 Server Error for HTTP GET "/number?num=2"
jakarta.validation.ConstraintViolationException: showRandList.num: должно быть не меньше 5
	at org.springframework.validation.beanvalidation.MethodValidationInterceptor.invoke(MethodValidationInterceptor.java:138)
	Suppressed: The stacktrace has been enhanced by Reactor, refer to additional information below: 
Error has been observed at the following site(s):
	*__checkpoint ⇢ org.springframework.web.filter.reactive.ServerWebExchangeContextFilter [DefaultWebFilterChain]
	*__checkpoint ⇢ org.springframework.cloud.gateway.filter.WeightCalculatorWebFilter [DefaultWebFilterChain]
	*__checkpoint ⇢ org.springframework.web.filter.reactive.ServerHttpObservationFilter [DefaultWebFilterChain]
	*__checkpoint ⇢ HTTP GET "/number?num=2" [ExceptionHandlingWebHandler]
Original Stack Trace:
		at org.springframework.validation.beanvalidation.MethodValidationInterceptor.invoke(MethodValidationInterceptor.java:138)
		at org.springframework.aop.framework.ReflectiveMethodInvocation.proceed(ReflectiveMethodInvocation.java:184)
		at org.springframework.aop.framework.CglibAopProxy$CglibMethodInvocation.proceed(CglibAopProxy.java:750)
		at org.springframework.aop.framework.CglibAopProxy$DynamicAdvisedInterceptor.intercept(CglibAopProxy.java:702)
		at com.example.lr1.NumControl$$SpringCGLIB$$0.showRandList(<generated>)
		at java.base/jdk.internal.reflect.DirectMethodHandleAccessor.invoke(DirectMethodHandleAccessor.java:104)
		at java.base/java.lang.reflect.Method.invoke(Method.java:578)
		at org.springframework.web.reactive.result.method.InvocableHandlerMethod.lambda$invoke$0(InvocableHandlerMethod.java:145)
		at reactor.core.publisher.MonoFlatMap$FlatMapMain.onNext(MonoFlatMap.java:132)
		at reactor.core.publisher.MonoZip$ZipCoordinator.signal(MonoZip.java:293)
		at reactor.core.publisher.MonoZip$ZipInner.onNext(MonoZip.java:474)
		at reactor.core.publisher.MonoPeekTerminal$MonoTerminalPeekSubscriber.onNext(MonoPeekTerminal.java:180)
		at reactor.core.publisher.FluxDefaultIfEmpty$DefaultIfEmptySubscriber.onNext(FluxDefaultIfEmpty.java:122)
		at reactor.core.publisher.FluxSwitchIfEmpty$SwitchIfEmptySubscriber.onNext(FluxSwitchIfEmpty.java:74)
		at reactor.core.publisher.Operators$ScalarSubscription.request(Operators.java:2545)
		at reactor.core.publisher.Operators$MultiSubscriptionSubscriber.set(Operators.java:2341)
		at reactor.core.publisher.Operators$MultiSubscriptionSubscriber.onSubscribe(Operators.java:2215)
		at reactor.core.publisher.FluxFlatMap.trySubscribeScalarMap(FluxFlatMap.java:192)
		at reactor.core.publisher.MonoFlatMap.subscribeOrReturn(MonoFlatMap.java:53)
		at reactor.core.publisher.InternalMonoOperator.subscribe(InternalMonoOperator.java:57)
		at reactor.core.publisher.MonoZip$ZipCoordinator.request(MonoZip.java:216)
		at reactor.core.publisher.MonoFlatMap$FlatMapMain.request(MonoFlatMap.java:194)
		at reactor.core.publisher.MonoIgnoreThen$ThenIgnoreMain.onSubscribe(MonoIgnoreThen.java:134)
		at reactor.core.publisher.MonoFlatMap$FlatMapMain.onSubscribe(MonoFlatMap.java:117)
		at reactor.core.publisher.MonoZip.subscribe(MonoZip.java:125)
		at reactor.core.publisher.InternalMonoOperator.subscribe(InternalMonoOperator.java:64)
		at reactor.core.publisher.MonoDefer.subscribe(MonoDefer.java:52)
		at reactor.core.publisher.MonoIgnoreThen$ThenIgnoreMain.subscribeNext(MonoIgnoreThen.java:240)
		at reactor.core.publisher.MonoIgnoreThen$ThenIgnoreMain.onComplete(MonoIgnoreThen.java:203)
		at reactor.core.publisher.MonoFlatMap$FlatMapMain.onComplete(MonoFlatMap.java:189)
		at reactor.core.publisher.Operators.complete(Operators.java:137)
		at reactor.core.publisher.MonoZip.subscribe(MonoZip.java:121)
		at reactor.core.publisher.Mono.subscribe(Mono.java:4485)
		at reactor.core.publisher.MonoIgnoreThen$ThenIgnoreMain.subscribeNext(MonoIgnoreThen.java:263)
		at reactor.core.publisher.MonoIgnoreThen.subscribe(MonoIgnoreThen.java:51)
		at reactor.core.publisher.InternalMonoOperator.subscribe(InternalMonoOperator.java:64)
		at reactor.core.publisher.MonoFlatMap$FlatMapMain.onNext(MonoFlatMap.java:165)
		at reactor.core.publisher.FluxOnErrorResume$ResumeSubscriber.onNext(FluxOnErrorResume.java:79)
		at reactor.core.publisher.FluxSwitchIfEmpty$SwitchIfEmptySubscriber.onNext(FluxSwitchIfEmpty.java:74)
		at reactor.core.publisher.MonoNext$NextSubscriber.onNext(MonoNext.java:82)
		at reactor.core.publisher.FluxConcatMapNoPrefetch$FluxConcatMapNoPrefetchSubscriber.innerNext(FluxConcatMapNoPrefetch.java:258)
		at reactor.core.publisher.FluxConcatMap$ConcatMapInner.onNext(FluxConcatMap.java:863)
		at reactor.core.publisher.FluxMapFuseable$MapFuseableSubscriber.onNext(FluxMapFuseable.java:129)
		at reactor.core.publisher.MonoPeekTerminal$MonoTerminalPeekSubscriber.onNext(MonoPeekTerminal.java:180)
		at reactor.core.publisher.Operators$ScalarSubscription.request(Operators.java:2545)
		at reactor.core.publisher.MonoPeekTerminal$MonoTerminalPeekSubscriber.request(MonoPeekTerminal.java:139)
		at reactor.core.publisher.FluxMapFuseable$MapFuseableSubscriber.request(FluxMapFuseable.java:171)
		at reactor.core.publisher.Operators$MultiSubscriptionSubscriber.request(Operators.java:2305)
		at reactor.core.publisher.FluxConcatMapNoPrefetch$FluxConcatMapNoPrefetchSubscriber.request(FluxConcatMapNoPrefetch.java:338)
		at reactor.core.publisher.MonoNext$NextSubscriber.request(MonoNext.java:108)
		at reactor.core.publisher.Operators$MultiSubscriptionSubscriber.set(Operators.java:2341)
		at reactor.core.publisher.Operators$MultiSubscriptionSubscriber.onSubscribe(Operators.java:2215)
		at reactor.core.publisher.MonoNext$NextSubscriber.onSubscribe(MonoNext.java:70)
		at reactor.core.publisher.FluxConcatMapNoPrefetch$FluxConcatMapNoPrefetchSubscriber.onSubscribe(FluxConcatMapNoPrefetch.java:164)
		at reactor.core.publisher.FluxIterable.subscribe(FluxIterable.java:201)
		at reactor.core.publisher.FluxIterable.subscribe(FluxIterable.java:83)
		at reactor.core.publisher.InternalMonoOperator.subscribe(InternalMonoOperator.java:64)
		at reactor.core.publisher.MonoDefer.subscribe(MonoDefer.java:52)
		at reactor.core.publisher.InternalMonoOperator.subscribe(InternalMonoOperator.java:64)
		at reactor.core.publisher.MonoDefer.subscribe(MonoDefer.java:52)
		at reactor.core.publisher.InternalMonoOperator.subscribe(InternalMonoOperator.java:64)
		at reactor.core.publisher.MonoDefer.subscribe(MonoDefer.java:52)
		at reactor.core.publisher.InternalMonoOperator.subscribe(InternalMonoOperator.java:64)
		at reactor.core.publisher.MonoDefer.subscribe(MonoDefer.java:52)
		at reactor.core.publisher.InternalMonoOperator.subscribe(InternalMonoOperator.java:64)
		at reactor.core.publisher.MonoDefer.subscribe(MonoDefer.java:52)
		at reactor.core.publisher.Mono.subscribe(Mono.java:4485)
		at reactor.core.publisher.MonoIgnoreThen$ThenIgnoreMain.subscribeNext(MonoIgnoreThen.java:263)
		at reactor.core.publisher.MonoIgnoreThen.subscribe(MonoIgnoreThen.java:51)
		at reactor.core.publisher.Mono.subscribe(Mono.java:4485)
		at org.springframework.http.server.reactive.ServletHttpHandlerAdapter.service(ServletHttpHandlerAdapter.java:199)
		at org.apache.catalina.core.ApplicationFilterChain.internalDoFilter(ApplicationFilterChain.java:223)
		at org.apache.catalina.core.ApplicationFilterChain.doFilter(ApplicationFilterChain.java:158)
		at org.apache.tomcat.websocket.server.WsFilter.doFilter(WsFilter.java:53)
		at org.apache.catalina.core.ApplicationFilterChain.internalDoFilter(ApplicationFilterChain.java:185)
		at org.apache.catalina.core.ApplicationFilterChain.doFilter(ApplicationFilterChain.java:158)
		at org.apache.catalina.core.StandardWrapperValve.invoke(StandardWrapperValve.java:177)
		at org.apache.catalina.core.StandardContextValve.invoke(StandardContextValve.java:97)
		at org.apache.catalina.authenticator.AuthenticatorBase.invoke(AuthenticatorBase.java:542)
		at org.apache.catalina.core.StandardHostValve.invoke(StandardHostValve.java:119)
		at org.apache.catalina.valves.ErrorReportValve.invoke(ErrorReportValve.java:92)
		at org.apache.catalina.core.StandardEngineValve.invoke(StandardEngineValve.java:78)
		at org.apache.catalina.connector.CoyoteAdapter.service(CoyoteAdapter.java:357)
		at org.apache.coyote.http11.Http11Processor.service(Http11Processor.java:400)
		at org.apache.coyote.AbstractProcessorLight.process(AbstractProcessorLight.java:65)
		at org.apache.coyote.AbstractProtocol$ConnectionHandler.process(AbstractProtocol.java:859)
		at org.apache.tomcat.util.net.NioEndpoint$SocketProcessor.doRun(NioEndpoint.java:1734)
		at org.apache.tomcat.util.net.SocketProcessorBase.run(SocketProcessorBase.java:52)
		at org.apache.tomcat.util.threads.ThreadPoolExecutor.runWorker(ThreadPoolExecutor.java:1191)
		at org.apache.tomcat.util.threads.ThreadPoolExecutor$Worker.run(ThreadPoolExecutor.java:659)
		at org.apache.tomcat.util.threads.TaskThread$WrappingRunnable.run(TaskThread.java:61)
		at java.base/java.lang.Thread.run(Thread.java:1589)
2023-03-15 22:58:41.202  INFO DESKTOP-S8A3V6O --- [kground-preinit] o.h.v.i.u.Version                        : HV000001: Hibernate Validator 8.0.0.Final
2023-03-15 22:58:41.319  INFO DESKTOP-S8A3V6O --- [  restartedMain] c.e.l.Lr1Application                     : Starting Lr1Application using Java 19.0.2 with PID 10884 (D:\Work\javalabs\lr1\target\classes started by Lenovo in D:\Work\javalabs\lr1)
2023-03-15 22:58:41.326  INFO DESKTOP-S8A3V6O --- [  restartedMain] c.e.l.Lr1Application                     : No active profile set, falling back to 1 default profile: "default"
2023-03-15 22:58:41.406  INFO DESKTOP-S8A3V6O --- [  restartedMain] .e.DevToolsPropertyDefaultsPostProcessor : Devtools property defaults active! Set 'spring.devtools.add-properties' to 'false' to disable
2023-03-15 22:58:41.407  INFO DESKTOP-S8A3V6O --- [  restartedMain] .e.DevToolsPropertyDefaultsPostProcessor : For additional web related logging consider setting the 'logging.level.web' property to 'DEBUG'
2023-03-15 22:58:43.225  INFO DESKTOP-S8A3V6O --- [  restartedMain] o.s.c.c.s.GenericScope                   : BeanFactory id=6c6003bb-202c-3248-8362-7984829bc22e
2023-03-15 22:58:43.678  INFO DESKTOP-S8A3V6O --- [  restartedMain] o.s.b.w.e.t.TomcatWebServer              : Tomcat initialized with port(s): 8080 (http)
2023-03-15 22:58:43.693  INFO DESKTOP-S8A3V6O --- [  restartedMain] o.a.c.h.Http11NioProtocol                : Initializing ProtocolHandler ["http-nio-8080"]
2023-03-15 22:58:43.697  INFO DESKTOP-S8A3V6O --- [  restartedMain] o.a.c.c.StandardService                  : Starting service [Tomcat]
2023-03-15 22:58:43.698  INFO DESKTOP-S8A3V6O --- [  restartedMain] o.a.c.c.StandardEngine                   : Starting Servlet engine: [Apache Tomcat/10.1.5]
2023-03-15 22:58:44.883  INFO DESKTOP-S8A3V6O --- [  restartedMain] o.s.c.g.r.RouteDefinitionRouteLocator    : Loaded RoutePredicateFactory [After]
2023-03-15 22:58:44.884  INFO DESKTOP-S8A3V6O --- [  restartedMain] o.s.c.g.r.RouteDefinitionRouteLocator    : Loaded RoutePredicateFactory [Before]
2023-03-15 22:58:44.885  INFO DESKTOP-S8A3V6O --- [  restartedMain] o.s.c.g.r.RouteDefinitionRouteLocator    : Loaded RoutePredicateFactory [Between]
2023-03-15 22:58:44.886  INFO DESKTOP-S8A3V6O --- [  restartedMain] o.s.c.g.r.RouteDefinitionRouteLocator    : Loaded RoutePredicateFactory [Cookie]
2023-03-15 22:58:44.887  INFO DESKTOP-S8A3V6O --- [  restartedMain] o.s.c.g.r.RouteDefinitionRouteLocator    : Loaded RoutePredicateFactory [Header]
2023-03-15 22:58:44.888  INFO DESKTOP-S8A3V6O --- [  restartedMain] o.s.c.g.r.RouteDefinitionRouteLocator    : Loaded RoutePredicateFactory [Host]
2023-03-15 22:58:44.889  INFO DESKTOP-S8A3V6O --- [  restartedMain] o.s.c.g.r.RouteDefinitionRouteLocator    : Loaded RoutePredicateFactory [Method]
2023-03-15 22:58:44.890  INFO DESKTOP-S8A3V6O --- [  restartedMain] o.s.c.g.r.RouteDefinitionRouteLocator    : Loaded RoutePredicateFactory [Path]
2023-03-15 22:58:44.891  INFO DESKTOP-S8A3V6O --- [  restartedMain] o.s.c.g.r.RouteDefinitionRouteLocator    : Loaded RoutePredicateFactory [Query]
2023-03-15 22:58:44.892  INFO DESKTOP-S8A3V6O --- [  restartedMain] o.s.c.g.r.RouteDefinitionRouteLocator    : Loaded RoutePredicateFactory [ReadBody]
2023-03-15 22:58:44.893  INFO DESKTOP-S8A3V6O --- [  restartedMain] o.s.c.g.r.RouteDefinitionRouteLocator    : Loaded RoutePredicateFactory [RemoteAddr]
2023-03-15 22:58:44.894  INFO DESKTOP-S8A3V6O --- [  restartedMain] o.s.c.g.r.RouteDefinitionRouteLocator    : Loaded RoutePredicateFactory [XForwardedRemoteAddr]
2023-03-15 22:58:44.895  INFO DESKTOP-S8A3V6O --- [  restartedMain] o.s.c.g.r.RouteDefinitionRouteLocator    : Loaded RoutePredicateFactory [Weight]
2023-03-15 22:58:44.896  INFO DESKTOP-S8A3V6O --- [  restartedMain] o.s.c.g.r.RouteDefinitionRouteLocator    : Loaded RoutePredicateFactory [CloudFoundryRouteService]
2023-03-15 22:58:45.449  INFO DESKTOP-S8A3V6O --- [  restartedMain] o.s.b.a.e.w.EndpointLinksResolver        : Exposing 1 endpoint(s) beneath base path '/actuator'
2023-03-15 22:58:45.841  INFO DESKTOP-S8A3V6O --- [  restartedMain] o.s.b.d.a.OptionalLiveReloadServer       : LiveReload server is running on port 35729
2023-03-15 22:58:45.980  INFO DESKTOP-S8A3V6O --- [  restartedMain] o.a.c.h.Http11NioProtocol                : Starting ProtocolHandler ["http-nio-8080"]
2023-03-15 22:58:46.011  INFO DESKTOP-S8A3V6O --- [  restartedMain] o.s.b.w.e.t.TomcatWebServer              : Tomcat started on port(s): 8080 (http) with context path ''
2023-03-15 22:58:46.335  INFO DESKTOP-S8A3V6O --- [  restartedMain] c.e.l.Lr1Application                     : Started Lr1Application in 5.723 seconds (process running for 7.563)
2023-03-15 22:58:55.521 ERROR DESKTOP-S8A3V6O --- [nio-8080-exec-1] a.w.r.e.AbstractErrorWebExceptionHandler : [729d7a1]  500 Server Error for HTTP GET "/number?num=1"
jakarta.validation.ConstraintViolationException: showRandList.num: должно быть не меньше 5
	at org.springframework.validation.beanvalidation.MethodValidationInterceptor.invoke(MethodValidationInterceptor.java:138)
	Suppressed: The stacktrace has been enhanced by Reactor, refer to additional information below: 
Error has been observed at the following site(s):
	*__checkpoint ⇢ org.springframework.web.filter.reactive.ServerWebExchangeContextFilter [DefaultWebFilterChain]
	*__checkpoint ⇢ org.springframework.cloud.gateway.filter.WeightCalculatorWebFilter [DefaultWebFilterChain]
	*__checkpoint ⇢ org.springframework.web.filter.reactive.ServerHttpObservationFilter [DefaultWebFilterChain]
	*__checkpoint ⇢ HTTP GET "/number?num=1" [ExceptionHandlingWebHandler]
Original Stack Trace:
		at org.springframework.validation.beanvalidation.MethodValidationInterceptor.invoke(MethodValidationInterceptor.java:138)
		at org.springframework.aop.framework.ReflectiveMethodInvocation.proceed(ReflectiveMethodInvocation.java:184)
		at org.springframework.aop.framework.CglibAopProxy$CglibMethodInvocation.proceed(CglibAopProxy.java:750)
		at org.springframework.aop.framework.CglibAopProxy$DynamicAdvisedInterceptor.intercept(CglibAopProxy.java:702)
		at com.example.lr1.NumControl$$SpringCGLIB$$0.showRandList(<generated>)
		at java.base/jdk.internal.reflect.DirectMethodHandleAccessor.invoke(DirectMethodHandleAccessor.java:104)
		at java.base/java.lang.reflect.Method.invoke(Method.java:578)
		at org.springframework.web.reactive.result.method.InvocableHandlerMethod.lambda$invoke$0(InvocableHandlerMethod.java:145)
		at reactor.core.publisher.MonoFlatMap$FlatMapMain.onNext(MonoFlatMap.java:132)
		at reactor.core.publisher.MonoZip$ZipCoordinator.signal(MonoZip.java:293)
		at reactor.core.publisher.MonoZip$ZipInner.onNext(MonoZip.java:474)
		at reactor.core.publisher.MonoPeekTerminal$MonoTerminalPeekSubscriber.onNext(MonoPeekTerminal.java:180)
		at reactor.core.publisher.FluxDefaultIfEmpty$DefaultIfEmptySubscriber.onNext(FluxDefaultIfEmpty.java:122)
		at reactor.core.publisher.FluxSwitchIfEmpty$SwitchIfEmptySubscriber.onNext(FluxSwitchIfEmpty.java:74)
		at reactor.core.publisher.Operators$ScalarSubscription.request(Operators.java:2545)
		at reactor.core.publisher.Operators$MultiSubscriptionSubscriber.set(Operators.java:2341)
		at reactor.core.publisher.Operators$MultiSubscriptionSubscriber.onSubscribe(Operators.java:2215)
		at reactor.core.publisher.FluxFlatMap.trySubscribeScalarMap(FluxFlatMap.java:192)
		at reactor.core.publisher.MonoFlatMap.subscribeOrReturn(MonoFlatMap.java:53)
		at reactor.core.publisher.InternalMonoOperator.subscribe(InternalMonoOperator.java:57)
		at reactor.core.publisher.MonoZip$ZipCoordinator.request(MonoZip.java:216)
		at reactor.core.publisher.MonoFlatMap$FlatMapMain.request(MonoFlatMap.java:194)
		at reactor.core.publisher.MonoIgnoreThen$ThenIgnoreMain.onSubscribe(MonoIgnoreThen.java:134)
		at reactor.core.publisher.MonoFlatMap$FlatMapMain.onSubscribe(MonoFlatMap.java:117)
		at reactor.core.publisher.MonoZip.subscribe(MonoZip.java:125)
		at reactor.core.publisher.InternalMonoOperator.subscribe(InternalMonoOperator.java:64)
		at reactor.core.publisher.MonoDefer.subscribe(MonoDefer.java:52)
		at reactor.core.publisher.MonoIgnoreThen$ThenIgnoreMain.subscribeNext(MonoIgnoreThen.java:240)
		at reactor.core.publisher.MonoIgnoreThen$ThenIgnoreMain.onComplete(MonoIgnoreThen.java:203)
		at reactor.core.publisher.MonoFlatMap$FlatMapMain.onComplete(MonoFlatMap.java:189)
		at reactor.core.publisher.Operators.complete(Operators.java:137)
		at reactor.core.publisher.MonoZip.subscribe(MonoZip.java:121)
		at reactor.core.publisher.Mono.subscribe(Mono.java:4485)
		at reactor.core.publisher.MonoIgnoreThen$ThenIgnoreMain.subscribeNext(MonoIgnoreThen.java:263)
		at reactor.core.publisher.MonoIgnoreThen.subscribe(MonoIgnoreThen.java:51)
		at reactor.core.publisher.InternalMonoOperator.subscribe(InternalMonoOperator.java:64)
		at reactor.core.publisher.MonoFlatMap$FlatMapMain.onNext(MonoFlatMap.java:165)
		at reactor.core.publisher.FluxOnErrorResume$ResumeSubscriber.onNext(FluxOnErrorResume.java:79)
		at reactor.core.publisher.FluxSwitchIfEmpty$SwitchIfEmptySubscriber.onNext(FluxSwitchIfEmpty.java:74)
		at reactor.core.publisher.MonoNext$NextSubscriber.onNext(MonoNext.java:82)
		at reactor.core.publisher.FluxConcatMapNoPrefetch$FluxConcatMapNoPrefetchSubscriber.innerNext(FluxConcatMapNoPrefetch.java:258)
		at reactor.core.publisher.FluxConcatMap$ConcatMapInner.onNext(FluxConcatMap.java:863)
		at reactor.core.publisher.FluxMapFuseable$MapFuseableSubscriber.onNext(FluxMapFuseable.java:129)
		at reactor.core.publisher.MonoPeekTerminal$MonoTerminalPeekSubscriber.onNext(MonoPeekTerminal.java:180)
		at reactor.core.publisher.Operators$ScalarSubscription.request(Operators.java:2545)
		at reactor.core.publisher.MonoPeekTerminal$MonoTerminalPeekSubscriber.request(MonoPeekTerminal.java:139)
		at reactor.core.publisher.FluxMapFuseable$MapFuseableSubscriber.request(FluxMapFuseable.java:171)
		at reactor.core.publisher.Operators$MultiSubscriptionSubscriber.request(Operators.java:2305)
		at reactor.core.publisher.FluxConcatMapNoPrefetch$FluxConcatMapNoPrefetchSubscriber.request(FluxConcatMapNoPrefetch.java:338)
		at reactor.core.publisher.MonoNext$NextSubscriber.request(MonoNext.java:108)
		at reactor.core.publisher.Operators$MultiSubscriptionSubscriber.set(Operators.java:2341)
		at reactor.core.publisher.Operators$MultiSubscriptionSubscriber.onSubscribe(Operators.java:2215)
		at reactor.core.publisher.MonoNext$NextSubscriber.onSubscribe(MonoNext.java:70)
		at reactor.core.publisher.FluxConcatMapNoPrefetch$FluxConcatMapNoPrefetchSubscriber.onSubscribe(FluxConcatMapNoPrefetch.java:164)
		at reactor.core.publisher.FluxIterable.subscribe(FluxIterable.java:201)
		at reactor.core.publisher.FluxIterable.subscribe(FluxIterable.java:83)
		at reactor.core.publisher.InternalMonoOperator.subscribe(InternalMonoOperator.java:64)
		at reactor.core.publisher.MonoDefer.subscribe(MonoDefer.java:52)
		at reactor.core.publisher.InternalMonoOperator.subscribe(InternalMonoOperator.java:64)
		at reactor.core.publisher.MonoDefer.subscribe(MonoDefer.java:52)
		at reactor.core.publisher.InternalMonoOperator.subscribe(InternalMonoOperator.java:64)
		at reactor.core.publisher.MonoDefer.subscribe(MonoDefer.java:52)
		at reactor.core.publisher.InternalMonoOperator.subscribe(InternalMonoOperator.java:64)
		at reactor.core.publisher.MonoDefer.subscribe(MonoDefer.java:52)
		at reactor.core.publisher.InternalMonoOperator.subscribe(InternalMonoOperator.java:64)
		at reactor.core.publisher.MonoDefer.subscribe(MonoDefer.java:52)
		at reactor.core.publisher.Mono.subscribe(Mono.java:4485)
		at reactor.core.publisher.MonoIgnoreThen$ThenIgnoreMain.subscribeNext(MonoIgnoreThen.java:263)
		at reactor.core.publisher.MonoIgnoreThen.subscribe(MonoIgnoreThen.java:51)
		at reactor.core.publisher.Mono.subscribe(Mono.java:4485)
		at org.springframework.http.server.reactive.ServletHttpHandlerAdapter.service(ServletHttpHandlerAdapter.java:199)
		at org.apache.catalina.core.ApplicationFilterChain.internalDoFilter(ApplicationFilterChain.java:223)
		at org.apache.catalina.core.ApplicationFilterChain.doFilter(ApplicationFilterChain.java:158)
		at org.apache.tomcat.websocket.server.WsFilter.doFilter(WsFilter.java:53)
		at org.apache.catalina.core.ApplicationFilterChain.internalDoFilter(ApplicationFilterChain.java:185)
		at org.apache.catalina.core.ApplicationFilterChain.doFilter(ApplicationFilterChain.java:158)
		at org.apache.catalina.core.StandardWrapperValve.invoke(StandardWrapperValve.java:177)
		at org.apache.catalina.core.StandardContextValve.invoke(StandardContextValve.java:97)
		at org.apache.catalina.authenticator.AuthenticatorBase.invoke(AuthenticatorBase.java:542)
		at org.apache.catalina.core.StandardHostValve.invoke(StandardHostValve.java:119)
		at org.apache.catalina.valves.ErrorReportValve.invoke(ErrorReportValve.java:92)
		at org.apache.catalina.core.StandardEngineValve.invoke(StandardEngineValve.java:78)
		at org.apache.catalina.connector.CoyoteAdapter.service(CoyoteAdapter.java:357)
		at org.apache.coyote.http11.Http11Processor.service(Http11Processor.java:400)
		at org.apache.coyote.AbstractProcessorLight.process(AbstractProcessorLight.java:65)
		at org.apache.coyote.AbstractProtocol$ConnectionHandler.process(AbstractProtocol.java:859)
		at org.apache.tomcat.util.net.NioEndpoint$SocketProcessor.doRun(NioEndpoint.java:1734)
		at org.apache.tomcat.util.net.SocketProcessorBase.run(SocketProcessorBase.java:52)
		at org.apache.tomcat.util.threads.ThreadPoolExecutor.runWorker(ThreadPoolExecutor.java:1191)
		at org.apache.tomcat.util.threads.ThreadPoolExecutor$Worker.run(ThreadPoolExecutor.java:659)
		at org.apache.tomcat.util.threads.TaskThread$WrappingRunnable.run(TaskThread.java:61)
		at java.base/java.lang.Thread.run(Thread.java:1589)
