2023-03-17 12:45:12.480  INFO DESKTOP-S8A3V6O --- [           main] t.c.s.AnnotationConfigContextLoaderUtils : Could not detect default configuration classes for test class [com.example.lr1.Lr1ApplicationTests]: Lr1ApplicationTests does not declare any static, non-private, non-final, nested classes annotated with @Configuration.
2023-03-17 12:45:12.658  INFO DESKTOP-S8A3V6O --- [           main] .b.t.c.SpringBootTestContextBootstrapper : Found @SpringBootConfiguration com.example.lr1.Lr1Application for test class com.example.lr1.Lr1ApplicationTests
2023-03-17 12:45:13.423  INFO DESKTOP-S8A3V6O --- [kground-preinit] o.h.v.i.u.Version                        : HV000001: Hibernate Validator 8.0.0.Final
2023-03-17 12:45:13.507  INFO DESKTOP-S8A3V6O --- [           main] c.e.l.Lr1ApplicationTests                : Starting Lr1ApplicationTests using Java 19.0.2 with PID 20744 (started by Lenovo in D:\Work\javalabs\lr1)
2023-03-17 12:45:13.515  INFO DESKTOP-S8A3V6O --- [           main] c.e.l.Lr1ApplicationTests                : No active profile set, falling back to 1 default profile: "default"
2023-03-17 12:45:15.222  INFO DESKTOP-S8A3V6O --- [           main] o.s.c.c.s.GenericScope                   : BeanFactory id=7e192b4b-d5cf-30ec-aef8-4ac6fb0b06c0
2023-03-17 12:45:16.771  INFO DESKTOP-S8A3V6O --- [           main] o.s.c.g.r.RouteDefinitionRouteLocator    : Loaded RoutePredicateFactory [After]
2023-03-17 12:45:16.771  INFO DESKTOP-S8A3V6O --- [           main] o.s.c.g.r.RouteDefinitionRouteLocator    : Loaded RoutePredicateFactory [Before]
2023-03-17 12:45:16.771  INFO DESKTOP-S8A3V6O --- [           main] o.s.c.g.r.RouteDefinitionRouteLocator    : Loaded RoutePredicateFactory [Between]
2023-03-17 12:45:16.771  INFO DESKTOP-S8A3V6O --- [           main] o.s.c.g.r.RouteDefinitionRouteLocator    : Loaded RoutePredicateFactory [Cookie]
2023-03-17 12:45:16.773  INFO DESKTOP-S8A3V6O --- [           main] o.s.c.g.r.RouteDefinitionRouteLocator    : Loaded RoutePredicateFactory [Header]
2023-03-17 12:45:16.773  INFO DESKTOP-S8A3V6O --- [           main] o.s.c.g.r.RouteDefinitionRouteLocator    : Loaded RoutePredicateFactory [Host]
2023-03-17 12:45:16.773  INFO DESKTOP-S8A3V6O --- [           main] o.s.c.g.r.RouteDefinitionRouteLocator    : Loaded RoutePredicateFactory [Method]
2023-03-17 12:45:16.773  INFO DESKTOP-S8A3V6O --- [           main] o.s.c.g.r.RouteDefinitionRouteLocator    : Loaded RoutePredicateFactory [Path]
2023-03-17 12:45:16.773  INFO DESKTOP-S8A3V6O --- [           main] o.s.c.g.r.RouteDefinitionRouteLocator    : Loaded RoutePredicateFactory [Query]
2023-03-17 12:45:16.773  INFO DESKTOP-S8A3V6O --- [           main] o.s.c.g.r.RouteDefinitionRouteLocator    : Loaded RoutePredicateFactory [ReadBody]
2023-03-17 12:45:16.773  INFO DESKTOP-S8A3V6O --- [           main] o.s.c.g.r.RouteDefinitionRouteLocator    : Loaded RoutePredicateFactory [RemoteAddr]
2023-03-17 12:45:16.773  INFO DESKTOP-S8A3V6O --- [           main] o.s.c.g.r.RouteDefinitionRouteLocator    : Loaded RoutePredicateFactory [XForwardedRemoteAddr]
2023-03-17 12:45:16.773  INFO DESKTOP-S8A3V6O --- [           main] o.s.c.g.r.RouteDefinitionRouteLocator    : Loaded RoutePredicateFactory [Weight]
2023-03-17 12:45:16.773  INFO DESKTOP-S8A3V6O --- [           main] o.s.c.g.r.RouteDefinitionRouteLocator    : Loaded RoutePredicateFactory [CloudFoundryRouteService]
2023-03-17 12:45:17.297  INFO DESKTOP-S8A3V6O --- [           main] o.s.b.a.e.w.EndpointLinksResolver        : Exposing 1 endpoint(s) beneath base path '/actuator'
2023-03-17 12:45:17.756  INFO DESKTOP-S8A3V6O --- [           main] c.e.l.Lr1ApplicationTests                : Started Lr1ApplicationTests in 4.87 seconds (process running for 7.179)
2023-03-17 12:45:53.756  INFO DESKTOP-S8A3V6O --- [           main] t.c.s.AnnotationConfigContextLoaderUtils : Could not detect default configuration classes for test class [com.example.lr1.Lr1ApplicationTests]: Lr1ApplicationTests does not declare any static, non-private, non-final, nested classes annotated with @Configuration.
2023-03-17 12:45:53.879  INFO DESKTOP-S8A3V6O --- [           main] .b.t.c.SpringBootTestContextBootstrapper : Found @SpringBootConfiguration com.example.lr1.Lr1Application for test class com.example.lr1.Lr1ApplicationTests
2023-03-17 12:45:54.549  INFO DESKTOP-S8A3V6O --- [kground-preinit] o.h.v.i.u.Version                        : HV000001: Hibernate Validator 8.0.0.Final
2023-03-17 12:45:54.635  INFO DESKTOP-S8A3V6O --- [           main] c.e.l.Lr1ApplicationTests                : Starting Lr1ApplicationTests using Java 19.0.2 with PID 5052 (started by Lenovo in D:\Work\javalabs\lr1)
2023-03-17 12:45:54.635  INFO DESKTOP-S8A3V6O --- [           main] c.e.l.Lr1ApplicationTests                : No active profile set, falling back to 1 default profile: "default"
2023-03-17 12:45:56.172  INFO DESKTOP-S8A3V6O --- [           main] o.s.c.c.s.GenericScope                   : BeanFactory id=7e192b4b-d5cf-30ec-aef8-4ac6fb0b06c0
2023-03-17 12:45:57.730  INFO DESKTOP-S8A3V6O --- [           main] o.s.c.g.r.RouteDefinitionRouteLocator    : Loaded RoutePredicateFactory [After]
2023-03-17 12:45:57.730  INFO DESKTOP-S8A3V6O --- [           main] o.s.c.g.r.RouteDefinitionRouteLocator    : Loaded RoutePredicateFactory [Before]
2023-03-17 12:45:57.730  INFO DESKTOP-S8A3V6O --- [           main] o.s.c.g.r.RouteDefinitionRouteLocator    : Loaded RoutePredicateFactory [Between]
2023-03-17 12:45:57.730  INFO DESKTOP-S8A3V6O --- [           main] o.s.c.g.r.RouteDefinitionRouteLocator    : Loaded RoutePredicateFactory [Cookie]
2023-03-17 12:45:57.730  INFO DESKTOP-S8A3V6O --- [           main] o.s.c.g.r.RouteDefinitionRouteLocator    : Loaded RoutePredicateFactory [Header]
2023-03-17 12:45:57.730  INFO DESKTOP-S8A3V6O --- [           main] o.s.c.g.r.RouteDefinitionRouteLocator    : Loaded RoutePredicateFactory [Host]
2023-03-17 12:45:57.730  INFO DESKTOP-S8A3V6O --- [           main] o.s.c.g.r.RouteDefinitionRouteLocator    : Loaded RoutePredicateFactory [Method]
2023-03-17 12:45:57.730  INFO DESKTOP-S8A3V6O --- [           main] o.s.c.g.r.RouteDefinitionRouteLocator    : Loaded RoutePredicateFactory [Path]
2023-03-17 12:45:57.738  INFO DESKTOP-S8A3V6O --- [           main] o.s.c.g.r.RouteDefinitionRouteLocator    : Loaded RoutePredicateFactory [Query]
2023-03-17 12:45:57.738  INFO DESKTOP-S8A3V6O --- [           main] o.s.c.g.r.RouteDefinitionRouteLocator    : Loaded RoutePredicateFactory [ReadBody]
2023-03-17 12:45:57.738  INFO DESKTOP-S8A3V6O --- [           main] o.s.c.g.r.RouteDefinitionRouteLocator    : Loaded RoutePredicateFactory [RemoteAddr]
2023-03-17 12:45:57.738  INFO DESKTOP-S8A3V6O --- [           main] o.s.c.g.r.RouteDefinitionRouteLocator    : Loaded RoutePredicateFactory [XForwardedRemoteAddr]
2023-03-17 12:45:57.738  INFO DESKTOP-S8A3V6O --- [           main] o.s.c.g.r.RouteDefinitionRouteLocator    : Loaded RoutePredicateFactory [Weight]
2023-03-17 12:45:57.738  INFO DESKTOP-S8A3V6O --- [           main] o.s.c.g.r.RouteDefinitionRouteLocator    : Loaded RoutePredicateFactory [CloudFoundryRouteService]
2023-03-17 12:45:58.237  INFO DESKTOP-S8A3V6O --- [           main] o.s.b.a.e.w.EndpointLinksResolver        : Exposing 1 endpoint(s) beneath base path '/actuator'
2023-03-17 12:45:58.688  INFO DESKTOP-S8A3V6O --- [           main] c.e.l.Lr1ApplicationTests                : Started Lr1ApplicationTests in 4.616 seconds (process running for 6.744)
2023-03-17 12:46:13.838  INFO DESKTOP-S8A3V6O --- [           main] t.c.s.AnnotationConfigContextLoaderUtils : Could not detect default configuration classes for test class [com.example.lr1.Lr1ApplicationTests]: Lr1ApplicationTests does not declare any static, non-private, non-final, nested classes annotated with @Configuration.
2023-03-17 12:46:13.972  INFO DESKTOP-S8A3V6O --- [           main] .b.t.c.SpringBootTestContextBootstrapper : Found @SpringBootConfiguration com.example.lr1.Lr1Application for test class com.example.lr1.Lr1ApplicationTests
2023-03-17 12:46:57.012  INFO DESKTOP-S8A3V6O --- [kground-preinit] o.h.v.i.u.Version                        : HV000001: Hibernate Validator 8.0.0.Final
2023-03-17 12:46:57.141  INFO DESKTOP-S8A3V6O --- [  restartedMain] c.e.l.Lr1Application                     : Starting Lr1Application using Java 19.0.2 with PID 14276 (D:\Work\javalabs\lr1\target\classes started by Lenovo in D:\Work\javalabs\lr1)
2023-03-17 12:46:57.148  INFO DESKTOP-S8A3V6O --- [  restartedMain] c.e.l.Lr1Application                     : No active profile set, falling back to 1 default profile: "default"
2023-03-17 12:46:57.235  INFO DESKTOP-S8A3V6O --- [  restartedMain] .e.DevToolsPropertyDefaultsPostProcessor : Devtools property defaults active! Set 'spring.devtools.add-properties' to 'false' to disable
2023-03-17 12:46:57.237  INFO DESKTOP-S8A3V6O --- [  restartedMain] .e.DevToolsPropertyDefaultsPostProcessor : For additional web related logging consider setting the 'logging.level.web' property to 'DEBUG'
2023-03-17 12:46:59.038  INFO DESKTOP-S8A3V6O --- [  restartedMain] o.s.c.c.s.GenericScope                   : BeanFactory id=6c6003bb-202c-3248-8362-7984829bc22e
2023-03-17 12:46:59.513  INFO DESKTOP-S8A3V6O --- [  restartedMain] o.s.b.w.e.t.TomcatWebServer              : Tomcat initialized with port(s): 8080 (http)
2023-03-17 12:46:59.531  INFO DESKTOP-S8A3V6O --- [  restartedMain] o.a.c.h.Http11NioProtocol                : Initializing ProtocolHandler ["http-nio-8080"]
2023-03-17 12:46:59.533  INFO DESKTOP-S8A3V6O --- [  restartedMain] o.a.c.c.StandardService                  : Starting service [Tomcat]
2023-03-17 12:46:59.534  INFO DESKTOP-S8A3V6O --- [  restartedMain] o.a.c.c.StandardEngine                   : Starting Servlet engine: [Apache Tomcat/10.1.5]
2023-03-17 12:47:00.761  INFO DESKTOP-S8A3V6O --- [  restartedMain] o.s.c.g.r.RouteDefinitionRouteLocator    : Loaded RoutePredicateFactory [After]
2023-03-17 12:47:00.762  INFO DESKTOP-S8A3V6O --- [  restartedMain] o.s.c.g.r.RouteDefinitionRouteLocator    : Loaded RoutePredicateFactory [Before]
2023-03-17 12:47:00.762  INFO DESKTOP-S8A3V6O --- [  restartedMain] o.s.c.g.r.RouteDefinitionRouteLocator    : Loaded RoutePredicateFactory [Between]
2023-03-17 12:47:00.764  INFO DESKTOP-S8A3V6O --- [  restartedMain] o.s.c.g.r.RouteDefinitionRouteLocator    : Loaded RoutePredicateFactory [Cookie]
2023-03-17 12:47:00.764  INFO DESKTOP-S8A3V6O --- [  restartedMain] o.s.c.g.r.RouteDefinitionRouteLocator    : Loaded RoutePredicateFactory [Header]
2023-03-17 12:47:00.765  INFO DESKTOP-S8A3V6O --- [  restartedMain] o.s.c.g.r.RouteDefinitionRouteLocator    : Loaded RoutePredicateFactory [Host]
2023-03-17 12:47:00.766  INFO DESKTOP-S8A3V6O --- [  restartedMain] o.s.c.g.r.RouteDefinitionRouteLocator    : Loaded RoutePredicateFactory [Method]
2023-03-17 12:47:00.766  INFO DESKTOP-S8A3V6O --- [  restartedMain] o.s.c.g.r.RouteDefinitionRouteLocator    : Loaded RoutePredicateFactory [Path]
2023-03-17 12:47:00.767  INFO DESKTOP-S8A3V6O --- [  restartedMain] o.s.c.g.r.RouteDefinitionRouteLocator    : Loaded RoutePredicateFactory [Query]
2023-03-17 12:47:00.769  INFO DESKTOP-S8A3V6O --- [  restartedMain] o.s.c.g.r.RouteDefinitionRouteLocator    : Loaded RoutePredicateFactory [ReadBody]
2023-03-17 12:47:00.769  INFO DESKTOP-S8A3V6O --- [  restartedMain] o.s.c.g.r.RouteDefinitionRouteLocator    : Loaded RoutePredicateFactory [RemoteAddr]
2023-03-17 12:47:00.771  INFO DESKTOP-S8A3V6O --- [  restartedMain] o.s.c.g.r.RouteDefinitionRouteLocator    : Loaded RoutePredicateFactory [XForwardedRemoteAddr]
2023-03-17 12:47:00.771  INFO DESKTOP-S8A3V6O --- [  restartedMain] o.s.c.g.r.RouteDefinitionRouteLocator    : Loaded RoutePredicateFactory [Weight]
2023-03-17 12:47:00.772  INFO DESKTOP-S8A3V6O --- [  restartedMain] o.s.c.g.r.RouteDefinitionRouteLocator    : Loaded RoutePredicateFactory [CloudFoundryRouteService]
2023-03-17 12:47:01.343  INFO DESKTOP-S8A3V6O --- [  restartedMain] o.s.b.a.e.w.EndpointLinksResolver        : Exposing 1 endpoint(s) beneath base path '/actuator'
2023-03-17 12:47:01.725  INFO DESKTOP-S8A3V6O --- [  restartedMain] o.s.b.d.a.OptionalLiveReloadServer       : LiveReload server is running on port 35729
2023-03-17 12:47:01.835  INFO DESKTOP-S8A3V6O --- [  restartedMain] o.a.c.h.Http11NioProtocol                : Starting ProtocolHandler ["http-nio-8080"]
2023-03-17 12:47:01.870  INFO DESKTOP-S8A3V6O --- [  restartedMain] o.s.b.w.e.t.TomcatWebServer              : Tomcat started on port(s): 8080 (http) with context path ''
2023-03-17 12:47:02.142  INFO DESKTOP-S8A3V6O --- [  restartedMain] c.e.l.Lr1Application                     : Started Lr1Application in 5.683 seconds (process running for 7.67)
2023-03-17 12:47:02.173  INFO DESKTOP-S8A3V6O --- [nio-8080-exec-1] c.e.l.NumControl                         : Incoming number: 7
2023-03-17 12:47:02.175  INFO DESKTOP-S8A3V6O --- [nio-8080-exec-1] c.e.l.NumControl                         : Generated value: 5
2023-03-17 12:47:02.177  INFO DESKTOP-S8A3V6O --- [nio-8080-exec-1] c.e.l.NumControl                         : Generated value: 6
2023-03-17 12:47:02.178  INFO DESKTOP-S8A3V6O --- [nio-8080-exec-1] c.e.l.NumControl                         : Generated value: 7
2023-03-17 12:47:02.180  INFO DESKTOP-S8A3V6O --- [nio-8080-exec-1] c.e.l.NumControl                         : Generated value: 4
2023-03-17 12:47:02.181  INFO DESKTOP-S8A3V6O --- [nio-8080-exec-1] c.e.l.NumControl                         : Generated value: 5
2023-03-17 12:47:33.377 ERROR DESKTOP-S8A3V6O --- [nio-8080-exec-4] a.w.r.e.AbstractErrorWebExceptionHandler : [59d94ed0]  500 Server Error for HTTP GET "/number?num=-12"
jakarta.validation.ConstraintViolationException: showRandList.num: должно быть не меньше 5
	at org.springframework.validation.beanvalidation.MethodValidationInterceptor.invoke(MethodValidationInterceptor.java:138)
	Suppressed: The stacktrace has been enhanced by Reactor, refer to additional information below: 
Error has been observed at the following site(s):
	*__checkpoint ⇢ org.springframework.web.filter.reactive.ServerWebExchangeContextFilter [DefaultWebFilterChain]
	*__checkpoint ⇢ org.springframework.cloud.gateway.filter.WeightCalculatorWebFilter [DefaultWebFilterChain]
	*__checkpoint ⇢ org.springframework.web.filter.reactive.ServerHttpObservationFilter [DefaultWebFilterChain]
	*__checkpoint ⇢ HTTP GET "/number?num=-12" [ExceptionHandlingWebHandler]
Original Stack Trace:
		at org.springframework.validation.beanvalidation.MethodValidationInterceptor.invoke(MethodValidationInterceptor.java:138)
		at org.springframework.aop.framework.ReflectiveMethodInvocation.proceed(ReflectiveMethodInvocation.java:184)
		at org.springframework.aop.framework.CglibAopProxy$CglibMethodInvocation.proceed(CglibAopProxy.java:750)
		at org.springframework.aop.framework.CglibAopProxy$DynamicAdvisedInterceptor.intercept(CglibAopProxy.java:702)
		at com.example.lr1.NumControl$$SpringCGLIB$$0.showRandList(<generated>)
		at java.base/jdk.internal.reflect.DirectMethodHandleAccessor.invoke(DirectMethodHandleAccessor.java:104)
		at java.base/java.lang.reflect.Method.invoke(Method.java:578)
		at org.springframework.web.reactive.result.method.InvocableHandlerMethod.lambda$invoke$0(InvocableHandlerMethod.java:145)
		at reactor.core.publisher.MonoFlatMap$FlatMapMain.onNext(MonoFlatMap.java:132)
		at reactor.core.publisher.MonoZip$ZipCoordinator.signal(MonoZip.java:293)
		at reactor.core.publisher.MonoZip$ZipInner.onNext(MonoZip.java:474)
		at reactor.core.publisher.MonoPeekTerminal$MonoTerminalPeekSubscriber.onNext(MonoPeekTerminal.java:180)
		at reactor.core.publisher.FluxDefaultIfEmpty$DefaultIfEmptySubscriber.onNext(FluxDefaultIfEmpty.java:122)
		at reactor.core.publisher.FluxSwitchIfEmpty$SwitchIfEmptySubscriber.onNext(FluxSwitchIfEmpty.java:74)
		at reactor.core.publisher.Operators$ScalarSubscription.request(Operators.java:2545)
		at reactor.core.publisher.Operators$MultiSubscriptionSubscriber.set(Operators.java:2341)
		at reactor.core.publisher.Operators$MultiSubscriptionSubscriber.onSubscribe(Operators.java:2215)
		at reactor.core.publisher.FluxFlatMap.trySubscribeScalarMap(FluxFlatMap.java:192)
		at reactor.core.publisher.MonoFlatMap.subscribeOrReturn(MonoFlatMap.java:53)
		at reactor.core.publisher.InternalMonoOperator.subscribe(InternalMonoOperator.java:57)
		at reactor.core.publisher.MonoZip$ZipCoordinator.request(MonoZip.java:216)
		at reactor.core.publisher.MonoFlatMap$FlatMapMain.request(MonoFlatMap.java:194)
		at reactor.core.publisher.MonoIgnoreThen$ThenIgnoreMain.onSubscribe(MonoIgnoreThen.java:134)
		at reactor.core.publisher.MonoFlatMap$FlatMapMain.onSubscribe(MonoFlatMap.java:117)
		at reactor.core.publisher.MonoZip.subscribe(MonoZip.java:125)
		at reactor.core.publisher.InternalMonoOperator.subscribe(InternalMonoOperator.java:64)
		at reactor.core.publisher.MonoDefer.subscribe(MonoDefer.java:52)
		at reactor.core.publisher.MonoIgnoreThen$ThenIgnoreMain.subscribeNext(MonoIgnoreThen.java:240)
		at reactor.core.publisher.MonoIgnoreThen$ThenIgnoreMain.onComplete(MonoIgnoreThen.java:203)
		at reactor.core.publisher.MonoFlatMap$FlatMapMain.onComplete(MonoFlatMap.java:189)
		at reactor.core.publisher.Operators.complete(Operators.java:137)
		at reactor.core.publisher.MonoZip.subscribe(MonoZip.java:121)
		at reactor.core.publisher.Mono.subscribe(Mono.java:4485)
		at reactor.core.publisher.MonoIgnoreThen$ThenIgnoreMain.subscribeNext(MonoIgnoreThen.java:263)
		at reactor.core.publisher.MonoIgnoreThen.subscribe(MonoIgnoreThen.java:51)
		at reactor.core.publisher.InternalMonoOperator.subscribe(InternalMonoOperator.java:64)
		at reactor.core.publisher.MonoFlatMap$FlatMapMain.onNext(MonoFlatMap.java:165)
		at reactor.core.publisher.FluxOnErrorResume$ResumeSubscriber.onNext(FluxOnErrorResume.java:79)
		at reactor.core.publisher.FluxSwitchIfEmpty$SwitchIfEmptySubscriber.onNext(FluxSwitchIfEmpty.java:74)
		at reactor.core.publisher.MonoNext$NextSubscriber.onNext(MonoNext.java:82)
		at reactor.core.publisher.FluxConcatMapNoPrefetch$FluxConcatMapNoPrefetchSubscriber.innerNext(FluxConcatMapNoPrefetch.java:258)
		at reactor.core.publisher.FluxConcatMap$ConcatMapInner.onNext(FluxConcatMap.java:863)
		at reactor.core.publisher.FluxMapFuseable$MapFuseableSubscriber.onNext(FluxMapFuseable.java:129)
		at reactor.core.publisher.MonoPeekTerminal$MonoTerminalPeekSubscriber.onNext(MonoPeekTerminal.java:180)
		at reactor.core.publisher.Operators$ScalarSubscription.request(Operators.java:2545)
		at reactor.core.publisher.MonoPeekTerminal$MonoTerminalPeekSubscriber.request(MonoPeekTerminal.java:139)
		at reactor.core.publisher.FluxMapFuseable$MapFuseableSubscriber.request(FluxMapFuseable.java:171)
		at reactor.core.publisher.Operators$MultiSubscriptionSubscriber.request(Operators.java:2305)
		at reactor.core.publisher.FluxConcatMapNoPrefetch$FluxConcatMapNoPrefetchSubscriber.request(FluxConcatMapNoPrefetch.java:338)
		at reactor.core.publisher.MonoNext$NextSubscriber.request(MonoNext.java:108)
		at reactor.core.publisher.Operators$MultiSubscriptionSubscriber.set(Operators.java:2341)
		at reactor.core.publisher.Operators$MultiSubscriptionSubscriber.onSubscribe(Operators.java:2215)
		at reactor.core.publisher.MonoNext$NextSubscriber.onSubscribe(MonoNext.java:70)
		at reactor.core.publisher.FluxConcatMapNoPrefetch$FluxConcatMapNoPrefetchSubscriber.onSubscribe(FluxConcatMapNoPrefetch.java:164)
		at reactor.core.publisher.FluxIterable.subscribe(FluxIterable.java:201)
		at reactor.core.publisher.FluxIterable.subscribe(FluxIterable.java:83)
		at reactor.core.publisher.InternalMonoOperator.subscribe(InternalMonoOperator.java:64)
		at reactor.core.publisher.MonoDefer.subscribe(MonoDefer.java:52)
		at reactor.core.publisher.InternalMonoOperator.subscribe(InternalMonoOperator.java:64)
		at reactor.core.publisher.MonoDefer.subscribe(MonoDefer.java:52)
		at reactor.core.publisher.InternalMonoOperator.subscribe(InternalMonoOperator.java:64)
		at reactor.core.publisher.MonoDefer.subscribe(MonoDefer.java:52)
		at reactor.core.publisher.InternalMonoOperator.subscribe(InternalMonoOperator.java:64)
		at reactor.core.publisher.MonoDefer.subscribe(MonoDefer.java:52)
		at reactor.core.publisher.InternalMonoOperator.subscribe(InternalMonoOperator.java:64)
		at reactor.core.publisher.MonoDefer.subscribe(MonoDefer.java:52)
		at reactor.core.publisher.Mono.subscribe(Mono.java:4485)
		at reactor.core.publisher.MonoIgnoreThen$ThenIgnoreMain.subscribeNext(MonoIgnoreThen.java:263)
		at reactor.core.publisher.MonoIgnoreThen.subscribe(MonoIgnoreThen.java:51)
		at reactor.core.publisher.Mono.subscribe(Mono.java:4485)
		at org.springframework.http.server.reactive.ServletHttpHandlerAdapter.service(ServletHttpHandlerAdapter.java:199)
		at org.apache.catalina.core.ApplicationFilterChain.internalDoFilter(ApplicationFilterChain.java:223)
		at org.apache.catalina.core.ApplicationFilterChain.doFilter(ApplicationFilterChain.java:158)
		at org.apache.tomcat.websocket.server.WsFilter.doFilter(WsFilter.java:53)
		at org.apache.catalina.core.ApplicationFilterChain.internalDoFilter(ApplicationFilterChain.java:185)
		at org.apache.catalina.core.ApplicationFilterChain.doFilter(ApplicationFilterChain.java:158)
		at org.apache.catalina.core.StandardWrapperValve.invoke(StandardWrapperValve.java:177)
		at org.apache.catalina.core.StandardContextValve.invoke(StandardContextValve.java:97)
		at org.apache.catalina.authenticator.AuthenticatorBase.invoke(AuthenticatorBase.java:542)
		at org.apache.catalina.core.StandardHostValve.invoke(StandardHostValve.java:119)
		at org.apache.catalina.valves.ErrorReportValve.invoke(ErrorReportValve.java:92)
		at org.apache.catalina.core.StandardEngineValve.invoke(StandardEngineValve.java:78)
		at org.apache.catalina.connector.CoyoteAdapter.service(CoyoteAdapter.java:357)
		at org.apache.coyote.http11.Http11Processor.service(Http11Processor.java:400)
		at org.apache.coyote.AbstractProcessorLight.process(AbstractProcessorLight.java:65)
		at org.apache.coyote.AbstractProtocol$ConnectionHandler.process(AbstractProtocol.java:859)
		at org.apache.tomcat.util.net.NioEndpoint$SocketProcessor.doRun(NioEndpoint.java:1734)
		at org.apache.tomcat.util.net.SocketProcessorBase.run(SocketProcessorBase.java:52)
		at org.apache.tomcat.util.threads.ThreadPoolExecutor.runWorker(ThreadPoolExecutor.java:1191)
		at org.apache.tomcat.util.threads.ThreadPoolExecutor$Worker.run(ThreadPoolExecutor.java:659)
		at org.apache.tomcat.util.threads.TaskThread$WrappingRunnable.run(TaskThread.java:61)
		at java.base/java.lang.Thread.run(Thread.java:1589)
2023-03-17 13:05:51.042  INFO DESKTOP-S8A3V6O --- [           main] t.c.s.AnnotationConfigContextLoaderUtils : Could not detect default configuration classes for test class [com.example.lr1.Lr1ApplicationTests]: Lr1ApplicationTests does not declare any static, non-private, non-final, nested classes annotated with @Configuration.
2023-03-17 13:05:51.183  INFO DESKTOP-S8A3V6O --- [           main] .b.t.c.SpringBootTestContextBootstrapper : Found @SpringBootConfiguration com.example.lr1.Lr1Application for test class com.example.lr1.Lr1ApplicationTests
