2023-03-12 16:07:23.047  INFO DESKTOP-S8A3V6O --- [kground-preinit] o.h.v.i.u.Version                        : HV000001: Hibernate Validator 8.0.0.Final
2023-03-12 16:07:23.122  INFO DESKTOP-S8A3V6O --- [  restartedMain] c.e.l.Lr1Application                     : Starting Lr1Application using Java 19.0.2 with PID 13704 (D:\Work\javalabs\lr1\target\classes started by Lenovo in D:\Work\javalabs\lr1)
2023-03-12 16:07:23.128  INFO DESKTOP-S8A3V6O --- [  restartedMain] c.e.l.Lr1Application                     : No active profile set, falling back to 1 default profile: "default"
2023-03-12 16:07:23.191  INFO DESKTOP-S8A3V6O --- [  restartedMain] .e.DevToolsPropertyDefaultsPostProcessor : Devtools property defaults active! Set 'spring.devtools.add-properties' to 'false' to disable
2023-03-12 16:07:23.193  INFO DESKTOP-S8A3V6O --- [  restartedMain] .e.DevToolsPropertyDefaultsPostProcessor : For additional web related logging consider setting the 'logging.level.web' property to 'DEBUG'
2023-03-12 16:07:24.586  INFO DESKTOP-S8A3V6O --- [  restartedMain] o.s.c.c.s.GenericScope                   : BeanFactory id=6c6003bb-202c-3248-8362-7984829bc22e
2023-03-12 16:07:24.911  INFO DESKTOP-S8A3V6O --- [  restartedMain] o.s.b.w.e.t.TomcatWebServer              : Tomcat initialized with port(s): 8080 (http)
2023-03-12 16:07:24.923  INFO DESKTOP-S8A3V6O --- [  restartedMain] o.a.c.h.Http11NioProtocol                : Initializing ProtocolHandler ["http-nio-8080"]
2023-03-12 16:07:24.926  INFO DESKTOP-S8A3V6O --- [  restartedMain] o.a.c.c.StandardService                  : Starting service [Tomcat]
2023-03-12 16:07:24.927  INFO DESKTOP-S8A3V6O --- [  restartedMain] o.a.c.c.StandardEngine                   : Starting Servlet engine: [Apache Tomcat/10.1.5]
2023-03-12 16:07:25.835  INFO DESKTOP-S8A3V6O --- [  restartedMain] o.s.c.g.r.RouteDefinitionRouteLocator    : Loaded RoutePredicateFactory [After]
2023-03-12 16:07:25.836  INFO DESKTOP-S8A3V6O --- [  restartedMain] o.s.c.g.r.RouteDefinitionRouteLocator    : Loaded RoutePredicateFactory [Before]
2023-03-12 16:07:25.837  INFO DESKTOP-S8A3V6O --- [  restartedMain] o.s.c.g.r.RouteDefinitionRouteLocator    : Loaded RoutePredicateFactory [Between]
2023-03-12 16:07:25.838  INFO DESKTOP-S8A3V6O --- [  restartedMain] o.s.c.g.r.RouteDefinitionRouteLocator    : Loaded RoutePredicateFactory [Cookie]
2023-03-12 16:07:25.838  INFO DESKTOP-S8A3V6O --- [  restartedMain] o.s.c.g.r.RouteDefinitionRouteLocator    : Loaded RoutePredicateFactory [Header]
2023-03-12 16:07:25.839  INFO DESKTOP-S8A3V6O --- [  restartedMain] o.s.c.g.r.RouteDefinitionRouteLocator    : Loaded RoutePredicateFactory [Host]
2023-03-12 16:07:25.839  INFO DESKTOP-S8A3V6O --- [  restartedMain] o.s.c.g.r.RouteDefinitionRouteLocator    : Loaded RoutePredicateFactory [Method]
2023-03-12 16:07:25.840  INFO DESKTOP-S8A3V6O --- [  restartedMain] o.s.c.g.r.RouteDefinitionRouteLocator    : Loaded RoutePredicateFactory [Path]
2023-03-12 16:07:25.841  INFO DESKTOP-S8A3V6O --- [  restartedMain] o.s.c.g.r.RouteDefinitionRouteLocator    : Loaded RoutePredicateFactory [Query]
2023-03-12 16:07:25.842  INFO DESKTOP-S8A3V6O --- [  restartedMain] o.s.c.g.r.RouteDefinitionRouteLocator    : Loaded RoutePredicateFactory [ReadBody]
2023-03-12 16:07:25.843  INFO DESKTOP-S8A3V6O --- [  restartedMain] o.s.c.g.r.RouteDefinitionRouteLocator    : Loaded RoutePredicateFactory [RemoteAddr]
2023-03-12 16:07:25.843  INFO DESKTOP-S8A3V6O --- [  restartedMain] o.s.c.g.r.RouteDefinitionRouteLocator    : Loaded RoutePredicateFactory [XForwardedRemoteAddr]
2023-03-12 16:07:25.844  INFO DESKTOP-S8A3V6O --- [  restartedMain] o.s.c.g.r.RouteDefinitionRouteLocator    : Loaded RoutePredicateFactory [Weight]
2023-03-12 16:07:25.845  INFO DESKTOP-S8A3V6O --- [  restartedMain] o.s.c.g.r.RouteDefinitionRouteLocator    : Loaded RoutePredicateFactory [CloudFoundryRouteService]
2023-03-12 16:07:26.337  INFO DESKTOP-S8A3V6O --- [  restartedMain] o.s.b.a.e.w.EndpointLinksResolver        : Exposing 1 endpoint(s) beneath base path '/actuator'
2023-03-12 16:07:26.667  INFO DESKTOP-S8A3V6O --- [  restartedMain] o.s.b.d.a.OptionalLiveReloadServer       : LiveReload server is running on port 35729
2023-03-12 16:07:26.766  INFO DESKTOP-S8A3V6O --- [  restartedMain] o.a.c.h.Http11NioProtocol                : Starting ProtocolHandler ["http-nio-8080"]
2023-03-12 16:07:26.790  INFO DESKTOP-S8A3V6O --- [  restartedMain] o.s.b.w.e.t.TomcatWebServer              : Tomcat started on port(s): 8080 (http) with context path ''
2023-03-12 16:07:27.013  INFO DESKTOP-S8A3V6O --- [  restartedMain] c.e.l.Lr1Application                     : Started Lr1Application in 4.417 seconds (process running for 5.551)
2023-03-12 16:07:27.023  INFO DESKTOP-S8A3V6O --- [  restartedMain] c.e.l.Lr1Application                     : Info log
2023-03-12 16:07:27.024  WARN DESKTOP-S8A3V6O --- [  restartedMain] c.e.l.Lr1Application                     : Hey, This is a warning!
2023-03-12 16:07:27.025 ERROR DESKTOP-S8A3V6O --- [  restartedMain] c.e.l.Lr1Application                     : Oops! We have an Error. OK
2023-03-12 16:07:27.025 FATAL DESKTOP-S8A3V6O --- [  restartedMain] c.e.l.Lr1Application                     : Damn! Fatal error. Please fix me.
2023-03-12 16:07:27.026  INFO DESKTOP-S8A3V6O --- [  restartedMain] c.e.l.Lr1Application                     : start logger
2023-03-12 16:08:12.739 ERROR DESKTOP-S8A3V6O --- [nio-8080-exec-3] a.w.r.e.AbstractErrorWebExceptionHandler : [3e220a86]  500 Server Error for HTTP GET "/number?num=-1"
jakarta.validation.ConstraintViolationException: showRandList.num: должно быть не меньше 5
	at org.springframework.validation.beanvalidation.MethodValidationInterceptor.invoke(MethodValidationInterceptor.java:138)
	Suppressed: The stacktrace has been enhanced by Reactor, refer to additional information below: 
Error has been observed at the following site(s):
	*__checkpoint ⇢ org.springframework.web.filter.reactive.ServerWebExchangeContextFilter [DefaultWebFilterChain]
	*__checkpoint ⇢ org.springframework.cloud.gateway.filter.WeightCalculatorWebFilter [DefaultWebFilterChain]
	*__checkpoint ⇢ org.springframework.web.filter.reactive.ServerHttpObservationFilter [DefaultWebFilterChain]
	*__checkpoint ⇢ HTTP GET "/number?num=-1" [ExceptionHandlingWebHandler]
Original Stack Trace:
		at org.springframework.validation.beanvalidation.MethodValidationInterceptor.invoke(MethodValidationInterceptor.java:138)
		at org.springframework.aop.framework.ReflectiveMethodInvocation.proceed(ReflectiveMethodInvocation.java:184)
		at org.springframework.aop.framework.CglibAopProxy$CglibMethodInvocation.proceed(CglibAopProxy.java:750)
		at org.springframework.aop.framework.CglibAopProxy$DynamicAdvisedInterceptor.intercept(CglibAopProxy.java:702)
		at com.example.lr1.NumControl$$SpringCGLIB$$0.showRandList(<generated>)
		at java.base/jdk.internal.reflect.DirectMethodHandleAccessor.invoke(DirectMethodHandleAccessor.java:104)
		at java.base/java.lang.reflect.Method.invoke(Method.java:578)
		at org.springframework.web.reactive.result.method.InvocableHandlerMethod.lambda$invoke$0(InvocableHandlerMethod.java:145)
		at reactor.core.publisher.MonoFlatMap$FlatMapMain.onNext(MonoFlatMap.java:132)
		at reactor.core.publisher.MonoZip$ZipCoordinator.signal(MonoZip.java:293)
		at reactor.core.publisher.MonoZip$ZipInner.onNext(MonoZip.java:474)
		at reactor.core.publisher.MonoPeekTerminal$MonoTerminalPeekSubscriber.onNext(MonoPeekTerminal.java:180)
		at reactor.core.publisher.FluxDefaultIfEmpty$DefaultIfEmptySubscriber.onNext(FluxDefaultIfEmpty.java:122)
		at reactor.core.publisher.FluxSwitchIfEmpty$SwitchIfEmptySubscriber.onNext(FluxSwitchIfEmpty.java:74)
		at reactor.core.publisher.Operators$ScalarSubscription.request(Operators.java:2545)
		at reactor.core.publisher.Operators$MultiSubscriptionSubscriber.set(Operators.java:2341)
		at reactor.core.publisher.Operators$MultiSubscriptionSubscriber.onSubscribe(Operators.java:2215)
		at reactor.core.publisher.FluxFlatMap.trySubscribeScalarMap(FluxFlatMap.java:192)
		at reactor.core.publisher.MonoFlatMap.subscribeOrReturn(MonoFlatMap.java:53)
		at reactor.core.publisher.InternalMonoOperator.subscribe(InternalMonoOperator.java:57)
		at reactor.core.publisher.MonoZip$ZipCoordinator.request(MonoZip.java:216)
		at reactor.core.publisher.MonoFlatMap$FlatMapMain.request(MonoFlatMap.java:194)
		at reactor.core.publisher.MonoIgnoreThen$ThenIgnoreMain.onSubscribe(MonoIgnoreThen.java:134)
		at reactor.core.publisher.MonoFlatMap$FlatMapMain.onSubscribe(MonoFlatMap.java:117)
		at reactor.core.publisher.MonoZip.subscribe(MonoZip.java:125)
		at reactor.core.publisher.InternalMonoOperator.subscribe(InternalMonoOperator.java:64)
		at reactor.core.publisher.MonoDefer.subscribe(MonoDefer.java:52)
		at reactor.core.publisher.MonoIgnoreThen$ThenIgnoreMain.subscribeNext(MonoIgnoreThen.java:240)
		at reactor.core.publisher.MonoIgnoreThen$ThenIgnoreMain.onComplete(MonoIgnoreThen.java:203)
		at reactor.core.publisher.MonoFlatMap$FlatMapMain.onComplete(MonoFlatMap.java:189)
		at reactor.core.publisher.Operators.complete(Operators.java:137)
		at reactor.core.publisher.MonoZip.subscribe(MonoZip.java:121)
		at reactor.core.publisher.Mono.subscribe(Mono.java:4485)
		at reactor.core.publisher.MonoIgnoreThen$ThenIgnoreMain.subscribeNext(MonoIgnoreThen.java:263)
		at reactor.core.publisher.MonoIgnoreThen.subscribe(MonoIgnoreThen.java:51)
		at reactor.core.publisher.InternalMonoOperator.subscribe(InternalMonoOperator.java:64)
		at reactor.core.publisher.MonoFlatMap$FlatMapMain.onNext(MonoFlatMap.java:165)
		at reactor.core.publisher.FluxOnErrorResume$ResumeSubscriber.onNext(FluxOnErrorResume.java:79)
		at reactor.core.publisher.FluxSwitchIfEmpty$SwitchIfEmptySubscriber.onNext(FluxSwitchIfEmpty.java:74)
		at reactor.core.publisher.MonoNext$NextSubscriber.onNext(MonoNext.java:82)
		at reactor.core.publisher.FluxConcatMapNoPrefetch$FluxConcatMapNoPrefetchSubscriber.innerNext(FluxConcatMapNoPrefetch.java:258)
		at reactor.core.publisher.FluxConcatMap$ConcatMapInner.onNext(FluxConcatMap.java:863)
		at reactor.core.publisher.FluxMapFuseable$MapFuseableSubscriber.onNext(FluxMapFuseable.java:129)
		at reactor.core.publisher.MonoPeekTerminal$MonoTerminalPeekSubscriber.onNext(MonoPeekTerminal.java:180)
		at reactor.core.publisher.Operators$ScalarSubscription.request(Operators.java:2545)
		at reactor.core.publisher.MonoPeekTerminal$MonoTerminalPeekSubscriber.request(MonoPeekTerminal.java:139)
		at reactor.core.publisher.FluxMapFuseable$MapFuseableSubscriber.request(FluxMapFuseable.java:171)
		at reactor.core.publisher.Operators$MultiSubscriptionSubscriber.request(Operators.java:2305)
		at reactor.core.publisher.FluxConcatMapNoPrefetch$FluxConcatMapNoPrefetchSubscriber.request(FluxConcatMapNoPrefetch.java:338)
		at reactor.core.publisher.MonoNext$NextSubscriber.request(MonoNext.java:108)
		at reactor.core.publisher.Operators$MultiSubscriptionSubscriber.set(Operators.java:2341)
		at reactor.core.publisher.Operators$MultiSubscriptionSubscriber.onSubscribe(Operators.java:2215)
		at reactor.core.publisher.MonoNext$NextSubscriber.onSubscribe(MonoNext.java:70)
		at reactor.core.publisher.FluxConcatMapNoPrefetch$FluxConcatMapNoPrefetchSubscriber.onSubscribe(FluxConcatMapNoPrefetch.java:164)
		at reactor.core.publisher.FluxIterable.subscribe(FluxIterable.java:201)
		at reactor.core.publisher.FluxIterable.subscribe(FluxIterable.java:83)
		at reactor.core.publisher.InternalMonoOperator.subscribe(InternalMonoOperator.java:64)
		at reactor.core.publisher.MonoDefer.subscribe(MonoDefer.java:52)
		at reactor.core.publisher.InternalMonoOperator.subscribe(InternalMonoOperator.java:64)
		at reactor.core.publisher.MonoDefer.subscribe(MonoDefer.java:52)
		at reactor.core.publisher.InternalMonoOperator.subscribe(InternalMonoOperator.java:64)
		at reactor.core.publisher.MonoDefer.subscribe(MonoDefer.java:52)
		at reactor.core.publisher.InternalMonoOperator.subscribe(InternalMonoOperator.java:64)
		at reactor.core.publisher.MonoDefer.subscribe(MonoDefer.java:52)
		at reactor.core.publisher.InternalMonoOperator.subscribe(InternalMonoOperator.java:64)
		at reactor.core.publisher.MonoDefer.subscribe(MonoDefer.java:52)
		at reactor.core.publisher.Mono.subscribe(Mono.java:4485)
		at reactor.core.publisher.MonoIgnoreThen$ThenIgnoreMain.subscribeNext(MonoIgnoreThen.java:263)
		at reactor.core.publisher.MonoIgnoreThen.subscribe(MonoIgnoreThen.java:51)
		at reactor.core.publisher.Mono.subscribe(Mono.java:4485)
		at org.springframework.http.server.reactive.ServletHttpHandlerAdapter.service(ServletHttpHandlerAdapter.java:199)
		at org.apache.catalina.core.ApplicationFilterChain.internalDoFilter(ApplicationFilterChain.java:223)
		at org.apache.catalina.core.ApplicationFilterChain.doFilter(ApplicationFilterChain.java:158)
		at org.apache.tomcat.websocket.server.WsFilter.doFilter(WsFilter.java:53)
		at org.apache.catalina.core.ApplicationFilterChain.internalDoFilter(ApplicationFilterChain.java:185)
		at org.apache.catalina.core.ApplicationFilterChain.doFilter(ApplicationFilterChain.java:158)
		at org.apache.catalina.core.StandardWrapperValve.invoke(StandardWrapperValve.java:177)
		at org.apache.catalina.core.StandardContextValve.invoke(StandardContextValve.java:97)
		at org.apache.catalina.authenticator.AuthenticatorBase.invoke(AuthenticatorBase.java:542)
		at org.apache.catalina.core.StandardHostValve.invoke(StandardHostValve.java:119)
		at org.apache.catalina.valves.ErrorReportValve.invoke(ErrorReportValve.java:92)
		at org.apache.catalina.core.StandardEngineValve.invoke(StandardEngineValve.java:78)
		at org.apache.catalina.connector.CoyoteAdapter.service(CoyoteAdapter.java:357)
		at org.apache.coyote.http11.Http11Processor.service(Http11Processor.java:400)
		at org.apache.coyote.AbstractProcessorLight.process(AbstractProcessorLight.java:65)
		at org.apache.coyote.AbstractProtocol$ConnectionHandler.process(AbstractProtocol.java:859)
		at org.apache.tomcat.util.net.NioEndpoint$SocketProcessor.doRun(NioEndpoint.java:1734)
		at org.apache.tomcat.util.net.SocketProcessorBase.run(SocketProcessorBase.java:52)
		at org.apache.tomcat.util.threads.ThreadPoolExecutor.runWorker(ThreadPoolExecutor.java:1191)
		at org.apache.tomcat.util.threads.ThreadPoolExecutor$Worker.run(ThreadPoolExecutor.java:659)
		at org.apache.tomcat.util.threads.TaskThread$WrappingRunnable.run(TaskThread.java:61)
		at java.base/java.lang.Thread.run(Thread.java:1589)
2023-03-12 18:57:44.880  INFO DESKTOP-S8A3V6O --- [kground-preinit] o.h.v.i.u.Version                        : HV000001: Hibernate Validator 8.0.0.Final
2023-03-12 18:57:44.992  INFO DESKTOP-S8A3V6O --- [  restartedMain] c.e.l.Lr1Application                     : Starting Lr1Application using Java 19.0.2 with PID 21352 (D:\Work\javalabs\lr1\target\classes started by Lenovo in D:\Work\javalabs\lr1)
2023-03-12 18:57:45.000  INFO DESKTOP-S8A3V6O --- [  restartedMain] c.e.l.Lr1Application                     : No active profile set, falling back to 1 default profile: "default"
2023-03-12 18:57:45.087  INFO DESKTOP-S8A3V6O --- [  restartedMain] .e.DevToolsPropertyDefaultsPostProcessor : Devtools property defaults active! Set 'spring.devtools.add-properties' to 'false' to disable
2023-03-12 18:57:45.088  INFO DESKTOP-S8A3V6O --- [  restartedMain] .e.DevToolsPropertyDefaultsPostProcessor : For additional web related logging consider setting the 'logging.level.web' property to 'DEBUG'
2023-03-12 18:57:46.895  INFO DESKTOP-S8A3V6O --- [  restartedMain] o.s.c.c.s.GenericScope                   : BeanFactory id=6c6003bb-202c-3248-8362-7984829bc22e
2023-03-12 18:57:47.339  INFO DESKTOP-S8A3V6O --- [  restartedMain] o.s.b.w.e.t.TomcatWebServer              : Tomcat initialized with port(s): 8080 (http)
2023-03-12 18:57:47.357  INFO DESKTOP-S8A3V6O --- [  restartedMain] o.a.c.h.Http11NioProtocol                : Initializing ProtocolHandler ["http-nio-8080"]
2023-03-12 18:57:47.360  INFO DESKTOP-S8A3V6O --- [  restartedMain] o.a.c.c.StandardService                  : Starting service [Tomcat]
2023-03-12 18:57:47.362  INFO DESKTOP-S8A3V6O --- [  restartedMain] o.a.c.c.StandardEngine                   : Starting Servlet engine: [Apache Tomcat/10.1.5]
2023-03-12 18:57:48.622  INFO DESKTOP-S8A3V6O --- [  restartedMain] o.s.c.g.r.RouteDefinitionRouteLocator    : Loaded RoutePredicateFactory [After]
2023-03-12 18:57:48.623  INFO DESKTOP-S8A3V6O --- [  restartedMain] o.s.c.g.r.RouteDefinitionRouteLocator    : Loaded RoutePredicateFactory [Before]
2023-03-12 18:57:48.624  INFO DESKTOP-S8A3V6O --- [  restartedMain] o.s.c.g.r.RouteDefinitionRouteLocator    : Loaded RoutePredicateFactory [Between]
2023-03-12 18:57:48.625  INFO DESKTOP-S8A3V6O --- [  restartedMain] o.s.c.g.r.RouteDefinitionRouteLocator    : Loaded RoutePredicateFactory [Cookie]
2023-03-12 18:57:48.625  INFO DESKTOP-S8A3V6O --- [  restartedMain] o.s.c.g.r.RouteDefinitionRouteLocator    : Loaded RoutePredicateFactory [Header]
2023-03-12 18:57:48.626  INFO DESKTOP-S8A3V6O --- [  restartedMain] o.s.c.g.r.RouteDefinitionRouteLocator    : Loaded RoutePredicateFactory [Host]
2023-03-12 18:57:48.627  INFO DESKTOP-S8A3V6O --- [  restartedMain] o.s.c.g.r.RouteDefinitionRouteLocator    : Loaded RoutePredicateFactory [Method]
2023-03-12 18:57:48.627  INFO DESKTOP-S8A3V6O --- [  restartedMain] o.s.c.g.r.RouteDefinitionRouteLocator    : Loaded RoutePredicateFactory [Path]
2023-03-12 18:57:48.628  INFO DESKTOP-S8A3V6O --- [  restartedMain] o.s.c.g.r.RouteDefinitionRouteLocator    : Loaded RoutePredicateFactory [Query]
2023-03-12 18:57:48.629  INFO DESKTOP-S8A3V6O --- [  restartedMain] o.s.c.g.r.RouteDefinitionRouteLocator    : Loaded RoutePredicateFactory [ReadBody]
2023-03-12 18:57:48.630  INFO DESKTOP-S8A3V6O --- [  restartedMain] o.s.c.g.r.RouteDefinitionRouteLocator    : Loaded RoutePredicateFactory [RemoteAddr]
2023-03-12 18:57:48.630  INFO DESKTOP-S8A3V6O --- [  restartedMain] o.s.c.g.r.RouteDefinitionRouteLocator    : Loaded RoutePredicateFactory [XForwardedRemoteAddr]
2023-03-12 18:57:48.631  INFO DESKTOP-S8A3V6O --- [  restartedMain] o.s.c.g.r.RouteDefinitionRouteLocator    : Loaded RoutePredicateFactory [Weight]
2023-03-12 18:57:48.631  INFO DESKTOP-S8A3V6O --- [  restartedMain] o.s.c.g.r.RouteDefinitionRouteLocator    : Loaded RoutePredicateFactory [CloudFoundryRouteService]
2023-03-12 18:57:49.139  INFO DESKTOP-S8A3V6O --- [  restartedMain] o.s.b.a.e.w.EndpointLinksResolver        : Exposing 1 endpoint(s) beneath base path '/actuator'
2023-03-12 18:57:49.474  INFO DESKTOP-S8A3V6O --- [  restartedMain] o.s.b.d.a.OptionalLiveReloadServer       : LiveReload server is running on port 35729
2023-03-12 18:57:49.571  INFO DESKTOP-S8A3V6O --- [  restartedMain] o.a.c.h.Http11NioProtocol                : Starting ProtocolHandler ["http-nio-8080"]
2023-03-12 18:57:49.599  INFO DESKTOP-S8A3V6O --- [  restartedMain] o.s.b.w.e.t.TomcatWebServer              : Tomcat started on port(s): 8080 (http) with context path ''
2023-03-12 18:57:49.823  INFO DESKTOP-S8A3V6O --- [  restartedMain] c.e.l.Lr1Application                     : Started Lr1Application in 5.511 seconds (process running for 7.33)
2023-03-12 18:57:49.847  INFO DESKTOP-S8A3V6O --- [  restartedMain] c.e.l.Lr1Application                     : Info log
2023-03-12 18:57:49.847  WARN DESKTOP-S8A3V6O --- [  restartedMain] c.e.l.Lr1Application                     : Hey, This is a warning!
2023-03-12 18:57:49.848 ERROR DESKTOP-S8A3V6O --- [  restartedMain] c.e.l.Lr1Application                     : Oops! We have an Error. OK
2023-03-12 18:57:49.848 FATAL DESKTOP-S8A3V6O --- [  restartedMain] c.e.l.Lr1Application                     : Damn! Fatal error. Please fix me.
2023-03-12 18:57:49.849  INFO DESKTOP-S8A3V6O --- [  restartedMain] c.e.l.Lr1Application                     : start logger
2023-03-12 19:01:34.716 ERROR DESKTOP-S8A3V6O --- [io-8080-exec-10] a.w.r.e.AbstractErrorWebExceptionHandler : [1a522c8b]  500 Server Error for HTTP GET "/number?num=-3"
jakarta.validation.ConstraintViolationException: showRandList.num: должно быть не меньше 5
	at org.springframework.validation.beanvalidation.MethodValidationInterceptor.invoke(MethodValidationInterceptor.java:138)
	Suppressed: The stacktrace has been enhanced by Reactor, refer to additional information below: 
Error has been observed at the following site(s):
	*__checkpoint ⇢ org.springframework.web.filter.reactive.ServerWebExchangeContextFilter [DefaultWebFilterChain]
	*__checkpoint ⇢ org.springframework.cloud.gateway.filter.WeightCalculatorWebFilter [DefaultWebFilterChain]
	*__checkpoint ⇢ org.springframework.web.filter.reactive.ServerHttpObservationFilter [DefaultWebFilterChain]
	*__checkpoint ⇢ HTTP GET "/number?num=-3" [ExceptionHandlingWebHandler]
Original Stack Trace:
		at org.springframework.validation.beanvalidation.MethodValidationInterceptor.invoke(MethodValidationInterceptor.java:138)
		at org.springframework.aop.framework.ReflectiveMethodInvocation.proceed(ReflectiveMethodInvocation.java:184)
		at org.springframework.aop.framework.CglibAopProxy$CglibMethodInvocation.proceed(CglibAopProxy.java:750)
		at org.springframework.aop.framework.CglibAopProxy$DynamicAdvisedInterceptor.intercept(CglibAopProxy.java:702)
		at com.example.lr1.NumControl$$SpringCGLIB$$0.showRandList(<generated>)
		at java.base/jdk.internal.reflect.DirectMethodHandleAccessor.invoke(DirectMethodHandleAccessor.java:104)
		at java.base/java.lang.reflect.Method.invoke(Method.java:578)
		at org.springframework.web.reactive.result.method.InvocableHandlerMethod.lambda$invoke$0(InvocableHandlerMethod.java:145)
		at reactor.core.publisher.MonoFlatMap$FlatMapMain.onNext(MonoFlatMap.java:132)
		at reactor.core.publisher.MonoZip$ZipCoordinator.signal(MonoZip.java:293)
		at reactor.core.publisher.MonoZip$ZipInner.onNext(MonoZip.java:474)
		at reactor.core.publisher.MonoPeekTerminal$MonoTerminalPeekSubscriber.onNext(MonoPeekTerminal.java:180)
		at reactor.core.publisher.FluxDefaultIfEmpty$DefaultIfEmptySubscriber.onNext(FluxDefaultIfEmpty.java:122)
		at reactor.core.publisher.FluxSwitchIfEmpty$SwitchIfEmptySubscriber.onNext(FluxSwitchIfEmpty.java:74)
		at reactor.core.publisher.Operators$ScalarSubscription.request(Operators.java:2545)
		at reactor.core.publisher.Operators$MultiSubscriptionSubscriber.set(Operators.java:2341)
		at reactor.core.publisher.Operators$MultiSubscriptionSubscriber.onSubscribe(Operators.java:2215)
		at reactor.core.publisher.FluxFlatMap.trySubscribeScalarMap(FluxFlatMap.java:192)
		at reactor.core.publisher.MonoFlatMap.subscribeOrReturn(MonoFlatMap.java:53)
		at reactor.core.publisher.InternalMonoOperator.subscribe(InternalMonoOperator.java:57)
		at reactor.core.publisher.MonoZip$ZipCoordinator.request(MonoZip.java:216)
		at reactor.core.publisher.MonoFlatMap$FlatMapMain.request(MonoFlatMap.java:194)
		at reactor.core.publisher.MonoIgnoreThen$ThenIgnoreMain.onSubscribe(MonoIgnoreThen.java:134)
		at reactor.core.publisher.MonoFlatMap$FlatMapMain.onSubscribe(MonoFlatMap.java:117)
		at reactor.core.publisher.MonoZip.subscribe(MonoZip.java:125)
		at reactor.core.publisher.InternalMonoOperator.subscribe(InternalMonoOperator.java:64)
		at reactor.core.publisher.MonoDefer.subscribe(MonoDefer.java:52)
		at reactor.core.publisher.MonoIgnoreThen$ThenIgnoreMain.subscribeNext(MonoIgnoreThen.java:240)
		at reactor.core.publisher.MonoIgnoreThen$ThenIgnoreMain.onComplete(MonoIgnoreThen.java:203)
		at reactor.core.publisher.MonoFlatMap$FlatMapMain.onComplete(MonoFlatMap.java:189)
		at reactor.core.publisher.Operators.complete(Operators.java:137)
		at reactor.core.publisher.MonoZip.subscribe(MonoZip.java:121)
		at reactor.core.publisher.Mono.subscribe(Mono.java:4485)
		at reactor.core.publisher.MonoIgnoreThen$ThenIgnoreMain.subscribeNext(MonoIgnoreThen.java:263)
		at reactor.core.publisher.MonoIgnoreThen.subscribe(MonoIgnoreThen.java:51)
		at reactor.core.publisher.InternalMonoOperator.subscribe(InternalMonoOperator.java:64)
		at reactor.core.publisher.MonoFlatMap$FlatMapMain.onNext(MonoFlatMap.java:165)
		at reactor.core.publisher.FluxOnErrorResume$ResumeSubscriber.onNext(FluxOnErrorResume.java:79)
		at reactor.core.publisher.FluxSwitchIfEmpty$SwitchIfEmptySubscriber.onNext(FluxSwitchIfEmpty.java:74)
		at reactor.core.publisher.MonoNext$NextSubscriber.onNext(MonoNext.java:82)
		at reactor.core.publisher.FluxConcatMapNoPrefetch$FluxConcatMapNoPrefetchSubscriber.innerNext(FluxConcatMapNoPrefetch.java:258)
		at reactor.core.publisher.FluxConcatMap$ConcatMapInner.onNext(FluxConcatMap.java:863)
		at reactor.core.publisher.FluxMapFuseable$MapFuseableSubscriber.onNext(FluxMapFuseable.java:129)
		at reactor.core.publisher.MonoPeekTerminal$MonoTerminalPeekSubscriber.onNext(MonoPeekTerminal.java:180)
		at reactor.core.publisher.Operators$ScalarSubscription.request(Operators.java:2545)
		at reactor.core.publisher.MonoPeekTerminal$MonoTerminalPeekSubscriber.request(MonoPeekTerminal.java:139)
		at reactor.core.publisher.FluxMapFuseable$MapFuseableSubscriber.request(FluxMapFuseable.java:171)
		at reactor.core.publisher.Operators$MultiSubscriptionSubscriber.request(Operators.java:2305)
		at reactor.core.publisher.FluxConcatMapNoPrefetch$FluxConcatMapNoPrefetchSubscriber.request(FluxConcatMapNoPrefetch.java:338)
		at reactor.core.publisher.MonoNext$NextSubscriber.request(MonoNext.java:108)
		at reactor.core.publisher.Operators$MultiSubscriptionSubscriber.set(Operators.java:2341)
		at reactor.core.publisher.Operators$MultiSubscriptionSubscriber.onSubscribe(Operators.java:2215)
		at reactor.core.publisher.MonoNext$NextSubscriber.onSubscribe(MonoNext.java:70)
		at reactor.core.publisher.FluxConcatMapNoPrefetch$FluxConcatMapNoPrefetchSubscriber.onSubscribe(FluxConcatMapNoPrefetch.java:164)
		at reactor.core.publisher.FluxIterable.subscribe(FluxIterable.java:201)
		at reactor.core.publisher.FluxIterable.subscribe(FluxIterable.java:83)
		at reactor.core.publisher.InternalMonoOperator.subscribe(InternalMonoOperator.java:64)
		at reactor.core.publisher.MonoDefer.subscribe(MonoDefer.java:52)
		at reactor.core.publisher.InternalMonoOperator.subscribe(InternalMonoOperator.java:64)
		at reactor.core.publisher.MonoDefer.subscribe(MonoDefer.java:52)
		at reactor.core.publisher.InternalMonoOperator.subscribe(InternalMonoOperator.java:64)
		at reactor.core.publisher.MonoDefer.subscribe(MonoDefer.java:52)
		at reactor.core.publisher.InternalMonoOperator.subscribe(InternalMonoOperator.java:64)
		at reactor.core.publisher.MonoDefer.subscribe(MonoDefer.java:52)
		at reactor.core.publisher.InternalMonoOperator.subscribe(InternalMonoOperator.java:64)
		at reactor.core.publisher.MonoDefer.subscribe(MonoDefer.java:52)
		at reactor.core.publisher.Mono.subscribe(Mono.java:4485)
		at reactor.core.publisher.MonoIgnoreThen$ThenIgnoreMain.subscribeNext(MonoIgnoreThen.java:263)
		at reactor.core.publisher.MonoIgnoreThen.subscribe(MonoIgnoreThen.java:51)
		at reactor.core.publisher.Mono.subscribe(Mono.java:4485)
		at org.springframework.http.server.reactive.ServletHttpHandlerAdapter.service(ServletHttpHandlerAdapter.java:199)
		at org.apache.catalina.core.ApplicationFilterChain.internalDoFilter(ApplicationFilterChain.java:223)
		at org.apache.catalina.core.ApplicationFilterChain.doFilter(ApplicationFilterChain.java:158)
		at org.apache.tomcat.websocket.server.WsFilter.doFilter(WsFilter.java:53)
		at org.apache.catalina.core.ApplicationFilterChain.internalDoFilter(ApplicationFilterChain.java:185)
		at org.apache.catalina.core.ApplicationFilterChain.doFilter(ApplicationFilterChain.java:158)
		at org.apache.catalina.core.StandardWrapperValve.invoke(StandardWrapperValve.java:177)
		at org.apache.catalina.core.StandardContextValve.invoke(StandardContextValve.java:97)
		at org.apache.catalina.authenticator.AuthenticatorBase.invoke(AuthenticatorBase.java:542)
		at org.apache.catalina.core.StandardHostValve.invoke(StandardHostValve.java:119)
		at org.apache.catalina.valves.ErrorReportValve.invoke(ErrorReportValve.java:92)
		at org.apache.catalina.core.StandardEngineValve.invoke(StandardEngineValve.java:78)
		at org.apache.catalina.connector.CoyoteAdapter.service(CoyoteAdapter.java:357)
		at org.apache.coyote.http11.Http11Processor.service(Http11Processor.java:400)
		at org.apache.coyote.AbstractProcessorLight.process(AbstractProcessorLight.java:65)
		at org.apache.coyote.AbstractProtocol$ConnectionHandler.process(AbstractProtocol.java:859)
		at org.apache.tomcat.util.net.NioEndpoint$SocketProcessor.doRun(NioEndpoint.java:1734)
		at org.apache.tomcat.util.net.SocketProcessorBase.run(SocketProcessorBase.java:52)
		at org.apache.tomcat.util.threads.ThreadPoolExecutor.runWorker(ThreadPoolExecutor.java:1191)
		at org.apache.tomcat.util.threads.ThreadPoolExecutor$Worker.run(ThreadPoolExecutor.java:659)
		at org.apache.tomcat.util.threads.TaskThread$WrappingRunnable.run(TaskThread.java:61)
		at java.base/java.lang.Thread.run(Thread.java:1589)
2023-03-12 19:36:21.344  INFO DESKTOP-S8A3V6O --- [kground-preinit] o.h.v.i.u.Version                        : HV000001: Hibernate Validator 8.0.0.Final
2023-03-12 19:36:21.433  INFO DESKTOP-S8A3V6O --- [  restartedMain] c.e.l.Lr1Application                     : Starting Lr1Application using Java 19.0.2 with PID 14880 (D:\Work\javalabs\lr1\target\classes started by Lenovo in D:\Work\javalabs\lr1)
2023-03-12 19:36:21.440  INFO DESKTOP-S8A3V6O --- [  restartedMain] c.e.l.Lr1Application                     : No active profile set, falling back to 1 default profile: "default"
2023-03-12 19:36:21.523  INFO DESKTOP-S8A3V6O --- [  restartedMain] .e.DevToolsPropertyDefaultsPostProcessor : Devtools property defaults active! Set 'spring.devtools.add-properties' to 'false' to disable
2023-03-12 19:36:21.524  INFO DESKTOP-S8A3V6O --- [  restartedMain] .e.DevToolsPropertyDefaultsPostProcessor : For additional web related logging consider setting the 'logging.level.web' property to 'DEBUG'
2023-03-12 19:36:23.271  INFO DESKTOP-S8A3V6O --- [  restartedMain] o.s.c.c.s.GenericScope                   : BeanFactory id=6c6003bb-202c-3248-8362-7984829bc22e
2023-03-12 19:36:23.683  INFO DESKTOP-S8A3V6O --- [  restartedMain] o.s.b.w.e.t.TomcatWebServer              : Tomcat initialized with port(s): 8080 (http)
2023-03-12 19:36:23.696  INFO DESKTOP-S8A3V6O --- [  restartedMain] o.a.c.h.Http11NioProtocol                : Initializing ProtocolHandler ["http-nio-8080"]
2023-03-12 19:36:23.697  INFO DESKTOP-S8A3V6O --- [  restartedMain] o.a.c.c.StandardService                  : Starting service [Tomcat]
2023-03-12 19:36:23.698  INFO DESKTOP-S8A3V6O --- [  restartedMain] o.a.c.c.StandardEngine                   : Starting Servlet engine: [Apache Tomcat/10.1.5]
2023-03-12 19:36:24.891  INFO DESKTOP-S8A3V6O --- [  restartedMain] o.s.c.g.r.RouteDefinitionRouteLocator    : Loaded RoutePredicateFactory [After]
2023-03-12 19:36:24.892  INFO DESKTOP-S8A3V6O --- [  restartedMain] o.s.c.g.r.RouteDefinitionRouteLocator    : Loaded RoutePredicateFactory [Before]
2023-03-12 19:36:24.893  INFO DESKTOP-S8A3V6O --- [  restartedMain] o.s.c.g.r.RouteDefinitionRouteLocator    : Loaded RoutePredicateFactory [Between]
2023-03-12 19:36:24.894  INFO DESKTOP-S8A3V6O --- [  restartedMain] o.s.c.g.r.RouteDefinitionRouteLocator    : Loaded RoutePredicateFactory [Cookie]
2023-03-12 19:36:24.895  INFO DESKTOP-S8A3V6O --- [  restartedMain] o.s.c.g.r.RouteDefinitionRouteLocator    : Loaded RoutePredicateFactory [Header]
2023-03-12 19:36:24.895  INFO DESKTOP-S8A3V6O --- [  restartedMain] o.s.c.g.r.RouteDefinitionRouteLocator    : Loaded RoutePredicateFactory [Host]
2023-03-12 19:36:24.896  INFO DESKTOP-S8A3V6O --- [  restartedMain] o.s.c.g.r.RouteDefinitionRouteLocator    : Loaded RoutePredicateFactory [Method]
2023-03-12 19:36:24.897  INFO DESKTOP-S8A3V6O --- [  restartedMain] o.s.c.g.r.RouteDefinitionRouteLocator    : Loaded RoutePredicateFactory [Path]
2023-03-12 19:36:24.897  INFO DESKTOP-S8A3V6O --- [  restartedMain] o.s.c.g.r.RouteDefinitionRouteLocator    : Loaded RoutePredicateFactory [Query]
2023-03-12 19:36:24.898  INFO DESKTOP-S8A3V6O --- [  restartedMain] o.s.c.g.r.RouteDefinitionRouteLocator    : Loaded RoutePredicateFactory [ReadBody]
2023-03-12 19:36:24.899  INFO DESKTOP-S8A3V6O --- [  restartedMain] o.s.c.g.r.RouteDefinitionRouteLocator    : Loaded RoutePredicateFactory [RemoteAddr]
2023-03-12 19:36:24.900  INFO DESKTOP-S8A3V6O --- [  restartedMain] o.s.c.g.r.RouteDefinitionRouteLocator    : Loaded RoutePredicateFactory [XForwardedRemoteAddr]
2023-03-12 19:36:24.901  INFO DESKTOP-S8A3V6O --- [  restartedMain] o.s.c.g.r.RouteDefinitionRouteLocator    : Loaded RoutePredicateFactory [Weight]
2023-03-12 19:36:24.902  INFO DESKTOP-S8A3V6O --- [  restartedMain] o.s.c.g.r.RouteDefinitionRouteLocator    : Loaded RoutePredicateFactory [CloudFoundryRouteService]
2023-03-12 19:36:25.494  INFO DESKTOP-S8A3V6O --- [  restartedMain] o.s.b.a.e.w.EndpointLinksResolver        : Exposing 1 endpoint(s) beneath base path '/actuator'
2023-03-12 19:36:25.862  INFO DESKTOP-S8A3V6O --- [  restartedMain] o.s.b.d.a.OptionalLiveReloadServer       : LiveReload server is running on port 35729
2023-03-12 19:36:25.958  INFO DESKTOP-S8A3V6O --- [  restartedMain] o.a.c.h.Http11NioProtocol                : Starting ProtocolHandler ["http-nio-8080"]
2023-03-12 19:36:25.985  INFO DESKTOP-S8A3V6O --- [  restartedMain] o.s.b.w.e.t.TomcatWebServer              : Tomcat started on port(s): 8080 (http) with context path ''
2023-03-12 19:36:26.270  INFO DESKTOP-S8A3V6O --- [  restartedMain] c.e.l.Lr1Application                     : Started Lr1Application in 5.536 seconds (process running for 7.348)
2023-03-12 19:36:26.279  INFO DESKTOP-S8A3V6O --- [  restartedMain] c.e.l.Lr1Application                     : Info log
2023-03-12 19:36:26.280  WARN DESKTOP-S8A3V6O --- [  restartedMain] c.e.l.Lr1Application                     : Warning
2023-03-12 19:36:26.280 ERROR DESKTOP-S8A3V6O --- [  restartedMain] c.e.l.Lr1Application                     : Error 
2023-03-12 19:36:26.281 FATAL DESKTOP-S8A3V6O --- [  restartedMain] c.e.l.Lr1Application                     : Fatal error 
2023-03-12 19:37:30.090 ERROR DESKTOP-S8A3V6O --- [nio-8080-exec-4] a.w.r.e.AbstractErrorWebExceptionHandler : [7109223f]  500 Server Error for HTTP GET "/number?num=-7"
jakarta.validation.ConstraintViolationException: showRandList.num: должно быть не меньше 5
	at org.springframework.validation.beanvalidation.MethodValidationInterceptor.invoke(MethodValidationInterceptor.java:138)
	Suppressed: The stacktrace has been enhanced by Reactor, refer to additional information below: 
Error has been observed at the following site(s):
	*__checkpoint ⇢ org.springframework.web.filter.reactive.ServerWebExchangeContextFilter [DefaultWebFilterChain]
	*__checkpoint ⇢ org.springframework.cloud.gateway.filter.WeightCalculatorWebFilter [DefaultWebFilterChain]
	*__checkpoint ⇢ org.springframework.web.filter.reactive.ServerHttpObservationFilter [DefaultWebFilterChain]
	*__checkpoint ⇢ HTTP GET "/number?num=-7" [ExceptionHandlingWebHandler]
Original Stack Trace:
		at org.springframework.validation.beanvalidation.MethodValidationInterceptor.invoke(MethodValidationInterceptor.java:138)
		at org.springframework.aop.framework.ReflectiveMethodInvocation.proceed(ReflectiveMethodInvocation.java:184)
		at org.springframework.aop.framework.CglibAopProxy$CglibMethodInvocation.proceed(CglibAopProxy.java:750)
		at org.springframework.aop.framework.CglibAopProxy$DynamicAdvisedInterceptor.intercept(CglibAopProxy.java:702)
		at com.example.lr1.NumControl$$SpringCGLIB$$0.showRandList(<generated>)
		at java.base/jdk.internal.reflect.DirectMethodHandleAccessor.invoke(DirectMethodHandleAccessor.java:104)
		at java.base/java.lang.reflect.Method.invoke(Method.java:578)
		at org.springframework.web.reactive.result.method.InvocableHandlerMethod.lambda$invoke$0(InvocableHandlerMethod.java:145)
		at reactor.core.publisher.MonoFlatMap$FlatMapMain.onNext(MonoFlatMap.java:132)
		at reactor.core.publisher.MonoZip$ZipCoordinator.signal(MonoZip.java:293)
		at reactor.core.publisher.MonoZip$ZipInner.onNext(MonoZip.java:474)
		at reactor.core.publisher.MonoPeekTerminal$MonoTerminalPeekSubscriber.onNext(MonoPeekTerminal.java:180)
		at reactor.core.publisher.FluxDefaultIfEmpty$DefaultIfEmptySubscriber.onNext(FluxDefaultIfEmpty.java:122)
		at reactor.core.publisher.FluxSwitchIfEmpty$SwitchIfEmptySubscriber.onNext(FluxSwitchIfEmpty.java:74)
		at reactor.core.publisher.Operators$ScalarSubscription.request(Operators.java:2545)
		at reactor.core.publisher.Operators$MultiSubscriptionSubscriber.set(Operators.java:2341)
		at reactor.core.publisher.Operators$MultiSubscriptionSubscriber.onSubscribe(Operators.java:2215)
		at reactor.core.publisher.FluxFlatMap.trySubscribeScalarMap(FluxFlatMap.java:192)
		at reactor.core.publisher.MonoFlatMap.subscribeOrReturn(MonoFlatMap.java:53)
		at reactor.core.publisher.InternalMonoOperator.subscribe(InternalMonoOperator.java:57)
		at reactor.core.publisher.MonoZip$ZipCoordinator.request(MonoZip.java:216)
		at reactor.core.publisher.MonoFlatMap$FlatMapMain.request(MonoFlatMap.java:194)
		at reactor.core.publisher.MonoIgnoreThen$ThenIgnoreMain.onSubscribe(MonoIgnoreThen.java:134)
		at reactor.core.publisher.MonoFlatMap$FlatMapMain.onSubscribe(MonoFlatMap.java:117)
		at reactor.core.publisher.MonoZip.subscribe(MonoZip.java:125)
		at reactor.core.publisher.InternalMonoOperator.subscribe(InternalMonoOperator.java:64)
		at reactor.core.publisher.MonoDefer.subscribe(MonoDefer.java:52)
		at reactor.core.publisher.MonoIgnoreThen$ThenIgnoreMain.subscribeNext(MonoIgnoreThen.java:240)
		at reactor.core.publisher.MonoIgnoreThen$ThenIgnoreMain.onComplete(MonoIgnoreThen.java:203)
		at reactor.core.publisher.MonoFlatMap$FlatMapMain.onComplete(MonoFlatMap.java:189)
		at reactor.core.publisher.Operators.complete(Operators.java:137)
		at reactor.core.publisher.MonoZip.subscribe(MonoZip.java:121)
		at reactor.core.publisher.Mono.subscribe(Mono.java:4485)
		at reactor.core.publisher.MonoIgnoreThen$ThenIgnoreMain.subscribeNext(MonoIgnoreThen.java:263)
		at reactor.core.publisher.MonoIgnoreThen.subscribe(MonoIgnoreThen.java:51)
		at reactor.core.publisher.InternalMonoOperator.subscribe(InternalMonoOperator.java:64)
		at reactor.core.publisher.MonoFlatMap$FlatMapMain.onNext(MonoFlatMap.java:165)
		at reactor.core.publisher.FluxOnErrorResume$ResumeSubscriber.onNext(FluxOnErrorResume.java:79)
		at reactor.core.publisher.FluxSwitchIfEmpty$SwitchIfEmptySubscriber.onNext(FluxSwitchIfEmpty.java:74)
		at reactor.core.publisher.MonoNext$NextSubscriber.onNext(MonoNext.java:82)
		at reactor.core.publisher.FluxConcatMapNoPrefetch$FluxConcatMapNoPrefetchSubscriber.innerNext(FluxConcatMapNoPrefetch.java:258)
		at reactor.core.publisher.FluxConcatMap$ConcatMapInner.onNext(FluxConcatMap.java:863)
		at reactor.core.publisher.FluxMapFuseable$MapFuseableSubscriber.onNext(FluxMapFuseable.java:129)
		at reactor.core.publisher.MonoPeekTerminal$MonoTerminalPeekSubscriber.onNext(MonoPeekTerminal.java:180)
		at reactor.core.publisher.Operators$ScalarSubscription.request(Operators.java:2545)
		at reactor.core.publisher.MonoPeekTerminal$MonoTerminalPeekSubscriber.request(MonoPeekTerminal.java:139)
		at reactor.core.publisher.FluxMapFuseable$MapFuseableSubscriber.request(FluxMapFuseable.java:171)
		at reactor.core.publisher.Operators$MultiSubscriptionSubscriber.request(Operators.java:2305)
		at reactor.core.publisher.FluxConcatMapNoPrefetch$FluxConcatMapNoPrefetchSubscriber.request(FluxConcatMapNoPrefetch.java:338)
		at reactor.core.publisher.MonoNext$NextSubscriber.request(MonoNext.java:108)
		at reactor.core.publisher.Operators$MultiSubscriptionSubscriber.set(Operators.java:2341)
		at reactor.core.publisher.Operators$MultiSubscriptionSubscriber.onSubscribe(Operators.java:2215)
		at reactor.core.publisher.MonoNext$NextSubscriber.onSubscribe(MonoNext.java:70)
		at reactor.core.publisher.FluxConcatMapNoPrefetch$FluxConcatMapNoPrefetchSubscriber.onSubscribe(FluxConcatMapNoPrefetch.java:164)
		at reactor.core.publisher.FluxIterable.subscribe(FluxIterable.java:201)
		at reactor.core.publisher.FluxIterable.subscribe(FluxIterable.java:83)
		at reactor.core.publisher.InternalMonoOperator.subscribe(InternalMonoOperator.java:64)
		at reactor.core.publisher.MonoDefer.subscribe(MonoDefer.java:52)
		at reactor.core.publisher.InternalMonoOperator.subscribe(InternalMonoOperator.java:64)
		at reactor.core.publisher.MonoDefer.subscribe(MonoDefer.java:52)
		at reactor.core.publisher.InternalMonoOperator.subscribe(InternalMonoOperator.java:64)
		at reactor.core.publisher.MonoDefer.subscribe(MonoDefer.java:52)
		at reactor.core.publisher.InternalMonoOperator.subscribe(InternalMonoOperator.java:64)
		at reactor.core.publisher.MonoDefer.subscribe(MonoDefer.java:52)
		at reactor.core.publisher.InternalMonoOperator.subscribe(InternalMonoOperator.java:64)
		at reactor.core.publisher.MonoDefer.subscribe(MonoDefer.java:52)
		at reactor.core.publisher.Mono.subscribe(Mono.java:4485)
		at reactor.core.publisher.MonoIgnoreThen$ThenIgnoreMain.subscribeNext(MonoIgnoreThen.java:263)
		at reactor.core.publisher.MonoIgnoreThen.subscribe(MonoIgnoreThen.java:51)
		at reactor.core.publisher.Mono.subscribe(Mono.java:4485)
		at org.springframework.http.server.reactive.ServletHttpHandlerAdapter.service(ServletHttpHandlerAdapter.java:199)
		at org.apache.catalina.core.ApplicationFilterChain.internalDoFilter(ApplicationFilterChain.java:223)
		at org.apache.catalina.core.ApplicationFilterChain.doFilter(ApplicationFilterChain.java:158)
		at org.apache.tomcat.websocket.server.WsFilter.doFilter(WsFilter.java:53)
		at org.apache.catalina.core.ApplicationFilterChain.internalDoFilter(ApplicationFilterChain.java:185)
		at org.apache.catalina.core.ApplicationFilterChain.doFilter(ApplicationFilterChain.java:158)
		at org.apache.catalina.core.StandardWrapperValve.invoke(StandardWrapperValve.java:177)
		at org.apache.catalina.core.StandardContextValve.invoke(StandardContextValve.java:97)
		at org.apache.catalina.authenticator.AuthenticatorBase.invoke(AuthenticatorBase.java:542)
		at org.apache.catalina.core.StandardHostValve.invoke(StandardHostValve.java:119)
		at org.apache.catalina.valves.ErrorReportValve.invoke(ErrorReportValve.java:92)
		at org.apache.catalina.core.StandardEngineValve.invoke(StandardEngineValve.java:78)
		at org.apache.catalina.connector.CoyoteAdapter.service(CoyoteAdapter.java:357)
		at org.apache.coyote.http11.Http11Processor.service(Http11Processor.java:400)
		at org.apache.coyote.AbstractProcessorLight.process(AbstractProcessorLight.java:65)
		at org.apache.coyote.AbstractProtocol$ConnectionHandler.process(AbstractProtocol.java:859)
		at org.apache.tomcat.util.net.NioEndpoint$SocketProcessor.doRun(NioEndpoint.java:1734)
		at org.apache.tomcat.util.net.SocketProcessorBase.run(SocketProcessorBase.java:52)
		at org.apache.tomcat.util.threads.ThreadPoolExecutor.runWorker(ThreadPoolExecutor.java:1191)
		at org.apache.tomcat.util.threads.ThreadPoolExecutor$Worker.run(ThreadPoolExecutor.java:659)
		at org.apache.tomcat.util.threads.TaskThread$WrappingRunnable.run(TaskThread.java:61)
		at java.base/java.lang.Thread.run(Thread.java:1589)
2023-03-12 19:50:03.456  INFO DESKTOP-S8A3V6O --- [kground-preinit] o.h.v.i.u.Version                        : HV000001: Hibernate Validator 8.0.0.Final
2023-03-12 19:50:03.549  INFO DESKTOP-S8A3V6O --- [  restartedMain] c.e.l.Lr1Application                     : Starting Lr1Application using Java 19.0.2 with PID 4508 (D:\Work\javalabs\lr1\target\classes started by Lenovo in D:\Work\javalabs\lr1)
2023-03-12 19:50:03.556  INFO DESKTOP-S8A3V6O --- [  restartedMain] c.e.l.Lr1Application                     : No active profile set, falling back to 1 default profile: "default"
2023-03-12 19:50:03.638  INFO DESKTOP-S8A3V6O --- [  restartedMain] .e.DevToolsPropertyDefaultsPostProcessor : Devtools property defaults active! Set 'spring.devtools.add-properties' to 'false' to disable
2023-03-12 19:50:03.639  INFO DESKTOP-S8A3V6O --- [  restartedMain] .e.DevToolsPropertyDefaultsPostProcessor : For additional web related logging consider setting the 'logging.level.web' property to 'DEBUG'
2023-03-12 19:50:05.397  INFO DESKTOP-S8A3V6O --- [  restartedMain] o.s.c.c.s.GenericScope                   : BeanFactory id=6c6003bb-202c-3248-8362-7984829bc22e
2023-03-12 19:50:05.851  INFO DESKTOP-S8A3V6O --- [  restartedMain] o.s.b.w.e.t.TomcatWebServer              : Tomcat initialized with port(s): 8080 (http)
2023-03-12 19:50:05.864  INFO DESKTOP-S8A3V6O --- [  restartedMain] o.a.c.h.Http11NioProtocol                : Initializing ProtocolHandler ["http-nio-8080"]
2023-03-12 19:50:05.867  INFO DESKTOP-S8A3V6O --- [  restartedMain] o.a.c.c.StandardService                  : Starting service [Tomcat]
2023-03-12 19:50:05.868  INFO DESKTOP-S8A3V6O --- [  restartedMain] o.a.c.c.StandardEngine                   : Starting Servlet engine: [Apache Tomcat/10.1.5]
2023-03-12 19:50:07.012  INFO DESKTOP-S8A3V6O --- [  restartedMain] o.s.c.g.r.RouteDefinitionRouteLocator    : Loaded RoutePredicateFactory [After]
2023-03-12 19:50:07.013  INFO DESKTOP-S8A3V6O --- [  restartedMain] o.s.c.g.r.RouteDefinitionRouteLocator    : Loaded RoutePredicateFactory [Before]
2023-03-12 19:50:07.014  INFO DESKTOP-S8A3V6O --- [  restartedMain] o.s.c.g.r.RouteDefinitionRouteLocator    : Loaded RoutePredicateFactory [Between]
2023-03-12 19:50:07.015  INFO DESKTOP-S8A3V6O --- [  restartedMain] o.s.c.g.r.RouteDefinitionRouteLocator    : Loaded RoutePredicateFactory [Cookie]
2023-03-12 19:50:07.016  INFO DESKTOP-S8A3V6O --- [  restartedMain] o.s.c.g.r.RouteDefinitionRouteLocator    : Loaded RoutePredicateFactory [Header]
2023-03-12 19:50:07.017  INFO DESKTOP-S8A3V6O --- [  restartedMain] o.s.c.g.r.RouteDefinitionRouteLocator    : Loaded RoutePredicateFactory [Host]
2023-03-12 19:50:07.018  INFO DESKTOP-S8A3V6O --- [  restartedMain] o.s.c.g.r.RouteDefinitionRouteLocator    : Loaded RoutePredicateFactory [Method]
2023-03-12 19:50:07.020  INFO DESKTOP-S8A3V6O --- [  restartedMain] o.s.c.g.r.RouteDefinitionRouteLocator    : Loaded RoutePredicateFactory [Path]
2023-03-12 19:50:07.020  INFO DESKTOP-S8A3V6O --- [  restartedMain] o.s.c.g.r.RouteDefinitionRouteLocator    : Loaded RoutePredicateFactory [Query]
2023-03-12 19:50:07.021  INFO DESKTOP-S8A3V6O --- [  restartedMain] o.s.c.g.r.RouteDefinitionRouteLocator    : Loaded RoutePredicateFactory [ReadBody]
2023-03-12 19:50:07.022  INFO DESKTOP-S8A3V6O --- [  restartedMain] o.s.c.g.r.RouteDefinitionRouteLocator    : Loaded RoutePredicateFactory [RemoteAddr]
2023-03-12 19:50:07.023  INFO DESKTOP-S8A3V6O --- [  restartedMain] o.s.c.g.r.RouteDefinitionRouteLocator    : Loaded RoutePredicateFactory [XForwardedRemoteAddr]
2023-03-12 19:50:07.024  INFO DESKTOP-S8A3V6O --- [  restartedMain] o.s.c.g.r.RouteDefinitionRouteLocator    : Loaded RoutePredicateFactory [Weight]
2023-03-12 19:50:07.025  INFO DESKTOP-S8A3V6O --- [  restartedMain] o.s.c.g.r.RouteDefinitionRouteLocator    : Loaded RoutePredicateFactory [CloudFoundryRouteService]
2023-03-12 19:50:07.586  INFO DESKTOP-S8A3V6O --- [  restartedMain] o.s.b.a.e.w.EndpointLinksResolver        : Exposing 1 endpoint(s) beneath base path '/actuator'
2023-03-12 19:50:07.972  INFO DESKTOP-S8A3V6O --- [  restartedMain] o.s.b.d.a.OptionalLiveReloadServer       : LiveReload server is running on port 35729
2023-03-12 19:50:08.089  INFO DESKTOP-S8A3V6O --- [  restartedMain] o.a.c.h.Http11NioProtocol                : Starting ProtocolHandler ["http-nio-8080"]
2023-03-12 19:50:08.119  INFO DESKTOP-S8A3V6O --- [  restartedMain] o.s.b.w.e.t.TomcatWebServer              : Tomcat started on port(s): 8080 (http) with context path ''
2023-03-12 19:50:08.417  INFO DESKTOP-S8A3V6O --- [  restartedMain] c.e.l.Lr1Application                     : Started Lr1Application in 5.508 seconds (process running for 7.296)
2023-03-12 19:50:08.431  INFO DESKTOP-S8A3V6O --- [  restartedMain] c.e.l.Lr1Application                     : Info log
2023-03-12 19:50:08.432  WARN DESKTOP-S8A3V6O --- [  restartedMain] c.e.l.Lr1Application                     : Warning
2023-03-12 19:50:08.433 ERROR DESKTOP-S8A3V6O --- [  restartedMain] c.e.l.Lr1Application                     : Error 
2023-03-12 19:50:08.433 FATAL DESKTOP-S8A3V6O --- [  restartedMain] c.e.l.Lr1Application                     : Fatal error 
2023-03-12 22:49:55.786  INFO DESKTOP-S8A3V6O --- [           main] t.c.s.AnnotationConfigContextLoaderUtils : Could not detect default configuration classes for test class [com.example.lr1.Lr1ApplicationTests]: Lr1ApplicationTests does not declare any static, non-private, non-final, nested classes annotated with @Configuration.
2023-03-12 22:49:55.943  INFO DESKTOP-S8A3V6O --- [           main] .b.t.c.SpringBootTestContextBootstrapper : Found @SpringBootConfiguration com.example.lr1.Lr1Application for test class com.example.lr1.Lr1ApplicationTests
2023-03-12 22:49:56.661  INFO DESKTOP-S8A3V6O --- [kground-preinit] o.h.v.i.u.Version                        : HV000001: Hibernate Validator 8.0.0.Final
2023-03-12 22:50:33.978  INFO DESKTOP-S8A3V6O --- [           main] t.c.s.AnnotationConfigContextLoaderUtils : Could not detect default configuration classes for test class [com.example.lr1.Lr1ApplicationTests]: Lr1ApplicationTests does not declare any static, non-private, non-final, nested classes annotated with @Configuration.
2023-03-12 22:50:34.117  INFO DESKTOP-S8A3V6O --- [           main] .b.t.c.SpringBootTestContextBootstrapper : Found @SpringBootConfiguration com.example.lr1.Lr1Application for test class com.example.lr1.Lr1ApplicationTests
2023-03-12 22:50:34.827  INFO DESKTOP-S8A3V6O --- [kground-preinit] o.h.v.i.u.Version                        : HV000001: Hibernate Validator 8.0.0.Final
2023-03-12 22:50:34.919  INFO DESKTOP-S8A3V6O --- [           main] c.e.l.Lr1ApplicationTests                : Starting Lr1ApplicationTests using Java 19.0.2 with PID 7776 (started by Lenovo in D:\Work\javalabs\lr1)
2023-03-12 22:50:34.927  INFO DESKTOP-S8A3V6O --- [           main] c.e.l.Lr1ApplicationTests                : No active profile set, falling back to 1 default profile: "default"
2023-03-12 22:50:36.499  INFO DESKTOP-S8A3V6O --- [           main] o.s.c.c.s.GenericScope                   : BeanFactory id=7e192b4b-d5cf-30ec-aef8-4ac6fb0b06c0
2023-03-12 22:50:38.070  INFO DESKTOP-S8A3V6O --- [           main] o.s.c.g.r.RouteDefinitionRouteLocator    : Loaded RoutePredicateFactory [After]
2023-03-12 22:50:38.070  INFO DESKTOP-S8A3V6O --- [           main] o.s.c.g.r.RouteDefinitionRouteLocator    : Loaded RoutePredicateFactory [Before]
2023-03-12 22:50:38.070  INFO DESKTOP-S8A3V6O --- [           main] o.s.c.g.r.RouteDefinitionRouteLocator    : Loaded RoutePredicateFactory [Between]
2023-03-12 22:50:38.071  INFO DESKTOP-S8A3V6O --- [           main] o.s.c.g.r.RouteDefinitionRouteLocator    : Loaded RoutePredicateFactory [Cookie]
2023-03-12 22:50:38.071  INFO DESKTOP-S8A3V6O --- [           main] o.s.c.g.r.RouteDefinitionRouteLocator    : Loaded RoutePredicateFactory [Header]
2023-03-12 22:50:38.071  INFO DESKTOP-S8A3V6O --- [           main] o.s.c.g.r.RouteDefinitionRouteLocator    : Loaded RoutePredicateFactory [Host]
2023-03-12 22:50:38.072  INFO DESKTOP-S8A3V6O --- [           main] o.s.c.g.r.RouteDefinitionRouteLocator    : Loaded RoutePredicateFactory [Method]
2023-03-12 22:50:38.072  INFO DESKTOP-S8A3V6O --- [           main] o.s.c.g.r.RouteDefinitionRouteLocator    : Loaded RoutePredicateFactory [Path]
2023-03-12 22:50:38.072  INFO DESKTOP-S8A3V6O --- [           main] o.s.c.g.r.RouteDefinitionRouteLocator    : Loaded RoutePredicateFactory [Query]
2023-03-12 22:50:38.072  INFO DESKTOP-S8A3V6O --- [           main] o.s.c.g.r.RouteDefinitionRouteLocator    : Loaded RoutePredicateFactory [ReadBody]
2023-03-12 22:50:38.073  INFO DESKTOP-S8A3V6O --- [           main] o.s.c.g.r.RouteDefinitionRouteLocator    : Loaded RoutePredicateFactory [RemoteAddr]
2023-03-12 22:50:38.073  INFO DESKTOP-S8A3V6O --- [           main] o.s.c.g.r.RouteDefinitionRouteLocator    : Loaded RoutePredicateFactory [XForwardedRemoteAddr]
2023-03-12 22:50:38.073  INFO DESKTOP-S8A3V6O --- [           main] o.s.c.g.r.RouteDefinitionRouteLocator    : Loaded RoutePredicateFactory [Weight]
2023-03-12 22:50:38.073  INFO DESKTOP-S8A3V6O --- [           main] o.s.c.g.r.RouteDefinitionRouteLocator    : Loaded RoutePredicateFactory [CloudFoundryRouteService]
2023-03-12 22:50:38.602  INFO DESKTOP-S8A3V6O --- [           main] o.s.b.a.e.w.EndpointLinksResolver        : Exposing 1 endpoint(s) beneath base path '/actuator'
2023-03-12 22:50:39.048  INFO DESKTOP-S8A3V6O --- [           main] c.e.l.Lr1ApplicationTests                : Started Lr1ApplicationTests in 4.724 seconds (process running for 6.951)
2023-03-12 22:50:39.054  INFO DESKTOP-S8A3V6O --- [           main] c.e.l.Lr1Application                     : Info log
2023-03-12 22:50:39.055  WARN DESKTOP-S8A3V6O --- [           main] c.e.l.Lr1Application                     : Warning
2023-03-12 22:50:39.055 ERROR DESKTOP-S8A3V6O --- [           main] c.e.l.Lr1Application                     : Error 
2023-03-12 22:50:39.055 FATAL DESKTOP-S8A3V6O --- [           main] c.e.l.Lr1Application                     : Fatal error 
2023-03-12 22:51:02.411  INFO DESKTOP-S8A3V6O --- [           main] t.c.s.AnnotationConfigContextLoaderUtils : Could not detect default configuration classes for test class [com.example.lr1.Lr1ApplicationTests]: Lr1ApplicationTests does not declare any static, non-private, non-final, nested classes annotated with @Configuration.
2023-03-12 22:51:02.557  INFO DESKTOP-S8A3V6O --- [           main] .b.t.c.SpringBootTestContextBootstrapper : Found @SpringBootConfiguration com.example.lr1.Lr1Application for test class com.example.lr1.Lr1ApplicationTests
2023-03-12 22:51:03.316  INFO DESKTOP-S8A3V6O --- [kground-preinit] o.h.v.i.u.Version                        : HV000001: Hibernate Validator 8.0.0.Final
2023-03-12 22:51:03.402  INFO DESKTOP-S8A3V6O --- [           main] c.e.l.Lr1ApplicationTests                : Starting Lr1ApplicationTests using Java 19.0.2 with PID 19712 (started by Lenovo in D:\Work\javalabs\lr1)
2023-03-12 22:51:03.408  INFO DESKTOP-S8A3V6O --- [           main] c.e.l.Lr1ApplicationTests                : No active profile set, falling back to 1 default profile: "default"
2023-03-12 22:51:05.000  INFO DESKTOP-S8A3V6O --- [           main] o.s.c.c.s.GenericScope                   : BeanFactory id=7e192b4b-d5cf-30ec-aef8-4ac6fb0b06c0
2023-03-12 22:51:06.403  INFO DESKTOP-S8A3V6O --- [           main] o.s.c.g.r.RouteDefinitionRouteLocator    : Loaded RoutePredicateFactory [After]
2023-03-12 22:51:06.403  INFO DESKTOP-S8A3V6O --- [           main] o.s.c.g.r.RouteDefinitionRouteLocator    : Loaded RoutePredicateFactory [Before]
2023-03-12 22:51:06.403  INFO DESKTOP-S8A3V6O --- [           main] o.s.c.g.r.RouteDefinitionRouteLocator    : Loaded RoutePredicateFactory [Between]
2023-03-12 22:51:06.403  INFO DESKTOP-S8A3V6O --- [           main] o.s.c.g.r.RouteDefinitionRouteLocator    : Loaded RoutePredicateFactory [Cookie]
2023-03-12 22:51:06.404  INFO DESKTOP-S8A3V6O --- [           main] o.s.c.g.r.RouteDefinitionRouteLocator    : Loaded RoutePredicateFactory [Header]
2023-03-12 22:51:06.404  INFO DESKTOP-S8A3V6O --- [           main] o.s.c.g.r.RouteDefinitionRouteLocator    : Loaded RoutePredicateFactory [Host]
2023-03-12 22:51:06.404  INFO DESKTOP-S8A3V6O --- [           main] o.s.c.g.r.RouteDefinitionRouteLocator    : Loaded RoutePredicateFactory [Method]
2023-03-12 22:51:06.404  INFO DESKTOP-S8A3V6O --- [           main] o.s.c.g.r.RouteDefinitionRouteLocator    : Loaded RoutePredicateFactory [Path]
2023-03-12 22:51:06.405  INFO DESKTOP-S8A3V6O --- [           main] o.s.c.g.r.RouteDefinitionRouteLocator    : Loaded RoutePredicateFactory [Query]
2023-03-12 22:51:06.406  INFO DESKTOP-S8A3V6O --- [           main] o.s.c.g.r.RouteDefinitionRouteLocator    : Loaded RoutePredicateFactory [ReadBody]
2023-03-12 22:51:06.406  INFO DESKTOP-S8A3V6O --- [           main] o.s.c.g.r.RouteDefinitionRouteLocator    : Loaded RoutePredicateFactory [RemoteAddr]
2023-03-12 22:51:06.409  INFO DESKTOP-S8A3V6O --- [           main] o.s.c.g.r.RouteDefinitionRouteLocator    : Loaded RoutePredicateFactory [XForwardedRemoteAddr]
2023-03-12 22:51:06.410  INFO DESKTOP-S8A3V6O --- [           main] o.s.c.g.r.RouteDefinitionRouteLocator    : Loaded RoutePredicateFactory [Weight]
2023-03-12 22:51:06.410  INFO DESKTOP-S8A3V6O --- [           main] o.s.c.g.r.RouteDefinitionRouteLocator    : Loaded RoutePredicateFactory [CloudFoundryRouteService]
2023-03-12 22:51:06.956  INFO DESKTOP-S8A3V6O --- [           main] o.s.b.a.e.w.EndpointLinksResolver        : Exposing 1 endpoint(s) beneath base path '/actuator'
2023-03-12 22:51:07.383  INFO DESKTOP-S8A3V6O --- [           main] c.e.l.Lr1ApplicationTests                : Started Lr1ApplicationTests in 4.581 seconds (process running for 6.751)
2023-03-12 22:51:07.389  INFO DESKTOP-S8A3V6O --- [           main] c.e.l.Lr1Application                     : Info log
2023-03-12 22:51:07.390  WARN DESKTOP-S8A3V6O --- [           main] c.e.l.Lr1Application                     : Warning
2023-03-12 22:51:07.391 ERROR DESKTOP-S8A3V6O --- [           main] c.e.l.Lr1Application                     : Error 
2023-03-12 22:51:07.392 FATAL DESKTOP-S8A3V6O --- [           main] c.e.l.Lr1Application                     : Fatal error 
2023-03-12 23:06:50.906  INFO DESKTOP-S8A3V6O --- [           main] t.c.s.AnnotationConfigContextLoaderUtils : Could not detect default configuration classes for test class [com.example.lr1.Lr1ApplicationTests]: Lr1ApplicationTests does not declare any static, non-private, non-final, nested classes annotated with @Configuration.
2023-03-12 23:06:51.048  INFO DESKTOP-S8A3V6O --- [           main] .b.t.c.SpringBootTestContextBootstrapper : Found @SpringBootConfiguration com.example.lr1.Lr1Application for test class com.example.lr1.Lr1ApplicationTests
2023-03-12 23:06:51.756  INFO DESKTOP-S8A3V6O --- [kground-preinit] o.h.v.i.u.Version                        : HV000001: Hibernate Validator 8.0.0.Final
2023-03-12 23:06:51.848  INFO DESKTOP-S8A3V6O --- [           main] c.e.l.Lr1ApplicationTests                : Starting Lr1ApplicationTests using Java 19.0.2 with PID 15640 (started by Lenovo in D:\Work\javalabs\lr1)
2023-03-12 23:06:51.858  INFO DESKTOP-S8A3V6O --- [           main] c.e.l.Lr1ApplicationTests                : No active profile set, falling back to 1 default profile: "default"
2023-03-12 23:06:53.457  INFO DESKTOP-S8A3V6O --- [           main] o.s.c.c.s.GenericScope                   : BeanFactory id=7e192b4b-d5cf-30ec-aef8-4ac6fb0b06c0
2023-03-12 23:06:54.991  INFO DESKTOP-S8A3V6O --- [           main] o.s.c.g.r.RouteDefinitionRouteLocator    : Loaded RoutePredicateFactory [After]
2023-03-12 23:06:54.991  INFO DESKTOP-S8A3V6O --- [           main] o.s.c.g.r.RouteDefinitionRouteLocator    : Loaded RoutePredicateFactory [Before]
2023-03-12 23:06:54.991  INFO DESKTOP-S8A3V6O --- [           main] o.s.c.g.r.RouteDefinitionRouteLocator    : Loaded RoutePredicateFactory [Between]
2023-03-12 23:06:54.991  INFO DESKTOP-S8A3V6O --- [           main] o.s.c.g.r.RouteDefinitionRouteLocator    : Loaded RoutePredicateFactory [Cookie]
2023-03-12 23:06:54.991  INFO DESKTOP-S8A3V6O --- [           main] o.s.c.g.r.RouteDefinitionRouteLocator    : Loaded RoutePredicateFactory [Header]
2023-03-12 23:06:54.991  INFO DESKTOP-S8A3V6O --- [           main] o.s.c.g.r.RouteDefinitionRouteLocator    : Loaded RoutePredicateFactory [Host]
2023-03-12 23:06:54.991  INFO DESKTOP-S8A3V6O --- [           main] o.s.c.g.r.RouteDefinitionRouteLocator    : Loaded RoutePredicateFactory [Method]
2023-03-12 23:06:54.991  INFO DESKTOP-S8A3V6O --- [           main] o.s.c.g.r.RouteDefinitionRouteLocator    : Loaded RoutePredicateFactory [Path]
2023-03-12 23:06:54.991  INFO DESKTOP-S8A3V6O --- [           main] o.s.c.g.r.RouteDefinitionRouteLocator    : Loaded RoutePredicateFactory [Query]
2023-03-12 23:06:54.991  INFO DESKTOP-S8A3V6O --- [           main] o.s.c.g.r.RouteDefinitionRouteLocator    : Loaded RoutePredicateFactory [ReadBody]
2023-03-12 23:06:54.991  INFO DESKTOP-S8A3V6O --- [           main] o.s.c.g.r.RouteDefinitionRouteLocator    : Loaded RoutePredicateFactory [RemoteAddr]
2023-03-12 23:06:54.991  INFO DESKTOP-S8A3V6O --- [           main] o.s.c.g.r.RouteDefinitionRouteLocator    : Loaded RoutePredicateFactory [XForwardedRemoteAddr]
2023-03-12 23:06:54.991  INFO DESKTOP-S8A3V6O --- [           main] o.s.c.g.r.RouteDefinitionRouteLocator    : Loaded RoutePredicateFactory [Weight]
2023-03-12 23:06:54.991  INFO DESKTOP-S8A3V6O --- [           main] o.s.c.g.r.RouteDefinitionRouteLocator    : Loaded RoutePredicateFactory [CloudFoundryRouteService]
2023-03-12 23:06:55.481  INFO DESKTOP-S8A3V6O --- [           main] o.s.b.a.e.w.EndpointLinksResolver        : Exposing 1 endpoint(s) beneath base path '/actuator'
2023-03-12 23:06:55.898  INFO DESKTOP-S8A3V6O --- [           main] c.e.l.Lr1ApplicationTests                : Started Lr1ApplicationTests in 4.643 seconds (process running for 6.812)
2023-03-12 23:06:55.898  INFO DESKTOP-S8A3V6O --- [           main] c.e.l.Lr1Application                     : Info log
2023-03-12 23:06:55.906  WARN DESKTOP-S8A3V6O --- [           main] c.e.l.Lr1Application                     : Warning
2023-03-12 23:06:55.907 ERROR DESKTOP-S8A3V6O --- [           main] c.e.l.Lr1Application                     : Error 
2023-03-12 23:06:55.907 FATAL DESKTOP-S8A3V6O --- [           main] c.e.l.Lr1Application                     : Fatal error 
2023-03-12 23:09:30.250  INFO DESKTOP-S8A3V6O --- [kground-preinit] o.h.v.i.u.Version                        : HV000001: Hibernate Validator 8.0.0.Final
2023-03-12 23:09:30.327  INFO DESKTOP-S8A3V6O --- [  restartedMain] c.e.l.Lr1Application                     : Starting Lr1Application using Java 19.0.2 with PID 7708 (D:\Work\javalabs\lr1\target\classes started by Lenovo in D:\Work\javalabs\lr1)
2023-03-12 23:09:30.332  INFO DESKTOP-S8A3V6O --- [  restartedMain] c.e.l.Lr1Application                     : No active profile set, falling back to 1 default profile: "default"
2023-03-12 23:09:30.390  INFO DESKTOP-S8A3V6O --- [  restartedMain] .e.DevToolsPropertyDefaultsPostProcessor : Devtools property defaults active! Set 'spring.devtools.add-properties' to 'false' to disable
2023-03-12 23:09:30.391  INFO DESKTOP-S8A3V6O --- [  restartedMain] .e.DevToolsPropertyDefaultsPostProcessor : For additional web related logging consider setting the 'logging.level.web' property to 'DEBUG'
2023-03-12 23:09:31.594  INFO DESKTOP-S8A3V6O --- [  restartedMain] o.s.c.c.s.GenericScope                   : BeanFactory id=6c6003bb-202c-3248-8362-7984829bc22e
2023-03-12 23:09:31.894  INFO DESKTOP-S8A3V6O --- [  restartedMain] o.s.b.w.e.t.TomcatWebServer              : Tomcat initialized with port(s): 8080 (http)
2023-03-12 23:09:31.907  INFO DESKTOP-S8A3V6O --- [  restartedMain] o.a.c.h.Http11NioProtocol                : Initializing ProtocolHandler ["http-nio-8080"]
2023-03-12 23:09:31.909  INFO DESKTOP-S8A3V6O --- [  restartedMain] o.a.c.c.StandardService                  : Starting service [Tomcat]
2023-03-12 23:09:31.910  INFO DESKTOP-S8A3V6O --- [  restartedMain] o.a.c.c.StandardEngine                   : Starting Servlet engine: [Apache Tomcat/10.1.5]
2023-03-12 23:09:32.731  INFO DESKTOP-S8A3V6O --- [  restartedMain] o.s.c.g.r.RouteDefinitionRouteLocator    : Loaded RoutePredicateFactory [After]
2023-03-12 23:09:32.731  INFO DESKTOP-S8A3V6O --- [  restartedMain] o.s.c.g.r.RouteDefinitionRouteLocator    : Loaded RoutePredicateFactory [Before]
2023-03-12 23:09:32.732  INFO DESKTOP-S8A3V6O --- [  restartedMain] o.s.c.g.r.RouteDefinitionRouteLocator    : Loaded RoutePredicateFactory [Between]
2023-03-12 23:09:32.733  INFO DESKTOP-S8A3V6O --- [  restartedMain] o.s.c.g.r.RouteDefinitionRouteLocator    : Loaded RoutePredicateFactory [Cookie]
2023-03-12 23:09:32.734  INFO DESKTOP-S8A3V6O --- [  restartedMain] o.s.c.g.r.RouteDefinitionRouteLocator    : Loaded RoutePredicateFactory [Header]
2023-03-12 23:09:32.734  INFO DESKTOP-S8A3V6O --- [  restartedMain] o.s.c.g.r.RouteDefinitionRouteLocator    : Loaded RoutePredicateFactory [Host]
2023-03-12 23:09:32.736  INFO DESKTOP-S8A3V6O --- [  restartedMain] o.s.c.g.r.RouteDefinitionRouteLocator    : Loaded RoutePredicateFactory [Method]
2023-03-12 23:09:32.736  INFO DESKTOP-S8A3V6O --- [  restartedMain] o.s.c.g.r.RouteDefinitionRouteLocator    : Loaded RoutePredicateFactory [Path]
2023-03-12 23:09:32.737  INFO DESKTOP-S8A3V6O --- [  restartedMain] o.s.c.g.r.RouteDefinitionRouteLocator    : Loaded RoutePredicateFactory [Query]
2023-03-12 23:09:32.738  INFO DESKTOP-S8A3V6O --- [  restartedMain] o.s.c.g.r.RouteDefinitionRouteLocator    : Loaded RoutePredicateFactory [ReadBody]
2023-03-12 23:09:32.739  INFO DESKTOP-S8A3V6O --- [  restartedMain] o.s.c.g.r.RouteDefinitionRouteLocator    : Loaded RoutePredicateFactory [RemoteAddr]
2023-03-12 23:09:32.739  INFO DESKTOP-S8A3V6O --- [  restartedMain] o.s.c.g.r.RouteDefinitionRouteLocator    : Loaded RoutePredicateFactory [XForwardedRemoteAddr]
2023-03-12 23:09:32.740  INFO DESKTOP-S8A3V6O --- [  restartedMain] o.s.c.g.r.RouteDefinitionRouteLocator    : Loaded RoutePredicateFactory [Weight]
2023-03-12 23:09:32.740  INFO DESKTOP-S8A3V6O --- [  restartedMain] o.s.c.g.r.RouteDefinitionRouteLocator    : Loaded RoutePredicateFactory [CloudFoundryRouteService]
2023-03-12 23:09:33.164  INFO DESKTOP-S8A3V6O --- [  restartedMain] o.s.b.a.e.w.EndpointLinksResolver        : Exposing 1 endpoint(s) beneath base path '/actuator'
2023-03-12 23:09:33.456  INFO DESKTOP-S8A3V6O --- [  restartedMain] o.s.b.d.a.OptionalLiveReloadServer       : LiveReload server is running on port 35729
2023-03-12 23:09:33.539  INFO DESKTOP-S8A3V6O --- [  restartedMain] o.a.c.h.Http11NioProtocol                : Starting ProtocolHandler ["http-nio-8080"]
2023-03-12 23:09:33.560  INFO DESKTOP-S8A3V6O --- [  restartedMain] o.s.b.w.e.t.TomcatWebServer              : Tomcat started on port(s): 8080 (http) with context path ''
2023-03-12 23:09:33.721  INFO DESKTOP-S8A3V6O --- [  restartedMain] c.e.l.Lr1Application                     : Started Lr1Application in 3.864 seconds (process running for 4.973)
2023-03-12 23:09:33.729  INFO DESKTOP-S8A3V6O --- [  restartedMain] c.e.l.Lr1Application                     : Info log
2023-03-12 23:09:33.729  WARN DESKTOP-S8A3V6O --- [  restartedMain] c.e.l.Lr1Application                     : Warning
2023-03-12 23:09:33.730 ERROR DESKTOP-S8A3V6O --- [  restartedMain] c.e.l.Lr1Application                     : Error 
2023-03-12 23:09:33.730 FATAL DESKTOP-S8A3V6O --- [  restartedMain] c.e.l.Lr1Application                     : Fatal error 
2023-03-12 23:10:11.269  INFO DESKTOP-S8A3V6O --- [kground-preinit] o.h.v.i.u.Version                        : HV000001: Hibernate Validator 8.0.0.Final
2023-03-12 23:10:11.339  INFO DESKTOP-S8A3V6O --- [  restartedMain] c.e.l.Lr1Application                     : Starting Lr1Application using Java 19.0.2 with PID 21984 (D:\Work\javalabs\lr1\target\classes started by Lenovo in D:\Work\javalabs\lr1)
2023-03-12 23:10:11.344  INFO DESKTOP-S8A3V6O --- [  restartedMain] c.e.l.Lr1Application                     : No active profile set, falling back to 1 default profile: "default"
2023-03-12 23:10:11.405  INFO DESKTOP-S8A3V6O --- [  restartedMain] .e.DevToolsPropertyDefaultsPostProcessor : Devtools property defaults active! Set 'spring.devtools.add-properties' to 'false' to disable
2023-03-12 23:10:11.406  INFO DESKTOP-S8A3V6O --- [  restartedMain] .e.DevToolsPropertyDefaultsPostProcessor : For additional web related logging consider setting the 'logging.level.web' property to 'DEBUG'
2023-03-12 23:10:12.629  INFO DESKTOP-S8A3V6O --- [  restartedMain] o.s.c.c.s.GenericScope                   : BeanFactory id=6c6003bb-202c-3248-8362-7984829bc22e
2023-03-12 23:10:12.929  INFO DESKTOP-S8A3V6O --- [  restartedMain] o.s.b.w.e.t.TomcatWebServer              : Tomcat initialized with port(s): 8080 (http)
2023-03-12 23:10:12.940  INFO DESKTOP-S8A3V6O --- [  restartedMain] o.a.c.h.Http11NioProtocol                : Initializing ProtocolHandler ["http-nio-8080"]
2023-03-12 23:10:12.942  INFO DESKTOP-S8A3V6O --- [  restartedMain] o.a.c.c.StandardService                  : Starting service [Tomcat]
2023-03-12 23:10:12.943  INFO DESKTOP-S8A3V6O --- [  restartedMain] o.a.c.c.StandardEngine                   : Starting Servlet engine: [Apache Tomcat/10.1.5]
2023-03-12 23:10:13.760  INFO DESKTOP-S8A3V6O --- [  restartedMain] o.s.c.g.r.RouteDefinitionRouteLocator    : Loaded RoutePredicateFactory [After]
2023-03-12 23:10:13.761  INFO DESKTOP-S8A3V6O --- [  restartedMain] o.s.c.g.r.RouteDefinitionRouteLocator    : Loaded RoutePredicateFactory [Before]
2023-03-12 23:10:13.761  INFO DESKTOP-S8A3V6O --- [  restartedMain] o.s.c.g.r.RouteDefinitionRouteLocator    : Loaded RoutePredicateFactory [Between]
2023-03-12 23:10:13.762  INFO DESKTOP-S8A3V6O --- [  restartedMain] o.s.c.g.r.RouteDefinitionRouteLocator    : Loaded RoutePredicateFactory [Cookie]
2023-03-12 23:10:13.763  INFO DESKTOP-S8A3V6O --- [  restartedMain] o.s.c.g.r.RouteDefinitionRouteLocator    : Loaded RoutePredicateFactory [Header]
2023-03-12 23:10:13.764  INFO DESKTOP-S8A3V6O --- [  restartedMain] o.s.c.g.r.RouteDefinitionRouteLocator    : Loaded RoutePredicateFactory [Host]
2023-03-12 23:10:13.764  INFO DESKTOP-S8A3V6O --- [  restartedMain] o.s.c.g.r.RouteDefinitionRouteLocator    : Loaded RoutePredicateFactory [Method]
2023-03-12 23:10:13.765  INFO DESKTOP-S8A3V6O --- [  restartedMain] o.s.c.g.r.RouteDefinitionRouteLocator    : Loaded RoutePredicateFactory [Path]
2023-03-12 23:10:13.765  INFO DESKTOP-S8A3V6O --- [  restartedMain] o.s.c.g.r.RouteDefinitionRouteLocator    : Loaded RoutePredicateFactory [Query]
2023-03-12 23:10:13.766  INFO DESKTOP-S8A3V6O --- [  restartedMain] o.s.c.g.r.RouteDefinitionRouteLocator    : Loaded RoutePredicateFactory [ReadBody]
2023-03-12 23:10:13.767  INFO DESKTOP-S8A3V6O --- [  restartedMain] o.s.c.g.r.RouteDefinitionRouteLocator    : Loaded RoutePredicateFactory [RemoteAddr]
2023-03-12 23:10:13.767  INFO DESKTOP-S8A3V6O --- [  restartedMain] o.s.c.g.r.RouteDefinitionRouteLocator    : Loaded RoutePredicateFactory [XForwardedRemoteAddr]
2023-03-12 23:10:13.768  INFO DESKTOP-S8A3V6O --- [  restartedMain] o.s.c.g.r.RouteDefinitionRouteLocator    : Loaded RoutePredicateFactory [Weight]
2023-03-12 23:10:13.768  INFO DESKTOP-S8A3V6O --- [  restartedMain] o.s.c.g.r.RouteDefinitionRouteLocator    : Loaded RoutePredicateFactory [CloudFoundryRouteService]
2023-03-12 23:10:14.200  INFO DESKTOP-S8A3V6O --- [  restartedMain] o.s.b.a.e.w.EndpointLinksResolver        : Exposing 1 endpoint(s) beneath base path '/actuator'
2023-03-12 23:10:14.515  INFO DESKTOP-S8A3V6O --- [  restartedMain] o.s.b.d.a.OptionalLiveReloadServer       : LiveReload server is running on port 35729
2023-03-12 23:10:14.601  INFO DESKTOP-S8A3V6O --- [  restartedMain] o.a.c.h.Http11NioProtocol                : Starting ProtocolHandler ["http-nio-8080"]
2023-03-12 23:10:14.622  INFO DESKTOP-S8A3V6O --- [  restartedMain] o.s.b.w.e.t.TomcatWebServer              : Tomcat started on port(s): 8080 (http) with context path ''
2023-03-12 23:10:14.790  INFO DESKTOP-S8A3V6O --- [  restartedMain] c.e.l.Lr1Application                     : Started Lr1Application in 3.882 seconds (process running for 4.92)
2023-03-12 23:10:14.795  INFO DESKTOP-S8A3V6O --- [  restartedMain] c.e.l.Lr1Application                     : Info log
2023-03-12 23:10:14.796  WARN DESKTOP-S8A3V6O --- [  restartedMain] c.e.l.Lr1Application                     : Warning
2023-03-12 23:10:14.796 ERROR DESKTOP-S8A3V6O --- [  restartedMain] c.e.l.Lr1Application                     : Error 
2023-03-12 23:10:14.797 FATAL DESKTOP-S8A3V6O --- [  restartedMain] c.e.l.Lr1Application                     : Fatal error 
2023-03-12 23:11:44.772  INFO DESKTOP-S8A3V6O --- [           main] t.c.s.AnnotationConfigContextLoaderUtils : Could not detect default configuration classes for test class [com.example.lr1.Lr1ApplicationTests]: Lr1ApplicationTests does not declare any static, non-private, non-final, nested classes annotated with @Configuration.
2023-03-12 23:11:44.864  INFO DESKTOP-S8A3V6O --- [           main] .b.t.c.SpringBootTestContextBootstrapper : Found @SpringBootConfiguration com.example.lr1.Lr1Application for test class com.example.lr1.Lr1ApplicationTests
2023-03-12 23:11:45.342  INFO DESKTOP-S8A3V6O --- [kground-preinit] o.h.v.i.u.Version                        : HV000001: Hibernate Validator 8.0.0.Final
2023-03-12 23:11:45.402  INFO DESKTOP-S8A3V6O --- [           main] c.e.l.Lr1ApplicationTests                : Starting Lr1ApplicationTests using Java 19.0.2 with PID 13648 (started by Lenovo in D:\Work\javalabs\lr1)
2023-03-12 23:11:45.407  INFO DESKTOP-S8A3V6O --- [           main] c.e.l.Lr1ApplicationTests                : No active profile set, falling back to 1 default profile: "default"
2023-03-12 23:11:46.537  INFO DESKTOP-S8A3V6O --- [           main] o.s.c.c.s.GenericScope                   : BeanFactory id=7e192b4b-d5cf-30ec-aef8-4ac6fb0b06c0
2023-03-12 23:11:47.526  INFO DESKTOP-S8A3V6O --- [           main] o.s.c.g.r.RouteDefinitionRouteLocator    : Loaded RoutePredicateFactory [After]
2023-03-12 23:11:47.526  INFO DESKTOP-S8A3V6O --- [           main] o.s.c.g.r.RouteDefinitionRouteLocator    : Loaded RoutePredicateFactory [Before]
2023-03-12 23:11:47.526  INFO DESKTOP-S8A3V6O --- [           main] o.s.c.g.r.RouteDefinitionRouteLocator    : Loaded RoutePredicateFactory [Between]
2023-03-12 23:11:47.526  INFO DESKTOP-S8A3V6O --- [           main] o.s.c.g.r.RouteDefinitionRouteLocator    : Loaded RoutePredicateFactory [Cookie]
2023-03-12 23:11:47.526  INFO DESKTOP-S8A3V6O --- [           main] o.s.c.g.r.RouteDefinitionRouteLocator    : Loaded RoutePredicateFactory [Header]
2023-03-12 23:11:47.527  INFO DESKTOP-S8A3V6O --- [           main] o.s.c.g.r.RouteDefinitionRouteLocator    : Loaded RoutePredicateFactory [Host]
2023-03-12 23:11:47.527  INFO DESKTOP-S8A3V6O --- [           main] o.s.c.g.r.RouteDefinitionRouteLocator    : Loaded RoutePredicateFactory [Method]
2023-03-12 23:11:47.527  INFO DESKTOP-S8A3V6O --- [           main] o.s.c.g.r.RouteDefinitionRouteLocator    : Loaded RoutePredicateFactory [Path]
2023-03-12 23:11:47.527  INFO DESKTOP-S8A3V6O --- [           main] o.s.c.g.r.RouteDefinitionRouteLocator    : Loaded RoutePredicateFactory [Query]
2023-03-12 23:11:47.527  INFO DESKTOP-S8A3V6O --- [           main] o.s.c.g.r.RouteDefinitionRouteLocator    : Loaded RoutePredicateFactory [ReadBody]
2023-03-12 23:11:47.528  INFO DESKTOP-S8A3V6O --- [           main] o.s.c.g.r.RouteDefinitionRouteLocator    : Loaded RoutePredicateFactory [RemoteAddr]
2023-03-12 23:11:47.528  INFO DESKTOP-S8A3V6O --- [           main] o.s.c.g.r.RouteDefinitionRouteLocator    : Loaded RoutePredicateFactory [XForwardedRemoteAddr]
2023-03-12 23:11:47.528  INFO DESKTOP-S8A3V6O --- [           main] o.s.c.g.r.RouteDefinitionRouteLocator    : Loaded RoutePredicateFactory [Weight]
2023-03-12 23:11:47.528  INFO DESKTOP-S8A3V6O --- [           main] o.s.c.g.r.RouteDefinitionRouteLocator    : Loaded RoutePredicateFactory [CloudFoundryRouteService]
2023-03-12 23:11:47.894  INFO DESKTOP-S8A3V6O --- [           main] o.s.b.a.e.w.EndpointLinksResolver        : Exposing 1 endpoint(s) beneath base path '/actuator'
2023-03-12 23:11:48.188  INFO DESKTOP-S8A3V6O --- [           main] c.e.l.Lr1ApplicationTests                : Started Lr1ApplicationTests in 3.196 seconds (process running for 4.501)
2023-03-12 23:11:48.193  INFO DESKTOP-S8A3V6O --- [           main] c.e.l.Lr1Application                     : Info log
2023-03-12 23:11:48.193  WARN DESKTOP-S8A3V6O --- [           main] c.e.l.Lr1Application                     : Warning
2023-03-12 23:11:48.193 ERROR DESKTOP-S8A3V6O --- [           main] c.e.l.Lr1Application                     : Error 
2023-03-12 23:11:48.193 FATAL DESKTOP-S8A3V6O --- [           main] c.e.l.Lr1Application                     : Fatal error 
2023-03-12 23:12:15.593  INFO DESKTOP-S8A3V6O --- [           main] t.c.s.AnnotationConfigContextLoaderUtils : Could not detect default configuration classes for test class [com.example.lr1.Lr1ApplicationTests]: Lr1ApplicationTests does not declare any static, non-private, non-final, nested classes annotated with @Configuration.
2023-03-12 23:12:15.685  INFO DESKTOP-S8A3V6O --- [           main] .b.t.c.SpringBootTestContextBootstrapper : Found @SpringBootConfiguration com.example.lr1.Lr1Application for test class com.example.lr1.Lr1ApplicationTests
2023-03-12 23:12:16.121  INFO DESKTOP-S8A3V6O --- [kground-preinit] o.h.v.i.u.Version                        : HV000001: Hibernate Validator 8.0.0.Final
2023-03-12 23:12:16.174  INFO DESKTOP-S8A3V6O --- [           main] c.e.l.Lr1ApplicationTests                : Starting Lr1ApplicationTests using Java 19.0.2 with PID 17548 (started by Lenovo in D:\Work\javalabs\lr1)
2023-03-12 23:12:16.179  INFO DESKTOP-S8A3V6O --- [           main] c.e.l.Lr1ApplicationTests                : No active profile set, falling back to 1 default profile: "default"
2023-03-12 23:12:17.334  INFO DESKTOP-S8A3V6O --- [           main] o.s.c.c.s.GenericScope                   : BeanFactory id=7e192b4b-d5cf-30ec-aef8-4ac6fb0b06c0
2023-03-12 23:12:18.376  INFO DESKTOP-S8A3V6O --- [           main] o.s.c.g.r.RouteDefinitionRouteLocator    : Loaded RoutePredicateFactory [After]
2023-03-12 23:12:18.376  INFO DESKTOP-S8A3V6O --- [           main] o.s.c.g.r.RouteDefinitionRouteLocator    : Loaded RoutePredicateFactory [Before]
2023-03-12 23:12:18.376  INFO DESKTOP-S8A3V6O --- [           main] o.s.c.g.r.RouteDefinitionRouteLocator    : Loaded RoutePredicateFactory [Between]
2023-03-12 23:12:18.376  INFO DESKTOP-S8A3V6O --- [           main] o.s.c.g.r.RouteDefinitionRouteLocator    : Loaded RoutePredicateFactory [Cookie]
2023-03-12 23:12:18.376  INFO DESKTOP-S8A3V6O --- [           main] o.s.c.g.r.RouteDefinitionRouteLocator    : Loaded RoutePredicateFactory [Header]
2023-03-12 23:12:18.376  INFO DESKTOP-S8A3V6O --- [           main] o.s.c.g.r.RouteDefinitionRouteLocator    : Loaded RoutePredicateFactory [Host]
2023-03-12 23:12:18.376  INFO DESKTOP-S8A3V6O --- [           main] o.s.c.g.r.RouteDefinitionRouteLocator    : Loaded RoutePredicateFactory [Method]
2023-03-12 23:12:18.376  INFO DESKTOP-S8A3V6O --- [           main] o.s.c.g.r.RouteDefinitionRouteLocator    : Loaded RoutePredicateFactory [Path]
2023-03-12 23:12:18.377  INFO DESKTOP-S8A3V6O --- [           main] o.s.c.g.r.RouteDefinitionRouteLocator    : Loaded RoutePredicateFactory [Query]
2023-03-12 23:12:18.377  INFO DESKTOP-S8A3V6O --- [           main] o.s.c.g.r.RouteDefinitionRouteLocator    : Loaded RoutePredicateFactory [ReadBody]
2023-03-12 23:12:18.377  INFO DESKTOP-S8A3V6O --- [           main] o.s.c.g.r.RouteDefinitionRouteLocator    : Loaded RoutePredicateFactory [RemoteAddr]
2023-03-12 23:12:18.377  INFO DESKTOP-S8A3V6O --- [           main] o.s.c.g.r.RouteDefinitionRouteLocator    : Loaded RoutePredicateFactory [XForwardedRemoteAddr]
2023-03-12 23:12:18.377  INFO DESKTOP-S8A3V6O --- [           main] o.s.c.g.r.RouteDefinitionRouteLocator    : Loaded RoutePredicateFactory [Weight]
2023-03-12 23:12:18.377  INFO DESKTOP-S8A3V6O --- [           main] o.s.c.g.r.RouteDefinitionRouteLocator    : Loaded RoutePredicateFactory [CloudFoundryRouteService]
2023-03-12 23:12:18.797  INFO DESKTOP-S8A3V6O --- [           main] o.s.b.a.e.w.EndpointLinksResolver        : Exposing 1 endpoint(s) beneath base path '/actuator'
2023-03-12 23:12:19.124  INFO DESKTOP-S8A3V6O --- [           main] c.e.l.Lr1ApplicationTests                : Started Lr1ApplicationTests in 3.313 seconds (process running for 4.631)
2023-03-12 23:12:19.131  INFO DESKTOP-S8A3V6O --- [           main] c.e.l.Lr1Application                     : Info log
2023-03-12 23:12:19.131  WARN DESKTOP-S8A3V6O --- [           main] c.e.l.Lr1Application                     : Warning
2023-03-12 23:12:19.131 ERROR DESKTOP-S8A3V6O --- [           main] c.e.l.Lr1Application                     : Error 
2023-03-12 23:12:19.131 FATAL DESKTOP-S8A3V6O --- [           main] c.e.l.Lr1Application                     : Fatal error 
2023-03-12 23:12:30.462  INFO DESKTOP-S8A3V6O --- [           main] t.c.s.AnnotationConfigContextLoaderUtils : Could not detect default configuration classes for test class [com.example.lr1.Lr1ApplicationTests]: Lr1ApplicationTests does not declare any static, non-private, non-final, nested classes annotated with @Configuration.
2023-03-12 23:12:30.558  INFO DESKTOP-S8A3V6O --- [           main] .b.t.c.SpringBootTestContextBootstrapper : Found @SpringBootConfiguration com.example.lr1.Lr1Application for test class com.example.lr1.Lr1ApplicationTests
2023-03-12 23:12:30.988  INFO DESKTOP-S8A3V6O --- [kground-preinit] o.h.v.i.u.Version                        : HV000001: Hibernate Validator 8.0.0.Final
2023-03-12 23:12:31.042  INFO DESKTOP-S8A3V6O --- [           main] c.e.l.Lr1ApplicationTests                : Starting Lr1ApplicationTests using Java 19.0.2 with PID 3716 (started by Lenovo in D:\Work\javalabs\lr1)
2023-03-12 23:12:31.047  INFO DESKTOP-S8A3V6O --- [           main] c.e.l.Lr1ApplicationTests                : No active profile set, falling back to 1 default profile: "default"
2023-03-12 23:12:32.191  INFO DESKTOP-S8A3V6O --- [           main] o.s.c.c.s.GenericScope                   : BeanFactory id=7e192b4b-d5cf-30ec-aef8-4ac6fb0b06c0
2023-03-12 23:12:33.203  INFO DESKTOP-S8A3V6O --- [           main] o.s.c.g.r.RouteDefinitionRouteLocator    : Loaded RoutePredicateFactory [After]
2023-03-12 23:12:33.203  INFO DESKTOP-S8A3V6O --- [           main] o.s.c.g.r.RouteDefinitionRouteLocator    : Loaded RoutePredicateFactory [Before]
2023-03-12 23:12:33.203  INFO DESKTOP-S8A3V6O --- [           main] o.s.c.g.r.RouteDefinitionRouteLocator    : Loaded RoutePredicateFactory [Between]
2023-03-12 23:12:33.204  INFO DESKTOP-S8A3V6O --- [           main] o.s.c.g.r.RouteDefinitionRouteLocator    : Loaded RoutePredicateFactory [Cookie]
2023-03-12 23:12:33.204  INFO DESKTOP-S8A3V6O --- [           main] o.s.c.g.r.RouteDefinitionRouteLocator    : Loaded RoutePredicateFactory [Header]
2023-03-12 23:12:33.204  INFO DESKTOP-S8A3V6O --- [           main] o.s.c.g.r.RouteDefinitionRouteLocator    : Loaded RoutePredicateFactory [Host]
2023-03-12 23:12:33.204  INFO DESKTOP-S8A3V6O --- [           main] o.s.c.g.r.RouteDefinitionRouteLocator    : Loaded RoutePredicateFactory [Method]
2023-03-12 23:12:33.204  INFO DESKTOP-S8A3V6O --- [           main] o.s.c.g.r.RouteDefinitionRouteLocator    : Loaded RoutePredicateFactory [Path]
2023-03-12 23:12:33.204  INFO DESKTOP-S8A3V6O --- [           main] o.s.c.g.r.RouteDefinitionRouteLocator    : Loaded RoutePredicateFactory [Query]
2023-03-12 23:12:33.204  INFO DESKTOP-S8A3V6O --- [           main] o.s.c.g.r.RouteDefinitionRouteLocator    : Loaded RoutePredicateFactory [ReadBody]
2023-03-12 23:12:33.204  INFO DESKTOP-S8A3V6O --- [           main] o.s.c.g.r.RouteDefinitionRouteLocator    : Loaded RoutePredicateFactory [RemoteAddr]
2023-03-12 23:12:33.205  INFO DESKTOP-S8A3V6O --- [           main] o.s.c.g.r.RouteDefinitionRouteLocator    : Loaded RoutePredicateFactory [XForwardedRemoteAddr]
2023-03-12 23:12:33.205  INFO DESKTOP-S8A3V6O --- [           main] o.s.c.g.r.RouteDefinitionRouteLocator    : Loaded RoutePredicateFactory [Weight]
2023-03-12 23:12:33.205  INFO DESKTOP-S8A3V6O --- [           main] o.s.c.g.r.RouteDefinitionRouteLocator    : Loaded RoutePredicateFactory [CloudFoundryRouteService]
2023-03-12 23:12:33.607  INFO DESKTOP-S8A3V6O --- [           main] o.s.b.a.e.w.EndpointLinksResolver        : Exposing 1 endpoint(s) beneath base path '/actuator'
2023-03-12 23:12:33.944  INFO DESKTOP-S8A3V6O --- [           main] c.e.l.Lr1ApplicationTests                : Started Lr1ApplicationTests in 3.256 seconds (process running for 4.596)
2023-03-12 23:12:33.949  INFO DESKTOP-S8A3V6O --- [           main] c.e.l.Lr1Application                     : Info log
2023-03-12 23:12:33.950  WARN DESKTOP-S8A3V6O --- [           main] c.e.l.Lr1Application                     : Warning
2023-03-12 23:12:33.950 ERROR DESKTOP-S8A3V6O --- [           main] c.e.l.Lr1Application                     : Error 
2023-03-12 23:12:33.950 FATAL DESKTOP-S8A3V6O --- [           main] c.e.l.Lr1Application                     : Fatal error 
2023-03-12 23:13:27.947  INFO DESKTOP-S8A3V6O --- [           main] t.c.s.AnnotationConfigContextLoaderUtils : Could not detect default configuration classes for test class [com.example.lr1.Lr1ApplicationTests]: Lr1ApplicationTests does not declare any static, non-private, non-final, nested classes annotated with @Configuration.
2023-03-12 23:13:28.041  INFO DESKTOP-S8A3V6O --- [           main] .b.t.c.SpringBootTestContextBootstrapper : Found @SpringBootConfiguration com.example.lr1.Lr1Application for test class com.example.lr1.Lr1ApplicationTests
2023-03-12 23:13:28.482  INFO DESKTOP-S8A3V6O --- [kground-preinit] o.h.v.i.u.Version                        : HV000001: Hibernate Validator 8.0.0.Final
2023-03-12 23:13:28.538  INFO DESKTOP-S8A3V6O --- [           main] c.e.l.Lr1ApplicationTests                : Starting Lr1ApplicationTests using Java 19.0.2 with PID 22416 (started by Lenovo in D:\Work\javalabs\lr1)
2023-03-12 23:13:28.541  INFO DESKTOP-S8A3V6O --- [           main] c.e.l.Lr1ApplicationTests                : No active profile set, falling back to 1 default profile: "default"
2023-03-12 23:13:29.706  INFO DESKTOP-S8A3V6O --- [           main] o.s.c.c.s.GenericScope                   : BeanFactory id=7e192b4b-d5cf-30ec-aef8-4ac6fb0b06c0
2023-03-12 23:13:30.748  INFO DESKTOP-S8A3V6O --- [           main] o.s.c.g.r.RouteDefinitionRouteLocator    : Loaded RoutePredicateFactory [After]
2023-03-12 23:13:30.748  INFO DESKTOP-S8A3V6O --- [           main] o.s.c.g.r.RouteDefinitionRouteLocator    : Loaded RoutePredicateFactory [Before]
2023-03-12 23:13:30.748  INFO DESKTOP-S8A3V6O --- [           main] o.s.c.g.r.RouteDefinitionRouteLocator    : Loaded RoutePredicateFactory [Between]
2023-03-12 23:13:30.748  INFO DESKTOP-S8A3V6O --- [           main] o.s.c.g.r.RouteDefinitionRouteLocator    : Loaded RoutePredicateFactory [Cookie]
2023-03-12 23:13:30.748  INFO DESKTOP-S8A3V6O --- [           main] o.s.c.g.r.RouteDefinitionRouteLocator    : Loaded RoutePredicateFactory [Header]
2023-03-12 23:13:30.749  INFO DESKTOP-S8A3V6O --- [           main] o.s.c.g.r.RouteDefinitionRouteLocator    : Loaded RoutePredicateFactory [Host]
2023-03-12 23:13:30.749  INFO DESKTOP-S8A3V6O --- [           main] o.s.c.g.r.RouteDefinitionRouteLocator    : Loaded RoutePredicateFactory [Method]
2023-03-12 23:13:30.749  INFO DESKTOP-S8A3V6O --- [           main] o.s.c.g.r.RouteDefinitionRouteLocator    : Loaded RoutePredicateFactory [Path]
2023-03-12 23:13:30.749  INFO DESKTOP-S8A3V6O --- [           main] o.s.c.g.r.RouteDefinitionRouteLocator    : Loaded RoutePredicateFactory [Query]
2023-03-12 23:13:30.749  INFO DESKTOP-S8A3V6O --- [           main] o.s.c.g.r.RouteDefinitionRouteLocator    : Loaded RoutePredicateFactory [ReadBody]
2023-03-12 23:13:30.749  INFO DESKTOP-S8A3V6O --- [           main] o.s.c.g.r.RouteDefinitionRouteLocator    : Loaded RoutePredicateFactory [RemoteAddr]
2023-03-12 23:13:30.749  INFO DESKTOP-S8A3V6O --- [           main] o.s.c.g.r.RouteDefinitionRouteLocator    : Loaded RoutePredicateFactory [XForwardedRemoteAddr]
2023-03-12 23:13:30.750  INFO DESKTOP-S8A3V6O --- [           main] o.s.c.g.r.RouteDefinitionRouteLocator    : Loaded RoutePredicateFactory [Weight]
2023-03-12 23:13:30.750  INFO DESKTOP-S8A3V6O --- [           main] o.s.c.g.r.RouteDefinitionRouteLocator    : Loaded RoutePredicateFactory [CloudFoundryRouteService]
2023-03-12 23:13:31.158  INFO DESKTOP-S8A3V6O --- [           main] o.s.b.a.e.w.EndpointLinksResolver        : Exposing 1 endpoint(s) beneath base path '/actuator'
2023-03-12 23:13:31.456  INFO DESKTOP-S8A3V6O --- [           main] c.e.l.Lr1ApplicationTests                : Started Lr1ApplicationTests in 3.289 seconds (process running for 4.585)
2023-03-12 23:13:31.461  INFO DESKTOP-S8A3V6O --- [           main] c.e.l.Lr1Application                     : Info log
2023-03-12 23:13:31.461  WARN DESKTOP-S8A3V6O --- [           main] c.e.l.Lr1Application                     : Warning
2023-03-12 23:13:31.461 ERROR DESKTOP-S8A3V6O --- [           main] c.e.l.Lr1Application                     : Error 
2023-03-12 23:13:31.461 FATAL DESKTOP-S8A3V6O --- [           main] c.e.l.Lr1Application                     : Fatal error 
2023-03-12 23:13:53.487  INFO DESKTOP-S8A3V6O --- [           main] t.c.s.AnnotationConfigContextLoaderUtils : Could not detect default configuration classes for test class [com.example.lr1.Lr1ApplicationTests]: Lr1ApplicationTests does not declare any static, non-private, non-final, nested classes annotated with @Configuration.
2023-03-12 23:13:53.578  INFO DESKTOP-S8A3V6O --- [           main] .b.t.c.SpringBootTestContextBootstrapper : Found @SpringBootConfiguration com.example.lr1.Lr1Application for test class com.example.lr1.Lr1ApplicationTests
2023-03-12 23:13:54.022  INFO DESKTOP-S8A3V6O --- [kground-preinit] o.h.v.i.u.Version                        : HV000001: Hibernate Validator 8.0.0.Final
2023-03-12 23:13:54.076  INFO DESKTOP-S8A3V6O --- [           main] c.e.l.Lr1ApplicationTests                : Starting Lr1ApplicationTests using Java 19.0.2 with PID 21840 (started by Lenovo in D:\Work\javalabs\lr1)
2023-03-12 23:13:54.081  INFO DESKTOP-S8A3V6O --- [           main] c.e.l.Lr1ApplicationTests                : No active profile set, falling back to 1 default profile: "default"
2023-03-12 23:13:55.299  INFO DESKTOP-S8A3V6O --- [           main] o.s.c.c.s.GenericScope                   : BeanFactory id=7e192b4b-d5cf-30ec-aef8-4ac6fb0b06c0
2023-03-12 23:13:56.392  INFO DESKTOP-S8A3V6O --- [           main] o.s.c.g.r.RouteDefinitionRouteLocator    : Loaded RoutePredicateFactory [After]
2023-03-12 23:13:56.392  INFO DESKTOP-S8A3V6O --- [           main] o.s.c.g.r.RouteDefinitionRouteLocator    : Loaded RoutePredicateFactory [Before]
2023-03-12 23:13:56.392  INFO DESKTOP-S8A3V6O --- [           main] o.s.c.g.r.RouteDefinitionRouteLocator    : Loaded RoutePredicateFactory [Between]
2023-03-12 23:13:56.392  INFO DESKTOP-S8A3V6O --- [           main] o.s.c.g.r.RouteDefinitionRouteLocator    : Loaded RoutePredicateFactory [Cookie]
2023-03-12 23:13:56.392  INFO DESKTOP-S8A3V6O --- [           main] o.s.c.g.r.RouteDefinitionRouteLocator    : Loaded RoutePredicateFactory [Header]
2023-03-12 23:13:56.393  INFO DESKTOP-S8A3V6O --- [           main] o.s.c.g.r.RouteDefinitionRouteLocator    : Loaded RoutePredicateFactory [Host]
2023-03-12 23:13:56.393  INFO DESKTOP-S8A3V6O --- [           main] o.s.c.g.r.RouteDefinitionRouteLocator    : Loaded RoutePredicateFactory [Method]
2023-03-12 23:13:56.393  INFO DESKTOP-S8A3V6O --- [           main] o.s.c.g.r.RouteDefinitionRouteLocator    : Loaded RoutePredicateFactory [Path]
2023-03-12 23:13:56.393  INFO DESKTOP-S8A3V6O --- [           main] o.s.c.g.r.RouteDefinitionRouteLocator    : Loaded RoutePredicateFactory [Query]
2023-03-12 23:13:56.393  INFO DESKTOP-S8A3V6O --- [           main] o.s.c.g.r.RouteDefinitionRouteLocator    : Loaded RoutePredicateFactory [ReadBody]
2023-03-12 23:13:56.393  INFO DESKTOP-S8A3V6O --- [           main] o.s.c.g.r.RouteDefinitionRouteLocator    : Loaded RoutePredicateFactory [RemoteAddr]
2023-03-12 23:13:56.394  INFO DESKTOP-S8A3V6O --- [           main] o.s.c.g.r.RouteDefinitionRouteLocator    : Loaded RoutePredicateFactory [XForwardedRemoteAddr]
2023-03-12 23:13:56.394  INFO DESKTOP-S8A3V6O --- [           main] o.s.c.g.r.RouteDefinitionRouteLocator    : Loaded RoutePredicateFactory [Weight]
2023-03-12 23:13:56.394  INFO DESKTOP-S8A3V6O --- [           main] o.s.c.g.r.RouteDefinitionRouteLocator    : Loaded RoutePredicateFactory [CloudFoundryRouteService]
2023-03-12 23:13:56.788  INFO DESKTOP-S8A3V6O --- [           main] o.s.b.a.e.w.EndpointLinksResolver        : Exposing 1 endpoint(s) beneath base path '/actuator'
2023-03-12 23:13:57.102  INFO DESKTOP-S8A3V6O --- [           main] c.e.l.Lr1ApplicationTests                : Started Lr1ApplicationTests in 3.395 seconds (process running for 4.717)
2023-03-12 23:13:57.108  INFO DESKTOP-S8A3V6O --- [           main] c.e.l.Lr1Application                     : Info log
2023-03-12 23:13:57.108  WARN DESKTOP-S8A3V6O --- [           main] c.e.l.Lr1Application                     : Warning
2023-03-12 23:13:57.108 ERROR DESKTOP-S8A3V6O --- [           main] c.e.l.Lr1Application                     : Error 
2023-03-12 23:13:57.109 FATAL DESKTOP-S8A3V6O --- [           main] c.e.l.Lr1Application                     : Fatal error 
2023-03-12 23:14:24.100  INFO DESKTOP-S8A3V6O --- [           main] t.c.s.AnnotationConfigContextLoaderUtils : Could not detect default configuration classes for test class [com.example.lr1.Lr1ApplicationTests]: Lr1ApplicationTests does not declare any static, non-private, non-final, nested classes annotated with @Configuration.
2023-03-12 23:14:24.197  INFO DESKTOP-S8A3V6O --- [           main] .b.t.c.SpringBootTestContextBootstrapper : Found @SpringBootConfiguration com.example.lr1.Lr1Application for test class com.example.lr1.Lr1ApplicationTests
2023-03-12 23:14:24.640  INFO DESKTOP-S8A3V6O --- [kground-preinit] o.h.v.i.u.Version                        : HV000001: Hibernate Validator 8.0.0.Final
2023-03-12 23:14:24.700  INFO DESKTOP-S8A3V6O --- [           main] c.e.l.Lr1ApplicationTests                : Starting Lr1ApplicationTests using Java 19.0.2 with PID 16512 (started by Lenovo in D:\Work\javalabs\lr1)
2023-03-12 23:14:24.705  INFO DESKTOP-S8A3V6O --- [           main] c.e.l.Lr1ApplicationTests                : No active profile set, falling back to 1 default profile: "default"
2023-03-12 23:14:25.928  INFO DESKTOP-S8A3V6O --- [           main] o.s.c.c.s.GenericScope                   : BeanFactory id=7e192b4b-d5cf-30ec-aef8-4ac6fb0b06c0
2023-03-12 23:14:26.935  INFO DESKTOP-S8A3V6O --- [           main] o.s.c.g.r.RouteDefinitionRouteLocator    : Loaded RoutePredicateFactory [After]
2023-03-12 23:14:26.935  INFO DESKTOP-S8A3V6O --- [           main] o.s.c.g.r.RouteDefinitionRouteLocator    : Loaded RoutePredicateFactory [Before]
2023-03-12 23:14:26.935  INFO DESKTOP-S8A3V6O --- [           main] o.s.c.g.r.RouteDefinitionRouteLocator    : Loaded RoutePredicateFactory [Between]
2023-03-12 23:14:26.935  INFO DESKTOP-S8A3V6O --- [           main] o.s.c.g.r.RouteDefinitionRouteLocator    : Loaded RoutePredicateFactory [Cookie]
2023-03-12 23:14:26.935  INFO DESKTOP-S8A3V6O --- [           main] o.s.c.g.r.RouteDefinitionRouteLocator    : Loaded RoutePredicateFactory [Header]
2023-03-12 23:14:26.936  INFO DESKTOP-S8A3V6O --- [           main] o.s.c.g.r.RouteDefinitionRouteLocator    : Loaded RoutePredicateFactory [Host]
2023-03-12 23:14:26.936  INFO DESKTOP-S8A3V6O --- [           main] o.s.c.g.r.RouteDefinitionRouteLocator    : Loaded RoutePredicateFactory [Method]
2023-03-12 23:14:26.936  INFO DESKTOP-S8A3V6O --- [           main] o.s.c.g.r.RouteDefinitionRouteLocator    : Loaded RoutePredicateFactory [Path]
2023-03-12 23:14:26.936  INFO DESKTOP-S8A3V6O --- [           main] o.s.c.g.r.RouteDefinitionRouteLocator    : Loaded RoutePredicateFactory [Query]
2023-03-12 23:14:26.936  INFO DESKTOP-S8A3V6O --- [           main] o.s.c.g.r.RouteDefinitionRouteLocator    : Loaded RoutePredicateFactory [ReadBody]
2023-03-12 23:14:26.936  INFO DESKTOP-S8A3V6O --- [           main] o.s.c.g.r.RouteDefinitionRouteLocator    : Loaded RoutePredicateFactory [RemoteAddr]
2023-03-12 23:14:26.936  INFO DESKTOP-S8A3V6O --- [           main] o.s.c.g.r.RouteDefinitionRouteLocator    : Loaded RoutePredicateFactory [XForwardedRemoteAddr]
2023-03-12 23:14:26.936  INFO DESKTOP-S8A3V6O --- [           main] o.s.c.g.r.RouteDefinitionRouteLocator    : Loaded RoutePredicateFactory [Weight]
2023-03-12 23:14:26.936  INFO DESKTOP-S8A3V6O --- [           main] o.s.c.g.r.RouteDefinitionRouteLocator    : Loaded RoutePredicateFactory [CloudFoundryRouteService]
2023-03-12 23:14:27.344  INFO DESKTOP-S8A3V6O --- [           main] o.s.b.a.e.w.EndpointLinksResolver        : Exposing 1 endpoint(s) beneath base path '/actuator'
2023-03-12 23:14:27.666  INFO DESKTOP-S8A3V6O --- [           main] c.e.l.Lr1ApplicationTests                : Started Lr1ApplicationTests in 3.345 seconds (process running for 4.637)
2023-03-12 23:14:27.671  INFO DESKTOP-S8A3V6O --- [           main] c.e.l.Lr1Application                     : Info log
2023-03-12 23:14:27.672  WARN DESKTOP-S8A3V6O --- [           main] c.e.l.Lr1Application                     : Warning
2023-03-12 23:14:27.672 ERROR DESKTOP-S8A3V6O --- [           main] c.e.l.Lr1Application                     : Error 
2023-03-12 23:14:27.672 FATAL DESKTOP-S8A3V6O --- [           main] c.e.l.Lr1Application                     : Fatal error 
