2023-03-21 16:50:52.503  INFO DESKTOP-S8A3V6O --- [kground-preinit] o.h.v.i.u.Version                        : HV000001: Hibernate Validator 8.0.0.Final
2023-03-21 16:50:52.593  INFO DESKTOP-S8A3V6O --- [  restartedMain] c.e.l.Lr1Application                     : Starting Lr1Application using Java 19.0.2 with PID 16528 (D:\Work\javalabs\lr1\target\classes started by Lenovo in D:\Work\javalabs\lr1)
2023-03-21 16:50:52.598  INFO DESKTOP-S8A3V6O --- [  restartedMain] c.e.l.Lr1Application                     : No active profile set, falling back to 1 default profile: "default"
2023-03-21 16:50:52.672  INFO DESKTOP-S8A3V6O --- [  restartedMain] .e.DevToolsPropertyDefaultsPostProcessor : Devtools property defaults active! Set 'spring.devtools.add-properties' to 'false' to disable
2023-03-21 16:50:52.673  INFO DESKTOP-S8A3V6O --- [  restartedMain] .e.DevToolsPropertyDefaultsPostProcessor : For additional web related logging consider setting the 'logging.level.web' property to 'DEBUG'
2023-03-21 16:50:53.939  INFO DESKTOP-S8A3V6O --- [  restartedMain] o.s.c.c.s.GenericScope                   : BeanFactory id=6c6003bb-202c-3248-8362-7984829bc22e
2023-03-21 16:50:54.270  INFO DESKTOP-S8A3V6O --- [  restartedMain] o.s.b.w.e.t.TomcatWebServer              : Tomcat initialized with port(s): 8080 (http)
2023-03-21 16:50:54.283  INFO DESKTOP-S8A3V6O --- [  restartedMain] o.a.c.h.Http11NioProtocol                : Initializing ProtocolHandler ["http-nio-8080"]
2023-03-21 16:50:54.285  INFO DESKTOP-S8A3V6O --- [  restartedMain] o.a.c.c.StandardService                  : Starting service [Tomcat]
2023-03-21 16:50:54.286  INFO DESKTOP-S8A3V6O --- [  restartedMain] o.a.c.c.StandardEngine                   : Starting Servlet engine: [Apache Tomcat/10.1.5]
2023-03-21 16:50:54.419  WARN DESKTOP-S8A3V6O --- [  restartedMain] onfigReactiveWebServerApplicationContext : Exception encountered during context initialization - cancelling refresh attempt: org.springframework.beans.factory.UnsatisfiedDependencyException: Error creating bean with name 'numControl' defined in file [D:\Work\javalabs\lr1\target\classes\com\example\lr1\NumControl.class]: Unsatisfied dependency expressed through constructor parameter 0: No qualifying bean of type 'com.example.Cache' available: expected at least 1 bean which qualifies as autowire candidate. Dependency annotations: {}
2023-03-21 16:50:54.422  INFO DESKTOP-S8A3V6O --- [  restartedMain] o.a.c.c.StandardService                  : Stopping service [Tomcat]
2023-03-21 16:50:54.447  INFO DESKTOP-S8A3V6O --- [  restartedMain] .s.b.a.l.ConditionEvaluationReportLogger : 

Error starting ApplicationContext. To display the condition evaluation report re-run your application with 'debug' enabled.
2023-03-21 16:50:54.481 ERROR DESKTOP-S8A3V6O --- [  restartedMain] o.s.b.d.LoggingFailureAnalysisReporter   : 

***************************
APPLICATION FAILED TO START
***************************

Description:

Parameter 0 of constructor in com.example.lr1.NumControl required a bean of type 'com.example.Cache' that could not be found.


Action:

Consider defining a bean of type 'com.example.Cache' in your configuration.

2023-03-21 21:36:28.130  INFO DESKTOP-S8A3V6O --- [kground-preinit] o.h.v.i.u.Version                        : HV000001: Hibernate Validator 8.0.0.Final
2023-03-21 21:36:28.205  INFO DESKTOP-S8A3V6O --- [  restartedMain] c.e.l.Lr1Application                     : Starting Lr1Application using Java 19.0.2 with PID 15156 (D:\Work\javalabs\lr1\target\classes started by Lenovo in D:\Work\javalabs\lr1)
2023-03-21 21:36:28.211  INFO DESKTOP-S8A3V6O --- [  restartedMain] c.e.l.Lr1Application                     : No active profile set, falling back to 1 default profile: "default"
2023-03-21 21:36:28.272  INFO DESKTOP-S8A3V6O --- [  restartedMain] .e.DevToolsPropertyDefaultsPostProcessor : Devtools property defaults active! Set 'spring.devtools.add-properties' to 'false' to disable
2023-03-21 21:36:28.273  INFO DESKTOP-S8A3V6O --- [  restartedMain] .e.DevToolsPropertyDefaultsPostProcessor : For additional web related logging consider setting the 'logging.level.web' property to 'DEBUG'
2023-03-21 21:36:29.608  INFO DESKTOP-S8A3V6O --- [  restartedMain] o.s.c.c.s.GenericScope                   : BeanFactory id=6c6003bb-202c-3248-8362-7984829bc22e
2023-03-21 21:36:29.936  INFO DESKTOP-S8A3V6O --- [  restartedMain] o.s.b.w.e.t.TomcatWebServer              : Tomcat initialized with port(s): 8080 (http)
2023-03-21 21:36:29.950  INFO DESKTOP-S8A3V6O --- [  restartedMain] o.a.c.h.Http11NioProtocol                : Initializing ProtocolHandler ["http-nio-8080"]
2023-03-21 21:36:29.953  INFO DESKTOP-S8A3V6O --- [  restartedMain] o.a.c.c.StandardService                  : Starting service [Tomcat]
2023-03-21 21:36:29.954  INFO DESKTOP-S8A3V6O --- [  restartedMain] o.a.c.c.StandardEngine                   : Starting Servlet engine: [Apache Tomcat/10.1.5]
2023-03-21 21:36:30.081  WARN DESKTOP-S8A3V6O --- [  restartedMain] onfigReactiveWebServerApplicationContext : Exception encountered during context initialization - cancelling refresh attempt: org.springframework.beans.factory.UnsatisfiedDependencyException: Error creating bean with name 'numControl' defined in file [D:\Work\javalabs\lr1\target\classes\com\example\lr1\NumControl.class]: Unsatisfied dependency expressed through constructor parameter 0: No qualifying bean of type 'com.example.Cache' available: expected at least 1 bean which qualifies as autowire candidate. Dependency annotations: {}
2023-03-21 21:36:30.086  INFO DESKTOP-S8A3V6O --- [  restartedMain] o.a.c.c.StandardService                  : Stopping service [Tomcat]
2023-03-21 21:36:30.112  INFO DESKTOP-S8A3V6O --- [  restartedMain] .s.b.a.l.ConditionEvaluationReportLogger : 

Error starting ApplicationContext. To display the condition evaluation report re-run your application with 'debug' enabled.
2023-03-21 21:36:30.141 ERROR DESKTOP-S8A3V6O --- [  restartedMain] o.s.b.d.LoggingFailureAnalysisReporter   : 

***************************
APPLICATION FAILED TO START
***************************

Description:

Parameter 0 of constructor in com.example.lr1.NumControl required a bean of type 'com.example.Cache' that could not be found.


Action:

Consider defining a bean of type 'com.example.Cache' in your configuration.

2023-03-21 21:39:15.110  INFO DESKTOP-S8A3V6O --- [kground-preinit] o.h.v.i.u.Version                        : HV000001: Hibernate Validator 8.0.0.Final
2023-03-21 21:39:15.177  INFO DESKTOP-S8A3V6O --- [  restartedMain] c.e.l.Lr1Application                     : Starting Lr1Application using Java 19.0.2 with PID 13896 (D:\Work\javalabs\lr1\target\classes started by Lenovo in D:\Work\javalabs\lr1)
2023-03-21 21:39:15.182  INFO DESKTOP-S8A3V6O --- [  restartedMain] c.e.l.Lr1Application                     : No active profile set, falling back to 1 default profile: "default"
2023-03-21 21:39:15.243  INFO DESKTOP-S8A3V6O --- [  restartedMain] .e.DevToolsPropertyDefaultsPostProcessor : Devtools property defaults active! Set 'spring.devtools.add-properties' to 'false' to disable
2023-03-21 21:39:15.245  INFO DESKTOP-S8A3V6O --- [  restartedMain] .e.DevToolsPropertyDefaultsPostProcessor : For additional web related logging consider setting the 'logging.level.web' property to 'DEBUG'
2023-03-21 21:39:16.452  INFO DESKTOP-S8A3V6O --- [  restartedMain] o.s.c.c.s.GenericScope                   : BeanFactory id=6c6003bb-202c-3248-8362-7984829bc22e
2023-03-21 21:39:16.765  INFO DESKTOP-S8A3V6O --- [  restartedMain] o.s.b.w.e.t.TomcatWebServer              : Tomcat initialized with port(s): 8080 (http)
2023-03-21 21:39:16.778  INFO DESKTOP-S8A3V6O --- [  restartedMain] o.a.c.h.Http11NioProtocol                : Initializing ProtocolHandler ["http-nio-8080"]
2023-03-21 21:39:16.780  INFO DESKTOP-S8A3V6O --- [  restartedMain] o.a.c.c.StandardService                  : Starting service [Tomcat]
2023-03-21 21:39:16.781  INFO DESKTOP-S8A3V6O --- [  restartedMain] o.a.c.c.StandardEngine                   : Starting Servlet engine: [Apache Tomcat/10.1.5]
2023-03-21 21:39:16.885  WARN DESKTOP-S8A3V6O --- [  restartedMain] onfigReactiveWebServerApplicationContext : Exception encountered during context initialization - cancelling refresh attempt: org.springframework.beans.factory.UnsatisfiedDependencyException: Error creating bean with name 'numControl' defined in file [D:\Work\javalabs\lr1\target\classes\com\example\lr1\NumControl.class]: Unsatisfied dependency expressed through constructor parameter 0: No qualifying bean of type 'com.example.Cache' available: expected at least 1 bean which qualifies as autowire candidate. Dependency annotations: {}
2023-03-21 21:39:16.892  INFO DESKTOP-S8A3V6O --- [  restartedMain] o.a.c.c.StandardService                  : Stopping service [Tomcat]
2023-03-21 21:39:16.913  INFO DESKTOP-S8A3V6O --- [  restartedMain] .s.b.a.l.ConditionEvaluationReportLogger : 

Error starting ApplicationContext. To display the condition evaluation report re-run your application with 'debug' enabled.
2023-03-21 21:39:16.941 ERROR DESKTOP-S8A3V6O --- [  restartedMain] o.s.b.d.LoggingFailureAnalysisReporter   : 

***************************
APPLICATION FAILED TO START
***************************

Description:

Parameter 0 of constructor in com.example.lr1.NumControl required a bean of type 'com.example.Cache' that could not be found.


Action:

Consider defining a bean of type 'com.example.Cache' in your configuration.

2023-03-21 21:44:46.435  INFO DESKTOP-S8A3V6O --- [kground-preinit] o.h.v.i.u.Version                        : HV000001: Hibernate Validator 8.0.0.Final
2023-03-21 21:44:46.505  INFO DESKTOP-S8A3V6O --- [  restartedMain] c.e.l.Lr1Application                     : Starting Lr1Application using Java 19.0.2 with PID 15568 (D:\Work\javalabs\lr1\target\classes started by Lenovo in D:\Work\javalabs\lr1)
2023-03-21 21:44:46.510  INFO DESKTOP-S8A3V6O --- [  restartedMain] c.e.l.Lr1Application                     : No active profile set, falling back to 1 default profile: "default"
2023-03-21 21:44:46.567  INFO DESKTOP-S8A3V6O --- [  restartedMain] .e.DevToolsPropertyDefaultsPostProcessor : Devtools property defaults active! Set 'spring.devtools.add-properties' to 'false' to disable
2023-03-21 21:44:46.569  INFO DESKTOP-S8A3V6O --- [  restartedMain] .e.DevToolsPropertyDefaultsPostProcessor : For additional web related logging consider setting the 'logging.level.web' property to 'DEBUG'
2023-03-21 21:44:47.798  INFO DESKTOP-S8A3V6O --- [  restartedMain] o.s.c.c.s.GenericScope                   : BeanFactory id=6c6003bb-202c-3248-8362-7984829bc22e
2023-03-21 21:44:48.107  INFO DESKTOP-S8A3V6O --- [  restartedMain] o.s.b.w.e.t.TomcatWebServer              : Tomcat initialized with port(s): 8080 (http)
2023-03-21 21:44:48.118  INFO DESKTOP-S8A3V6O --- [  restartedMain] o.a.c.h.Http11NioProtocol                : Initializing ProtocolHandler ["http-nio-8080"]
2023-03-21 21:44:48.121  INFO DESKTOP-S8A3V6O --- [  restartedMain] o.a.c.c.StandardService                  : Starting service [Tomcat]
2023-03-21 21:44:48.122  INFO DESKTOP-S8A3V6O --- [  restartedMain] o.a.c.c.StandardEngine                   : Starting Servlet engine: [Apache Tomcat/10.1.5]
2023-03-21 21:44:48.231  WARN DESKTOP-S8A3V6O --- [  restartedMain] onfigReactiveWebServerApplicationContext : Exception encountered during context initialization - cancelling refresh attempt: org.springframework.beans.factory.UnsatisfiedDependencyException: Error creating bean with name 'numControl' defined in file [D:\Work\javalabs\lr1\target\classes\com\example\lr1\NumControl.class]: Unsatisfied dependency expressed through constructor parameter 0: No qualifying bean of type 'com.example.Cache<java.lang.Integer, java.util.Map<?, ?>>' available: expected at least 1 bean which qualifies as autowire candidate. Dependency annotations: {}
2023-03-21 21:44:48.235  INFO DESKTOP-S8A3V6O --- [  restartedMain] o.a.c.c.StandardService                  : Stopping service [Tomcat]
2023-03-21 21:44:48.255  INFO DESKTOP-S8A3V6O --- [  restartedMain] .s.b.a.l.ConditionEvaluationReportLogger : 

Error starting ApplicationContext. To display the condition evaluation report re-run your application with 'debug' enabled.
2023-03-21 21:44:48.289 ERROR DESKTOP-S8A3V6O --- [  restartedMain] o.s.b.d.LoggingFailureAnalysisReporter   : 

***************************
APPLICATION FAILED TO START
***************************

Description:

Parameter 0 of constructor in com.example.lr1.NumControl required a bean of type 'com.example.Cache' that could not be found.


Action:

Consider defining a bean of type 'com.example.Cache' in your configuration.

